#
# A fatal error has been detected by the Java Runtime Environment:
#
#  Internal Error (safepoint.cpp:860), pid=17087, tid=48163
#  fatal error: Illegal threadstate encountered: 4
#
# JRE version: Java(TM) SE Runtime Environment (10.0.2+13) (build 10.0.2+13)
# Java VM: Java HotSpot(TM) 64-Bit Server VM (10.0.2+13, mixed mode, tiered, compressed oops, g1 gc, bsd-amd64)
# No core dump will be written. Core dumps have been disabled. To enable core dumping, try "ulimit -c unlimited" before starting Java again
#
# If you would like to submit a bug report, please visit:
#   http://bugreport.java.com/bugreport/crash.jsp
# The crash happened outside the Java Virtual Machine in native code.
# See problematic frame for where to report the bug.
#

---------------  S U M M A R Y ------------

Command Line: -javaagent:/Applications/IntelliJ IDEA.app/Contents/lib/idea_rt.jar=54596:/Applications/IntelliJ IDEA.app/Contents/bin -Dfile.encoding=UTF-8 proj4TymkiwYuLoverude.Main

Host: MacBookPro18,3 x86_64 2400 MHz, 8 cores, 32G, Darwin 21.3.0
Time: Thu Mar  3 18:17:25 2022 EST elapsed time: 29 seconds (0d 0h 0m 29s)

---------------  T H R E A D  ---------------

Current thread (0x00007fcbe9a28800):  JavaThread "InvokeLaterDispatcher" daemon [_thread_in_native, id=48163, stack(0x000000030c5cf000,0x000000030c6cf000)]

Stack: [0x000000030c5cf000,0x000000030c6cf000],  sp=0x000000030c6cd320,  free space=1016k
Native frames: (J=compiled Java code, A=aot compiled Java code, j=interpreted, Vv=VM code, C=native code)
V  [libjvm.dylib+0x799cb1]  _ZN7VMError14report_and_dieEiPKcS1_P13__va_list_tagP6ThreadPhPvS7_S1_im+0x4df
V  [libjvm.dylib+0x79a374]  _ZN7VMError14report_and_dieEP6ThreadPKciS3_S3_P13__va_list_tag+0x4a
V  [libjvm.dylib+0x28bd01]  _Z12report_fatalPKciS0_z+0xc0
V  [libjvm.dylib+0x6af2fe]  _ZN20SafepointSynchronize5blockEP10JavaThread+0x172
V  [libjvm.dylib+0x747deb]  _ZN10JavaThread44check_safepoint_and_suspend_for_native_transEPS_+0xd5
V  [libjvm.dylib+0x765bdf]  _ZN21ThreadStateTransition22transition_from_nativeEP10JavaThread15JavaThreadState+0x3f
V  [libjvm.dylib+0x41130d]  jni_DeleteGlobalRef+0x46
C  [libglass.dylib+0x49a1]  -[GlassRunnable dealloc]+0x31
C  [libobjc.A.dylib+0x291ee]  _ZN11objc_object17sidetable_releaseEbb+0xe8
C  [Foundation+0x80eab]  -[_NSThreadPerformInfo dealloc]+0x2a
C  [libobjc.A.dylib+0x291ee]  _ZN11objc_object17sidetable_releaseEbb+0xe8
C  [Foundation+0x4dcd7]  -[NSObject(NSThreadPerformAdditions) performSelectorOnMainThread:withObject:waitUntilDone:]+0x7c
J 3165  com.sun.glass.ui.mac.MacApplication._submitForLaterInvocation(Ljava/lang/Runnable;)V javafx.graphics@10.0.2 (0 bytes) @ 0x000000012113e87c [0x000000012113e7c0+0x00000000000000bc]
J 3164 c1 com.sun.glass.ui.mac.MacApplication.submitForLaterInvocation(Ljava/lang/Runnable;)V javafx.graphics@10.0.2 (6 bytes) @ 0x000000011a0875b4 [0x000000011a087540+0x0000000000000074]
j  com.sun.glass.ui.InvokeLaterDispatcher.run()V+82 javafx.graphics@10.0.2
v  ~StubRoutines::call_stub
V  [libjvm.dylib+0x3d8c0e]  _ZN9JavaCalls11call_helperEP9JavaValueRK12methodHandleP17JavaCallArgumentsP6Thread+0x216
V  [libjvm.dylib+0x3d8222]  _ZN9JavaCalls12call_virtualEP9JavaValueP5KlassP6SymbolS5_P17JavaCallArgumentsP6Thread+0x12a
V  [libjvm.dylib+0x3d82e2]  _ZN9JavaCalls12call_virtualEP9JavaValue6HandleP5KlassP6SymbolS6_P6Thread+0x6a
V  [libjvm.dylib+0x454078]  _ZL12thread_entryP10JavaThreadP6Thread+0x77
V  [libjvm.dylib+0x74679c]  _ZN10JavaThread17thread_main_innerEv+0x86
V  [libjvm.dylib+0x633a5f]  _ZL19thread_native_entryP6Thread+0x12b
C  [libsystem_pthread.dylib+0x64f4]  _pthread_start+0x7d
C  [libsystem_pthread.dylib+0x200f]  thread_start+0xf
C  0x0000000000000000

Java frames: (J=compiled Java code, j=interpreted, Vv=VM code)
J 3165  com.sun.glass.ui.mac.MacApplication._submitForLaterInvocation(Ljava/lang/Runnable;)V javafx.graphics@10.0.2 (0 bytes) @ 0x000000012113e80c [0x000000012113e7c0+0x000000000000004c]
J 3164 c1 com.sun.glass.ui.mac.MacApplication.submitForLaterInvocation(Ljava/lang/Runnable;)V javafx.graphics@10.0.2 (6 bytes) @ 0x000000011a0875b4 [0x000000011a087540+0x0000000000000074]
j  com.sun.glass.ui.InvokeLaterDispatcher.run()V+82 javafx.graphics@10.0.2
v  ~StubRoutines::call_stub

---------------  P R O C E S S  ---------------

Threads class SMR info:
_java_thread_list=0x0000600000471e00, length=22, elements={
0x00007fcbda009000, 0x00007fcbd9115000, 0x00007fcbeb03a000, 0x00007fcbda014000,
0x00007fcbb9008800, 0x00007fcbda01b000, 0x00007fcbda01c000, 0x00007fcbda025000,
0x00007fcbda02e000, 0x00007fcba9018800, 0x00007fcbe9033000, 0x00007fcbeb03b800,
0x00007fcbda0d6000, 0x00007fcbd91eb800, 0x00007fcbe9a28800, 0x00007fcbe9a29800,
0x00007fcbeb1e6800, 0x00007fcbda3cd800, 0x00007fcbda3f0000, 0x00007fcb8a3ee000,
0x00007fcbd9523800, 0x00007fcb8a458800
}

Java Threads: ( => current thread )
  0x00007fcbda009000 JavaThread "main" [_thread_blocked, id=6659, stack(0x0000000309fca000,0x000000030a0ca000)]
  0x00007fcbd9115000 JavaThread "Reference Handler" daemon [_thread_blocked, id=24067, stack(0x000000030b60c000,0x000000030b70c000)]
  0x00007fcbeb03a000 JavaThread "Finalizer" daemon [_thread_blocked, id=40451, stack(0x000000030b70f000,0x000000030b80f000)]
  0x00007fcbda014000 JavaThread "Signal Dispatcher" daemon [_thread_blocked, id=38915, stack(0x000000030b9ab000,0x000000030baab000)]
  0x00007fcbb9008800 JavaThread "C2 CompilerThread0" daemon [_thread_blocked, id=38147, stack(0x000000030baae000,0x000000030bbae000)]
  0x00007fcbda01b000 JavaThread "C2 CompilerThread1" daemon [_thread_blocked, id=27907, stack(0x000000030bbb1000,0x000000030bcb1000)]
  0x00007fcbda01c000 JavaThread "C2 CompilerThread2" daemon [_thread_blocked, id=28419, stack(0x000000030bcb4000,0x000000030bdb4000)]
  0x00007fcbda025000 JavaThread "C1 CompilerThread3" daemon [_thread_blocked, id=28931, stack(0x000000030bdb7000,0x000000030beb7000)]
  0x00007fcbda02e000 JavaThread "Sweeper thread" daemon [_thread_blocked, id=29187, stack(0x000000030beba000,0x000000030bfba000)]
  0x00007fcba9018800 JavaThread "Common-Cleaner" daemon [_thread_blocked, id=34563, stack(0x000000030bfbd000,0x000000030c0bd000)]
  0x00007fcbe9033000 JavaThread "Monitor Ctrl-Break" daemon [_thread_in_native, id=30467, stack(0x000000030c0c0000,0x000000030c1c0000)]
  0x00007fcbeb03b800 JavaThread "Service Thread" daemon [_thread_blocked, id=31235, stack(0x000000030c1c3000,0x000000030c2c3000)]
  0x00007fcbda0d6000 JavaThread "QuantumRenderer-0" daemon [_thread_blocked, id=31747, stack(0x000000030c3c9000,0x000000030c4c9000)]
  0x00007fcbd91eb800 JavaThread "Attach Listener" daemon [_thread_blocked, id=81667, stack(0x000000030c4cc000,0x000000030c5cc000)]
=>0x00007fcbe9a28800 JavaThread "InvokeLaterDispatcher" daemon [_thread_in_native, id=48163, stack(0x000000030c5cf000,0x000000030c6cf000)]
  0x00007fcbe9a29800 JavaThread "JavaFX Application Thread" [_thread_in_native_trans, id=259, stack(0x0000000309747000,0x0000000309f47000)]
  0x00007fcbeb1e6800 JavaThread "Thread-2" daemon [_thread_in_native, id=74535, stack(0x000000030c75b000,0x000000030c7db000)]
  0x00007fcbda3cd800 JavaThread "JavaFX-Launcher" [_thread_blocked, id=62727, stack(0x000000030c8e7000,0x000000030c9e7000)]
  0x00007fcbda3f0000 JavaThread "Java2D Disposer" daemon [_thread_blocked, id=63239, stack(0x000000030c9ea000,0x000000030caea000)]
  0x00007fcb8a3ee000 JavaThread "Prism Font Disposer" daemon [_thread_blocked, id=88579, stack(0x000000030caed000,0x000000030cbed000)]
  0x00007fcbd9523800 JavaThread "Cleaner-0" daemon [_thread_blocked, id=167707, stack(0x000000030cbf0000,0x000000030ccf0000)]
  0x00007fcb8a458800 JavaThread "pool-2-thread-1" [_thread_blocked, id=4583, stack(0x000000030ccf3000,0x000000030cdf3000)]

Other Threads:
  0x00007fcbea010000 VMThread "VM Thread" [stack: 0x000000030b509000,0x000000030b609000] [id=22787]
  0x00007fcbea127000 WatcherThread [stack: 0x000000030c2c6000,0x000000030c3c6000] [id=33911]
  0x00007fcbeb00e800 GCTaskThread "GC Thread#0" [stack: 0x000000030a0cd000,0x000000030a1cd000] [id=20227]
  0x00007fcbeb00f800 GCTaskThread "GC Thread#1" [stack: 0x000000030a1d0000,0x000000030a2d0000] [id=19971]
  0x00007fcbeb010000 GCTaskThread "GC Thread#2" [stack: 0x000000030a2d3000,0x000000030a3d3000] [id=12803]
  0x00007fcbeb011000 GCTaskThread "GC Thread#3" [stack: 0x000000030a3d6000,0x000000030a4d6000] [id=19459]
  0x00007fcbeb011800 GCTaskThread "GC Thread#4" [stack: 0x000000030a4d9000,0x000000030a5d9000] [id=18947]
  0x00007fcbeb012800 GCTaskThread "GC Thread#5" [stack: 0x000000030a5dc000,0x000000030a6dc000] [id=18691]
  0x00007fcbeb013000 GCTaskThread "GC Thread#6" [stack: 0x000000030a6df000,0x000000030a7df000] [id=18435]
  0x00007fcbeb014000 GCTaskThread "GC Thread#7" [stack: 0x000000030a7e2000,0x000000030a8e2000] [id=13827]
  0x00007fcbeb034800 ConcurrentGCThread "G1 Main Marker" [stack: 0x000000030a8e5000,0x000000030a9e5000] [id=14083]
  0x00007fcbe9808800 ConcurrentGCThread "G1 Conc#0" [stack: 0x000000030a9e8000,0x000000030aae8000] [id=14851]
  0x00007fcbe9813000 ConcurrentGCThread "G1 Conc#1" [stack: 0x000000030aaeb000,0x000000030abeb000] [id=15107]
  0x00007fcbd910c800 ConcurrentGCThread "G1 Refine#0" [stack: 0x000000030abee000,0x000000030acee000] [id=15363]
  0x00007fcbe900f000 ConcurrentGCThread "G1 Refine#1" [stack: 0x000000030acf1000,0x000000030adf1000] [id=15619]
  0x00007fcbda00a000 ConcurrentGCThread "G1 Refine#2" [stack: 0x000000030adf4000,0x000000030aef4000] [id=16643]
  0x00007fcbe900f800 ConcurrentGCThread "G1 Refine#3" [stack: 0x000000030aef7000,0x000000030aff7000] [id=16131]
  0x00007fcbe9010800 ConcurrentGCThread "G1 Refine#4" [stack: 0x000000030affa000,0x000000030b0fa000] [id=21763]
  0x00007fcbe9011000 ConcurrentGCThread "G1 Refine#5" [stack: 0x000000030b0fd000,0x000000030b1fd000] [id=43011]
  0x00007fcbe9012000 ConcurrentGCThread "G1 Refine#6" [stack: 0x000000030b200000,0x000000030b300000] [id=22019]
  0x00007fcbda00a800 ConcurrentGCThread "G1 Refine#7" [stack: 0x000000030b303000,0x000000030b403000] [id=22275]
  0x00007fcbe9012800 ConcurrentGCThread "G1 Young RemSet Sampling" [stack: 0x000000030b406000,0x000000030b506000] [id=41987]

Threads with active compile tasks:

VM state:not at safepoint (normal execution)

VM Mutex/Monitor currently owned by a thread: None

Heap address: 0x00000005c0000000, size: 8192 MB, Compressed Oops mode: Zero based, Oop shift amount: 3
Narrow klass base: 0x0000000000000000, Narrow klass shift: 3
Compressed class space size: 1073741824 Address: 0x00000007c0000000

Heap:
 garbage-first heap   total 524288K, used 36776K [0x00000005c0000000, 0x00000007c0000000)
  region size 2048K, 16 young (32768K), 1 survivors (2048K)
 Metaspace       used 29867K, capacity 31300K, committed 31744K, reserved 1077248K
  class space    used 3910K, capacity 4542K, committed 4608K, reserved 1048576K
Heap Regions: E=young(eden), S=young(survivor), O=old, HS=humongous(starts), HC=humongous(continues), CS=collection set, F=free, A=archive, TS=gc time stamp, AC=allocation context, TAMS=top-at-mark-start (previous, next)
|   0|0x00000005c0000000, 0x00000005c0200000, 0x00000005c0200000|100%| O|  |TS  0|AC  0|TAMS 0x00000005c0200000, 0x00000005c0200000|
|   1|0x00000005c0200000, 0x00000005c0400000, 0x00000005c0400000|100%| O|  |TS  0|AC  0|TAMS 0x00000005c0400000, 0x00000005c0400000|
|   2|0x00000005c0400000, 0x00000005c054fc00, 0x00000005c0600000| 65%| O|  |TS  0|AC  0|TAMS 0x00000005c054fc00, 0x00000005c054fc00|
|   3|0x00000005c0600000, 0x00000005c0800000, 0x00000005c0800000|100%|HS|  |TS  0|AC  0|TAMS 0x00000005c0600000, 0x00000005c0600000|
|   4|0x00000005c0800000, 0x00000005c0800000, 0x00000005c0a00000|  0%| F|  |TS  0|AC  0|TAMS 0x00000005c0800000, 0x00000005c0800000|
|   5|0x00000005c0a00000, 0x00000005c0a00000, 0x00000005c0c00000|  0%| F|  |TS  0|AC  0|TAMS 0x00000005c0a00000, 0x00000005c0a00000|
|   6|0x00000005c0c00000, 0x00000005c0c00000, 0x00000005c0e00000|  0%| F|  |TS  0|AC  0|TAMS 0x00000005c0c00000, 0x00000005c0c00000|
|   7|0x00000005c0e00000, 0x00000005c0e00000, 0x00000005c1000000|  0%| F|  |TS  0|AC  0|TAMS 0x00000005c0e00000, 0x00000005c0e00000|
|   8|0x00000005c1000000, 0x00000005c1000000, 0x00000005c1200000|  0%| F|  |TS  0|AC  0|TAMS 0x00000005c1000000, 0x00000005c1000000|
|   9|0x00000005c1200000, 0x00000005c1200000, 0x00000005c1400000|  0%| F|  |TS  0|AC  0|TAMS 0x00000005c1200000, 0x00000005c1200000|
|  10|0x00000005c1400000, 0x00000005c1400000, 0x00000005c1600000|  0%| F|  |TS  0|AC  0|TAMS 0x00000005c1400000, 0x00000005c1400000|
|  11|0x00000005c1600000, 0x00000005c1600000, 0x00000005c1800000|  0%| F|  |TS  0|AC  0|TAMS 0x00000005c1600000, 0x00000005c1600000|
|  12|0x00000005c1800000, 0x00000005c1800000, 0x00000005c1a00000|  0%| F|  |TS  0|AC  0|TAMS 0x00000005c1800000, 0x00000005c1800000|
|  13|0x00000005c1a00000, 0x00000005c1a00000, 0x00000005c1c00000|  0%| F|  |TS  0|AC  0|TAMS 0x00000005c1a00000, 0x00000005c1a00000|
|  14|0x00000005c1c00000, 0x00000005c1c00000, 0x00000005c1e00000|  0%| F|  |TS  0|AC  0|TAMS 0x00000005c1c00000, 0x00000005c1c00000|
|  15|0x00000005c1e00000, 0x00000005c1e00000, 0x00000005c2000000|  0%| F|  |TS  0|AC  0|TAMS 0x00000005c1e00000, 0x00000005c1e00000|
|  16|0x00000005c2000000, 0x00000005c2000000, 0x00000005c2200000|  0%| F|  |TS  0|AC  0|TAMS 0x00000005c2000000, 0x00000005c2000000|
|  17|0x00000005c2200000, 0x00000005c2200000, 0x00000005c2400000|  0%| F|  |TS  0|AC  0|TAMS 0x00000005c2200000, 0x00000005c2200000|
|  18|0x00000005c2400000, 0x00000005c2400000, 0x00000005c2600000|  0%| F|  |TS  0|AC  0|TAMS 0x00000005c2400000, 0x00000005c2400000|
|  19|0x00000005c2600000, 0x00000005c2600000, 0x00000005c2800000|  0%| F|  |TS  0|AC  0|TAMS 0x00000005c2600000, 0x00000005c2600000|
|  20|0x00000005c2800000, 0x00000005c2800000, 0x00000005c2a00000|  0%| F|  |TS  0|AC  0|TAMS 0x00000005c2800000, 0x00000005c2800000|
|  21|0x00000005c2a00000, 0x00000005c2a00000, 0x00000005c2c00000|  0%| F|  |TS  0|AC  0|TAMS 0x00000005c2a00000, 0x00000005c2a00000|
|  22|0x00000005c2c00000, 0x00000005c2c00000, 0x00000005c2e00000|  0%| F|  |TS  0|AC  0|TAMS 0x00000005c2c00000, 0x00000005c2c00000|
|  23|0x00000005c2e00000, 0x00000005c2e00000, 0x00000005c3000000|  0%| F|  |TS  0|AC  0|TAMS 0x00000005c2e00000, 0x00000005c2e00000|
|  24|0x00000005c3000000, 0x00000005c3000000, 0x00000005c3200000|  0%| F|  |TS  0|AC  0|TAMS 0x00000005c3000000, 0x00000005c3000000|
|  25|0x00000005c3200000, 0x00000005c3200000, 0x00000005c3400000|  0%| F|  |TS  0|AC  0|TAMS 0x00000005c3200000, 0x00000005c3200000|
|  26|0x00000005c3400000, 0x00000005c3400000, 0x00000005c3600000|  0%| F|  |TS  0|AC  0|TAMS 0x00000005c3400000, 0x00000005c3400000|
|  27|0x00000005c3600000, 0x00000005c3600000, 0x00000005c3800000|  0%| F|  |TS  0|AC  0|TAMS 0x00000005c3600000, 0x00000005c3600000|
|  28|0x00000005c3800000, 0x00000005c3800000, 0x00000005c3a00000|  0%| F|  |TS  0|AC  0|TAMS 0x00000005c3800000, 0x00000005c3800000|
|  29|0x00000005c3a00000, 0x00000005c3a00000, 0x00000005c3c00000|  0%| F|  |TS  0|AC  0|TAMS 0x00000005c3a00000, 0x00000005c3a00000|
|  30|0x00000005c3c00000, 0x00000005c3c00000, 0x00000005c3e00000|  0%| F|  |TS  0|AC  0|TAMS 0x00000005c3c00000, 0x00000005c3c00000|
|  31|0x00000005c3e00000, 0x00000005c3e00000, 0x00000005c4000000|  0%| F|  |TS  0|AC  0|TAMS 0x00000005c3e00000, 0x00000005c3e00000|
|  32|0x00000005c4000000, 0x00000005c4000000, 0x00000005c4200000|  0%| F|  |TS  0|AC  0|TAMS 0x00000005c4000000, 0x00000005c4000000|
|  33|0x00000005c4200000, 0x00000005c4200000, 0x00000005c4400000|  0%| F|  |TS  0|AC  0|TAMS 0x00000005c4200000, 0x00000005c4200000|
|  34|0x00000005c4400000, 0x00000005c4400000, 0x00000005c4600000|  0%| F|  |TS  0|AC  0|TAMS 0x00000005c4400000, 0x00000005c4400000|
|  35|0x00000005c4600000, 0x00000005c4600000, 0x00000005c4800000|  0%| F|  |TS  0|AC  0|TAMS 0x00000005c4600000, 0x00000005c4600000|
|  36|0x00000005c4800000, 0x00000005c4800000, 0x00000005c4a00000|  0%| F|  |TS  0|AC  0|TAMS 0x00000005c4800000, 0x00000005c4800000|
|  37|0x00000005c4a00000, 0x00000005c4a00000, 0x00000005c4c00000|  0%| F|  |TS  0|AC  0|TAMS 0x00000005c4a00000, 0x00000005c4a00000|
|  38|0x00000005c4c00000, 0x00000005c4c00000, 0x00000005c4e00000|  0%| F|  |TS  0|AC  0|TAMS 0x00000005c4c00000, 0x00000005c4c00000|
|  39|0x00000005c4e00000, 0x00000005c4e00000, 0x00000005c5000000|  0%| F|  |TS  0|AC  0|TAMS 0x00000005c4e00000, 0x00000005c4e00000|
|  40|0x00000005c5000000, 0x00000005c5000000, 0x00000005c5200000|  0%| F|  |TS  0|AC  0|TAMS 0x00000005c5000000, 0x00000005c5000000|
|  41|0x00000005c5200000, 0x00000005c5200000, 0x00000005c5400000|  0%| F|  |TS  0|AC  0|TAMS 0x00000005c5200000, 0x00000005c5200000|
|  42|0x00000005c5400000, 0x00000005c5400000, 0x00000005c5600000|  0%| F|  |TS  0|AC  0|TAMS 0x00000005c5400000, 0x00000005c5400000|
|  43|0x00000005c5600000, 0x00000005c5600000, 0x00000005c5800000|  0%| F|  |TS  0|AC  0|TAMS 0x00000005c5600000, 0x00000005c5600000|
|  44|0x00000005c5800000, 0x00000005c5800000, 0x00000005c5a00000|  0%| F|  |TS  0|AC  0|TAMS 0x00000005c5800000, 0x00000005c5800000|
|  45|0x00000005c5a00000, 0x00000005c5a00000, 0x00000005c5c00000|  0%| F|  |TS  0|AC  0|TAMS 0x00000005c5a00000, 0x00000005c5a00000|
|  46|0x00000005c5c00000, 0x00000005c5c00000, 0x00000005c5e00000|  0%| F|  |TS  0|AC  0|TAMS 0x00000005c5c00000, 0x00000005c5c00000|
|  47|0x00000005c5e00000, 0x00000005c5e00000, 0x00000005c6000000|  0%| F|  |TS  0|AC  0|TAMS 0x00000005c5e00000, 0x00000005c5e00000|
|  48|0x00000005c6000000, 0x00000005c6000000, 0x00000005c6200000|  0%| F|  |TS  0|AC  0|TAMS 0x00000005c6000000, 0x00000005c6000000|
|  49|0x00000005c6200000, 0x00000005c6200000, 0x00000005c6400000|  0%| F|  |TS  0|AC  0|TAMS 0x00000005c6200000, 0x00000005c6200000|
|  50|0x00000005c6400000, 0x00000005c6400000, 0x00000005c6600000|  0%| F|  |TS  0|AC  0|TAMS 0x00000005c6400000, 0x00000005c6400000|
|  51|0x00000005c6600000, 0x00000005c6600000, 0x00000005c6800000|  0%| F|  |TS  0|AC  0|TAMS 0x00000005c6600000, 0x00000005c6600000|
|  52|0x00000005c6800000, 0x00000005c6800000, 0x00000005c6a00000|  0%| F|  |TS  0|AC  0|TAMS 0x00000005c6800000, 0x00000005c6800000|
|  53|0x00000005c6a00000, 0x00000005c6a00000, 0x00000005c6c00000|  0%| F|  |TS  0|AC  0|TAMS 0x00000005c6a00000, 0x00000005c6a00000|
|  54|0x00000005c6c00000, 0x00000005c6c00000, 0x00000005c6e00000|  0%| F|  |TS  0|AC  0|TAMS 0x00000005c6c00000, 0x00000005c6c00000|
|  55|0x00000005c6e00000, 0x00000005c6e00000, 0x00000005c7000000|  0%| F|  |TS  0|AC  0|TAMS 0x00000005c6e00000, 0x00000005c6e00000|
|  56|0x00000005c7000000, 0x00000005c7000000, 0x00000005c7200000|  0%| F|  |TS  0|AC  0|TAMS 0x00000005c7000000, 0x00000005c7000000|
|  57|0x00000005c7200000, 0x00000005c7200000, 0x00000005c7400000|  0%| F|  |TS  0|AC  0|TAMS 0x00000005c7200000, 0x00000005c7200000|
|  58|0x00000005c7400000, 0x00000005c7400000, 0x00000005c7600000|  0%| F|  |TS  0|AC  0|TAMS 0x00000005c7400000, 0x00000005c7400000|
|  59|0x00000005c7600000, 0x00000005c7600000, 0x00000005c7800000|  0%| F|  |TS  0|AC  0|TAMS 0x00000005c7600000, 0x00000005c7600000|
|  60|0x00000005c7800000, 0x00000005c7800000, 0x00000005c7a00000|  0%| F|  |TS  0|AC  0|TAMS 0x00000005c7800000, 0x00000005c7800000|
|  61|0x00000005c7a00000, 0x00000005c7a00000, 0x00000005c7c00000|  0%| F|  |TS  0|AC  0|TAMS 0x00000005c7a00000, 0x00000005c7a00000|
|  62|0x00000005c7c00000, 0x00000005c7c00000, 0x00000005c7e00000|  0%| F|  |TS  0|AC  0|TAMS 0x00000005c7c00000, 0x00000005c7c00000|
|  63|0x00000005c7e00000, 0x00000005c7e00000, 0x00000005c8000000|  0%| F|  |TS  0|AC  0|TAMS 0x00000005c7e00000, 0x00000005c7e00000|
|  64|0x00000005c8000000, 0x00000005c8000000, 0x00000005c8200000|  0%| F|  |TS  0|AC  0|TAMS 0x00000005c8000000, 0x00000005c8000000|
|  65|0x00000005c8200000, 0x00000005c8200000, 0x00000005c8400000|  0%| F|  |TS  0|AC  0|TAMS 0x00000005c8200000, 0x00000005c8200000|
|  66|0x00000005c8400000, 0x00000005c8400000, 0x00000005c8600000|  0%| F|  |TS  0|AC  0|TAMS 0x00000005c8400000, 0x00000005c8400000|
|  67|0x00000005c8600000, 0x00000005c8600000, 0x00000005c8800000|  0%| F|  |TS  0|AC  0|TAMS 0x00000005c8600000, 0x00000005c8600000|
|  68|0x00000005c8800000, 0x00000005c8800000, 0x00000005c8a00000|  0%| F|  |TS  0|AC  0|TAMS 0x00000005c8800000, 0x00000005c8800000|
|  69|0x00000005c8a00000, 0x00000005c8a00000, 0x00000005c8c00000|  0%| F|  |TS  0|AC  0|TAMS 0x00000005c8a00000, 0x00000005c8a00000|
|  70|0x00000005c8c00000, 0x00000005c8c00000, 0x00000005c8e00000|  0%| F|  |TS  0|AC  0|TAMS 0x00000005c8c00000, 0x00000005c8c00000|
|  71|0x00000005c8e00000, 0x00000005c8e00000, 0x00000005c9000000|  0%| F|  |TS  0|AC  0|TAMS 0x00000005c8e00000, 0x00000005c8e00000|
|  72|0x00000005c9000000, 0x00000005c9000000, 0x00000005c9200000|  0%| F|  |TS  0|AC  0|TAMS 0x00000005c9000000, 0x00000005c9000000|
|  73|0x00000005c9200000, 0x00000005c9200000, 0x00000005c9400000|  0%| F|  |TS  0|AC  0|TAMS 0x00000005c9200000, 0x00000005c9200000|
|  74|0x00000005c9400000, 0x00000005c9400000, 0x00000005c9600000|  0%| F|  |TS  0|AC  0|TAMS 0x00000005c9400000, 0x00000005c9400000|
|  75|0x00000005c9600000, 0x00000005c9600000, 0x00000005c9800000|  0%| F|  |TS  0|AC  0|TAMS 0x00000005c9600000, 0x00000005c9600000|
|  76|0x00000005c9800000, 0x00000005c9800000, 0x00000005c9a00000|  0%| F|  |TS  0|AC  0|TAMS 0x00000005c9800000, 0x00000005c9800000|
|  77|0x00000005c9a00000, 0x00000005c9a00000, 0x00000005c9c00000|  0%| F|  |TS  0|AC  0|TAMS 0x00000005c9a00000, 0x00000005c9a00000|
|  78|0x00000005c9c00000, 0x00000005c9c00000, 0x00000005c9e00000|  0%| F|  |TS  0|AC  0|TAMS 0x00000005c9c00000, 0x00000005c9c00000|
|  79|0x00000005c9e00000, 0x00000005c9e00000, 0x00000005ca000000|  0%| F|  |TS  0|AC  0|TAMS 0x00000005c9e00000, 0x00000005c9e00000|
|  80|0x00000005ca000000, 0x00000005ca000000, 0x00000005ca200000|  0%| F|  |TS  0|AC  0|TAMS 0x00000005ca000000, 0x00000005ca000000|
|  81|0x00000005ca200000, 0x00000005ca200000, 0x00000005ca400000|  0%| F|  |TS  0|AC  0|TAMS 0x00000005ca200000, 0x00000005ca200000|
|  82|0x00000005ca400000, 0x00000005ca400000, 0x00000005ca600000|  0%| F|  |TS  0|AC  0|TAMS 0x00000005ca400000, 0x00000005ca400000|
|  83|0x00000005ca600000, 0x00000005ca600000, 0x00000005ca800000|  0%| F|  |TS  0|AC  0|TAMS 0x00000005ca600000, 0x00000005ca600000|
|  84|0x00000005ca800000, 0x00000005ca800000, 0x00000005caa00000|  0%| F|  |TS  0|AC  0|TAMS 0x00000005ca800000, 0x00000005ca800000|
|  85|0x00000005caa00000, 0x00000005caa00000, 0x00000005cac00000|  0%| F|  |TS  0|AC  0|TAMS 0x00000005caa00000, 0x00000005caa00000|
|  86|0x00000005cac00000, 0x00000005cac00000, 0x00000005cae00000|  0%| F|  |TS  0|AC  0|TAMS 0x00000005cac00000, 0x00000005cac00000|
|  87|0x00000005cae00000, 0x00000005cae00000, 0x00000005cb000000|  0%| F|  |TS  0|AC  0|TAMS 0x00000005cae00000, 0x00000005cae00000|
|  88|0x00000005cb000000, 0x00000005cb000000, 0x00000005cb200000|  0%| F|  |TS  0|AC  0|TAMS 0x00000005cb000000, 0x00000005cb000000|
|  89|0x00000005cb200000, 0x00000005cb200000, 0x00000005cb400000|  0%| F|  |TS  0|AC  0|TAMS 0x00000005cb200000, 0x00000005cb200000|
|  90|0x00000005cb400000, 0x00000005cb400000, 0x00000005cb600000|  0%| F|  |TS  0|AC  0|TAMS 0x00000005cb400000, 0x00000005cb400000|
|  91|0x00000005cb600000, 0x00000005cb600000, 0x00000005cb800000|  0%| F|  |TS  0|AC  0|TAMS 0x00000005cb600000, 0x00000005cb600000|
|  92|0x00000005cb800000, 0x00000005cb800000, 0x00000005cba00000|  0%| F|  |TS  0|AC  0|TAMS 0x00000005cb800000, 0x00000005cb800000|
|  93|0x00000005cba00000, 0x00000005cba00000, 0x00000005cbc00000|  0%| F|  |TS  0|AC  0|TAMS 0x00000005cba00000, 0x00000005cba00000|
|  94|0x00000005cbc00000, 0x00000005cbc00000, 0x00000005cbe00000|  0%| F|  |TS  0|AC  0|TAMS 0x00000005cbc00000, 0x00000005cbc00000|
|  95|0x00000005cbe00000, 0x00000005cbe00000, 0x00000005cc000000|  0%| F|  |TS  0|AC  0|TAMS 0x00000005cbe00000, 0x00000005cbe00000|
|  96|0x00000005cc000000, 0x00000005cc000000, 0x00000005cc200000|  0%| F|  |TS  0|AC  0|TAMS 0x00000005cc000000, 0x00000005cc000000|
|  97|0x00000005cc200000, 0x00000005cc200000, 0x00000005cc400000|  0%| F|  |TS  0|AC  0|TAMS 0x00000005cc200000, 0x00000005cc200000|
|  98|0x00000005cc400000, 0x00000005cc400000, 0x00000005cc600000|  0%| F|  |TS  0|AC  0|TAMS 0x00000005cc400000, 0x00000005cc400000|
|  99|0x00000005cc600000, 0x00000005cc600000, 0x00000005cc800000|  0%| F|  |TS  0|AC  0|TAMS 0x00000005cc600000, 0x00000005cc600000|
| 100|0x00000005cc800000, 0x00000005cc800000, 0x00000005cca00000|  0%| F|  |TS  0|AC  0|TAMS 0x00000005cc800000, 0x00000005cc800000|
| 101|0x00000005cca00000, 0x00000005cca00000, 0x00000005ccc00000|  0%| F|  |TS  0|AC  0|TAMS 0x00000005cca00000, 0x00000005cca00000|
| 102|0x00000005ccc00000, 0x00000005ccc00000, 0x00000005cce00000|  0%| F|  |TS  0|AC  0|TAMS 0x00000005ccc00000, 0x00000005ccc00000|
| 103|0x00000005cce00000, 0x00000005cce00000, 0x00000005cd000000|  0%| F|  |TS  0|AC  0|TAMS 0x00000005cce00000, 0x00000005cce00000|
| 104|0x00000005cd000000, 0x00000005cd000000, 0x00000005cd200000|  0%| F|  |TS  0|AC  0|TAMS 0x00000005cd000000, 0x00000005cd000000|
| 105|0x00000005cd200000, 0x00000005cd200000, 0x00000005cd400000|  0%| F|  |TS  0|AC  0|TAMS 0x00000005cd200000, 0x00000005cd200000|
| 106|0x00000005cd400000, 0x00000005cd400000, 0x00000005cd600000|  0%| F|  |TS  0|AC  0|TAMS 0x00000005cd400000, 0x00000005cd400000|
| 107|0x00000005cd600000, 0x00000005cd600000, 0x00000005cd800000|  0%| F|  |TS  0|AC  0|TAMS 0x00000005cd600000, 0x00000005cd600000|
| 108|0x00000005cd800000, 0x00000005cd800000, 0x00000005cda00000|  0%| F|  |TS  0|AC  0|TAMS 0x00000005cd800000, 0x00000005cd800000|
| 109|0x00000005cda00000, 0x00000005cda00000, 0x00000005cdc00000|  0%| F|  |TS  0|AC  0|TAMS 0x00000005cda00000, 0x00000005cda00000|
| 110|0x00000005cdc00000, 0x00000005cdc00000, 0x00000005cde00000|  0%| F|  |TS  0|AC  0|TAMS 0x00000005cdc00000, 0x00000005cdc00000|
| 111|0x00000005cde00000, 0x00000005cde00000, 0x00000005ce000000|  0%| F|  |TS  0|AC  0|TAMS 0x00000005cde00000, 0x00000005cde00000|
| 112|0x00000005ce000000, 0x00000005ce000000, 0x00000005ce200000|  0%| F|  |TS  0|AC  0|TAMS 0x00000005ce000000, 0x00000005ce000000|
| 113|0x00000005ce200000, 0x00000005ce200000, 0x00000005ce400000|  0%| F|  |TS  0|AC  0|TAMS 0x00000005ce200000, 0x00000005ce200000|
| 114|0x00000005ce400000, 0x00000005ce400000, 0x00000005ce600000|  0%| F|  |TS  0|AC  0|TAMS 0x00000005ce400000, 0x00000005ce400000|
| 115|0x00000005ce600000, 0x00000005ce600000, 0x00000005ce800000|  0%| F|  |TS  0|AC  0|TAMS 0x00000005ce600000, 0x00000005ce600000|
| 116|0x00000005ce800000, 0x00000005ce800000, 0x00000005cea00000|  0%| F|  |TS  0|AC  0|TAMS 0x00000005ce800000, 0x00000005ce800000|
| 117|0x00000005cea00000, 0x00000005cea00000, 0x00000005cec00000|  0%| F|  |TS  0|AC  0|TAMS 0x00000005cea00000, 0x00000005cea00000|
| 118|0x00000005cec00000, 0x00000005cec00000, 0x00000005cee00000|  0%| F|  |TS  0|AC  0|TAMS 0x00000005cec00000, 0x00000005cec00000|
| 119|0x00000005cee00000, 0x00000005cee00000, 0x00000005cf000000|  0%| F|  |TS  0|AC  0|TAMS 0x00000005cee00000, 0x00000005cee00000|
| 120|0x00000005cf000000, 0x00000005cf000000, 0x00000005cf200000|  0%| F|  |TS  0|AC  0|TAMS 0x00000005cf000000, 0x00000005cf000000|
| 121|0x00000005cf200000, 0x00000005cf200000, 0x00000005cf400000|  0%| F|  |TS  0|AC  0|TAMS 0x00000005cf200000, 0x00000005cf200000|
| 122|0x00000005cf400000, 0x00000005cf400000, 0x00000005cf600000|  0%| F|  |TS  0|AC  0|TAMS 0x00000005cf400000, 0x00000005cf400000|
| 123|0x00000005cf600000, 0x00000005cf600000, 0x00000005cf800000|  0%| F|  |TS  0|AC  0|TAMS 0x00000005cf600000, 0x00000005cf600000|
| 124|0x00000005cf800000, 0x00000005cf800000, 0x00000005cfa00000|  0%| F|  |TS  0|AC  0|TAMS 0x00000005cf800000, 0x00000005cf800000|
| 125|0x00000005cfa00000, 0x00000005cfa00000, 0x00000005cfc00000|  0%| F|  |TS  0|AC  0|TAMS 0x00000005cfa00000, 0x00000005cfa00000|
| 126|0x00000005cfc00000, 0x00000005cfc00000, 0x00000005cfe00000|  0%| F|  |TS  0|AC  0|TAMS 0x00000005cfc00000, 0x00000005cfc00000|
| 127|0x00000005cfe00000, 0x00000005cfe00000, 0x00000005d0000000|  0%| F|  |TS  0|AC  0|TAMS 0x00000005cfe00000, 0x00000005cfe00000|
| 128|0x00000005d0000000, 0x00000005d0000000, 0x00000005d0200000|  0%| F|  |TS  0|AC  0|TAMS 0x00000005d0000000, 0x00000005d0000000|
| 129|0x00000005d0200000, 0x00000005d0200000, 0x00000005d0400000|  0%| F|  |TS  0|AC  0|TAMS 0x00000005d0200000, 0x00000005d0200000|
| 130|0x00000005d0400000, 0x00000005d0400000, 0x00000005d0600000|  0%| F|  |TS  0|AC  0|TAMS 0x00000005d0400000, 0x00000005d0400000|
| 131|0x00000005d0600000, 0x00000005d0600000, 0x00000005d0800000|  0%| F|  |TS  0|AC  0|TAMS 0x00000005d0600000, 0x00000005d0600000|
| 132|0x00000005d0800000, 0x00000005d0800000, 0x00000005d0a00000|  0%| F|  |TS  0|AC  0|TAMS 0x00000005d0800000, 0x00000005d0800000|
| 133|0x00000005d0a00000, 0x00000005d0a00000, 0x00000005d0c00000|  0%| F|  |TS  0|AC  0|TAMS 0x00000005d0a00000, 0x00000005d0a00000|
| 134|0x00000005d0c00000, 0x00000005d0c00000, 0x00000005d0e00000|  0%| F|  |TS  0|AC  0|TAMS 0x00000005d0c00000, 0x00000005d0c00000|
| 135|0x00000005d0e00000, 0x00000005d0e00000, 0x00000005d1000000|  0%| F|  |TS  0|AC  0|TAMS 0x00000005d0e00000, 0x00000005d0e00000|
| 136|0x00000005d1000000, 0x00000005d1000000, 0x00000005d1200000|  0%| F|  |TS  0|AC  0|TAMS 0x00000005d1000000, 0x00000005d1000000|
| 137|0x00000005d1200000, 0x00000005d1200000, 0x00000005d1400000|  0%| F|  |TS  0|AC  0|TAMS 0x00000005d1200000, 0x00000005d1200000|
| 138|0x00000005d1400000, 0x00000005d1400000, 0x00000005d1600000|  0%| F|  |TS  0|AC  0|TAMS 0x00000005d1400000, 0x00000005d1400000|
| 139|0x00000005d1600000, 0x00000005d1600000, 0x00000005d1800000|  0%| F|  |TS  0|AC  0|TAMS 0x00000005d1600000, 0x00000005d1600000|
| 140|0x00000005d1800000, 0x00000005d1800000, 0x00000005d1a00000|  0%| F|  |TS  0|AC  0|TAMS 0x00000005d1800000, 0x00000005d1800000|
| 141|0x00000005d1a00000, 0x00000005d1a00000, 0x00000005d1c00000|  0%| F|  |TS  0|AC  0|TAMS 0x00000005d1a00000, 0x00000005d1a00000|
| 142|0x00000005d1c00000, 0x00000005d1c00000, 0x00000005d1e00000|  0%| F|  |TS  0|AC  0|TAMS 0x00000005d1c00000, 0x00000005d1c00000|
| 143|0x00000005d1e00000, 0x00000005d1e00000, 0x00000005d2000000|  0%| F|  |TS  0|AC  0|TAMS 0x00000005d1e00000, 0x00000005d1e00000|
| 144|0x00000005d2000000, 0x00000005d2000000, 0x00000005d2200000|  0%| F|  |TS  0|AC  0|TAMS 0x00000005d2000000, 0x00000005d2000000|
| 145|0x00000005d2200000, 0x00000005d2200000, 0x00000005d2400000|  0%| F|  |TS  0|AC  0|TAMS 0x00000005d2200000, 0x00000005d2200000|
| 146|0x00000005d2400000, 0x00000005d2400000, 0x00000005d2600000|  0%| F|  |TS  0|AC  0|TAMS 0x00000005d2400000, 0x00000005d2400000|
| 147|0x00000005d2600000, 0x00000005d2600000, 0x00000005d2800000|  0%| F|  |TS  0|AC  0|TAMS 0x00000005d2600000, 0x00000005d2600000|
| 148|0x00000005d2800000, 0x00000005d2800000, 0x00000005d2a00000|  0%| F|  |TS  0|AC  0|TAMS 0x00000005d2800000, 0x00000005d2800000|
| 149|0x00000005d2a00000, 0x00000005d2a00000, 0x00000005d2c00000|  0%| F|  |TS  0|AC  0|TAMS 0x00000005d2a00000, 0x00000005d2a00000|
| 150|0x00000005d2c00000, 0x00000005d2c00000, 0x00000005d2e00000|  0%| F|  |TS  0|AC  0|TAMS 0x00000005d2c00000, 0x00000005d2c00000|
| 151|0x00000005d2e00000, 0x00000005d2e00000, 0x00000005d3000000|  0%| F|  |TS  0|AC  0|TAMS 0x00000005d2e00000, 0x00000005d2e00000|
| 152|0x00000005d3000000, 0x00000005d3000000, 0x00000005d3200000|  0%| F|  |TS  0|AC  0|TAMS 0x00000005d3000000, 0x00000005d3000000|
| 153|0x00000005d3200000, 0x00000005d3200000, 0x00000005d3400000|  0%| F|  |TS  0|AC  0|TAMS 0x00000005d3200000, 0x00000005d3200000|
| 154|0x00000005d3400000, 0x00000005d3400000, 0x00000005d3600000|  0%| F|  |TS  0|AC  0|TAMS 0x00000005d3400000, 0x00000005d3400000|
| 155|0x00000005d3600000, 0x00000005d3600000, 0x00000005d3800000|  0%| F|  |TS  0|AC  0|TAMS 0x00000005d3600000, 0x00000005d3600000|
| 156|0x00000005d3800000, 0x00000005d3800000, 0x00000005d3a00000|  0%| F|  |TS  0|AC  0|TAMS 0x00000005d3800000, 0x00000005d3800000|
| 157|0x00000005d3a00000, 0x00000005d3a00000, 0x00000005d3c00000|  0%| F|  |TS  0|AC  0|TAMS 0x00000005d3a00000, 0x00000005d3a00000|
| 158|0x00000005d3c00000, 0x00000005d3c00000, 0x00000005d3e00000|  0%| F|  |TS  0|AC  0|TAMS 0x00000005d3c00000, 0x00000005d3c00000|
| 159|0x00000005d3e00000, 0x00000005d3e00000, 0x00000005d4000000|  0%| F|  |TS  0|AC  0|TAMS 0x00000005d3e00000, 0x00000005d3e00000|
| 160|0x00000005d4000000, 0x00000005d4000000, 0x00000005d4200000|  0%| F|  |TS  0|AC  0|TAMS 0x00000005d4000000, 0x00000005d4000000|
| 161|0x00000005d4200000, 0x00000005d4200000, 0x00000005d4400000|  0%| F|  |TS  0|AC  0|TAMS 0x00000005d4200000, 0x00000005d4200000|
| 162|0x00000005d4400000, 0x00000005d4400000, 0x00000005d4600000|  0%| F|  |TS  0|AC  0|TAMS 0x00000005d4400000, 0x00000005d4400000|
| 163|0x00000005d4600000, 0x00000005d4600000, 0x00000005d4800000|  0%| F|  |TS  0|AC  0|TAMS 0x00000005d4600000, 0x00000005d4600000|
| 164|0x00000005d4800000, 0x00000005d4800000, 0x00000005d4a00000|  0%| F|  |TS  0|AC  0|TAMS 0x00000005d4800000, 0x00000005d4800000|
| 165|0x00000005d4a00000, 0x00000005d4a00000, 0x00000005d4c00000|  0%| F|  |TS  0|AC  0|TAMS 0x00000005d4a00000, 0x00000005d4a00000|
| 166|0x00000005d4c00000, 0x00000005d4c00000, 0x00000005d4e00000|  0%| F|  |TS  0|AC  0|TAMS 0x00000005d4c00000, 0x00000005d4c00000|
| 167|0x00000005d4e00000, 0x00000005d4e00000, 0x00000005d5000000|  0%| F|  |TS  0|AC  0|TAMS 0x00000005d4e00000, 0x00000005d4e00000|
| 168|0x00000005d5000000, 0x00000005d5000000, 0x00000005d5200000|  0%| F|  |TS  0|AC  0|TAMS 0x00000005d5000000, 0x00000005d5000000|
| 169|0x00000005d5200000, 0x00000005d5200000, 0x00000005d5400000|  0%| F|  |TS  0|AC  0|TAMS 0x00000005d5200000, 0x00000005d5200000|
| 170|0x00000005d5400000, 0x00000005d5400000, 0x00000005d5600000|  0%| F|  |TS  0|AC  0|TAMS 0x00000005d5400000, 0x00000005d5400000|
| 171|0x00000005d5600000, 0x00000005d5600000, 0x00000005d5800000|  0%| F|  |TS  0|AC  0|TAMS 0x00000005d5600000, 0x00000005d5600000|
| 172|0x00000005d5800000, 0x00000005d5800000, 0x00000005d5a00000|  0%| F|  |TS  0|AC  0|TAMS 0x00000005d5800000, 0x00000005d5800000|
| 173|0x00000005d5a00000, 0x00000005d5a00000, 0x00000005d5c00000|  0%| F|  |TS  0|AC  0|TAMS 0x00000005d5a00000, 0x00000005d5a00000|
| 174|0x00000005d5c00000, 0x00000005d5c00000, 0x00000005d5e00000|  0%| F|  |TS  0|AC  0|TAMS 0x00000005d5c00000, 0x00000005d5c00000|
| 175|0x00000005d5e00000, 0x00000005d5e00000, 0x00000005d6000000|  0%| F|  |TS  0|AC  0|TAMS 0x00000005d5e00000, 0x00000005d5e00000|
| 176|0x00000005d6000000, 0x00000005d6000000, 0x00000005d6200000|  0%| F|  |TS  0|AC  0|TAMS 0x00000005d6000000, 0x00000005d6000000|
| 177|0x00000005d6200000, 0x00000005d6200000, 0x00000005d6400000|  0%| F|  |TS  0|AC  0|TAMS 0x00000005d6200000, 0x00000005d6200000|
| 178|0x00000005d6400000, 0x00000005d6400000, 0x00000005d6600000|  0%| F|  |TS  0|AC  0|TAMS 0x00000005d6400000, 0x00000005d6400000|
| 179|0x00000005d6600000, 0x00000005d6600000, 0x00000005d6800000|  0%| F|  |TS  0|AC  0|TAMS 0x00000005d6600000, 0x00000005d6600000|
| 180|0x00000005d6800000, 0x00000005d6800000, 0x00000005d6a00000|  0%| F|  |TS  0|AC  0|TAMS 0x00000005d6800000, 0x00000005d6800000|
| 181|0x00000005d6a00000, 0x00000005d6a00000, 0x00000005d6c00000|  0%| F|  |TS  0|AC  0|TAMS 0x00000005d6a00000, 0x00000005d6a00000|
| 182|0x00000005d6c00000, 0x00000005d6c00000, 0x00000005d6e00000|  0%| F|  |TS  0|AC  0|TAMS 0x00000005d6c00000, 0x00000005d6c00000|
| 183|0x00000005d6e00000, 0x00000005d6e00000, 0x00000005d7000000|  0%| F|  |TS  0|AC  0|TAMS 0x00000005d6e00000, 0x00000005d6e00000|
| 184|0x00000005d7000000, 0x00000005d7000000, 0x00000005d7200000|  0%| F|  |TS  0|AC  0|TAMS 0x00000005d7000000, 0x00000005d7000000|
| 185|0x00000005d7200000, 0x00000005d7200000, 0x00000005d7400000|  0%| F|  |TS  0|AC  0|TAMS 0x00000005d7200000, 0x00000005d7200000|
| 186|0x00000005d7400000, 0x00000005d7400000, 0x00000005d7600000|  0%| F|  |TS  0|AC  0|TAMS 0x00000005d7400000, 0x00000005d7400000|
| 187|0x00000005d7600000, 0x00000005d7600000, 0x00000005d7800000|  0%| F|  |TS  0|AC  0|TAMS 0x00000005d7600000, 0x00000005d7600000|
| 188|0x00000005d7800000, 0x00000005d7800000, 0x00000005d7a00000|  0%| F|  |TS  0|AC  0|TAMS 0x00000005d7800000, 0x00000005d7800000|
| 189|0x00000005d7a00000, 0x00000005d7a00000, 0x00000005d7c00000|  0%| F|  |TS  0|AC  0|TAMS 0x00000005d7a00000, 0x00000005d7a00000|
| 190|0x00000005d7c00000, 0x00000005d7c00000, 0x00000005d7e00000|  0%| F|  |TS  0|AC  0|TAMS 0x00000005d7c00000, 0x00000005d7c00000|
| 191|0x00000005d7e00000, 0x00000005d7e00000, 0x00000005d8000000|  0%| F|  |TS  0|AC  0|TAMS 0x00000005d7e00000, 0x00000005d7e00000|
| 192|0x00000005d8000000, 0x00000005d8000000, 0x00000005d8200000|  0%| F|  |TS  0|AC  0|TAMS 0x00000005d8000000, 0x00000005d8000000|
| 193|0x00000005d8200000, 0x00000005d8200000, 0x00000005d8400000|  0%| F|  |TS  0|AC  0|TAMS 0x00000005d8200000, 0x00000005d8200000|
| 194|0x00000005d8400000, 0x00000005d8400000, 0x00000005d8600000|  0%| F|  |TS  0|AC  0|TAMS 0x00000005d8400000, 0x00000005d8400000|
| 195|0x00000005d8600000, 0x00000005d8600000, 0x00000005d8800000|  0%| F|  |TS  0|AC  0|TAMS 0x00000005d8600000, 0x00000005d8600000|
| 196|0x00000005d8800000, 0x00000005d8800000, 0x00000005d8a00000|  0%| F|  |TS  0|AC  0|TAMS 0x00000005d8800000, 0x00000005d8800000|
| 197|0x00000005d8a00000, 0x00000005d8a00000, 0x00000005d8c00000|  0%| F|  |TS  0|AC  0|TAMS 0x00000005d8a00000, 0x00000005d8a00000|
| 198|0x00000005d8c00000, 0x00000005d8c00000, 0x00000005d8e00000|  0%| F|  |TS  0|AC  0|TAMS 0x00000005d8c00000, 0x00000005d8c00000|
| 199|0x00000005d8e00000, 0x00000005d8e00000, 0x00000005d9000000|  0%| F|  |TS  0|AC  0|TAMS 0x00000005d8e00000, 0x00000005d8e00000|
| 200|0x00000005d9000000, 0x00000005d9000000, 0x00000005d9200000|  0%| F|  |TS  0|AC  0|TAMS 0x00000005d9000000, 0x00000005d9000000|
| 201|0x00000005d9200000, 0x00000005d9200000, 0x00000005d9400000|  0%| F|  |TS  0|AC  0|TAMS 0x00000005d9200000, 0x00000005d9200000|
| 202|0x00000005d9400000, 0x00000005d9400000, 0x00000005d9600000|  0%| F|  |TS  0|AC  0|TAMS 0x00000005d9400000, 0x00000005d9400000|
| 203|0x00000005d9600000, 0x00000005d9600000, 0x00000005d9800000|  0%| F|  |TS  0|AC  0|TAMS 0x00000005d9600000, 0x00000005d9600000|
| 204|0x00000005d9800000, 0x00000005d9800000, 0x00000005d9a00000|  0%| F|  |TS  0|AC  0|TAMS 0x00000005d9800000, 0x00000005d9800000|
| 205|0x00000005d9a00000, 0x00000005d9a00000, 0x00000005d9c00000|  0%| F|  |TS  0|AC  0|TAMS 0x00000005d9a00000, 0x00000005d9a00000|
| 206|0x00000005d9c00000, 0x00000005d9c00000, 0x00000005d9e00000|  0%| F|  |TS  0|AC  0|TAMS 0x00000005d9c00000, 0x00000005d9c00000|
| 207|0x00000005d9e00000, 0x00000005d9e00000, 0x00000005da000000|  0%| F|  |TS  0|AC  0|TAMS 0x00000005d9e00000, 0x00000005d9e00000|
| 208|0x00000005da000000, 0x00000005da000000, 0x00000005da200000|  0%| F|  |TS  0|AC  0|TAMS 0x00000005da000000, 0x00000005da000000|
| 209|0x00000005da200000, 0x00000005da200000, 0x00000005da400000|  0%| F|  |TS  0|AC  0|TAMS 0x00000005da200000, 0x00000005da200000|
| 210|0x00000005da400000, 0x00000005da400000, 0x00000005da600000|  0%| F|  |TS  0|AC  0|TAMS 0x00000005da400000, 0x00000005da400000|
| 211|0x00000005da600000, 0x00000005da600000, 0x00000005da800000|  0%| F|  |TS  0|AC  0|TAMS 0x00000005da600000, 0x00000005da600000|
| 212|0x00000005da800000, 0x00000005da800000, 0x00000005daa00000|  0%| F|  |TS  0|AC  0|TAMS 0x00000005da800000, 0x00000005da800000|
| 213|0x00000005daa00000, 0x00000005daa00000, 0x00000005dac00000|  0%| F|  |TS  0|AC  0|TAMS 0x00000005daa00000, 0x00000005daa00000|
| 214|0x00000005dac00000, 0x00000005dac00000, 0x00000005dae00000|  0%| F|  |TS  0|AC  0|TAMS 0x00000005dac00000, 0x00000005dac00000|
| 215|0x00000005dae00000, 0x00000005dae00000, 0x00000005db000000|  0%| F|  |TS  0|AC  0|TAMS 0x00000005dae00000, 0x00000005dae00000|
| 216|0x00000005db000000, 0x00000005db000000, 0x00000005db200000|  0%| F|  |TS  0|AC  0|TAMS 0x00000005db000000, 0x00000005db000000|
| 217|0x00000005db200000, 0x00000005db200000, 0x00000005db400000|  0%| F|  |TS  0|AC  0|TAMS 0x00000005db200000, 0x00000005db200000|
| 218|0x00000005db400000, 0x00000005db400000, 0x00000005db600000|  0%| F|  |TS  0|AC  0|TAMS 0x00000005db400000, 0x00000005db400000|
| 219|0x00000005db600000, 0x00000005db600000, 0x00000005db800000|  0%| F|  |TS  0|AC  0|TAMS 0x00000005db600000, 0x00000005db600000|
| 220|0x00000005db800000, 0x00000005db800000, 0x00000005dba00000|  0%| F|  |TS  0|AC  0|TAMS 0x00000005db800000, 0x00000005db800000|
| 221|0x00000005dba00000, 0x00000005dba00000, 0x00000005dbc00000|  0%| F|  |TS  0|AC  0|TAMS 0x00000005dba00000, 0x00000005dba00000|
| 222|0x00000005dbc00000, 0x00000005dbc00000, 0x00000005dbe00000|  0%| F|  |TS  0|AC  0|TAMS 0x00000005dbc00000, 0x00000005dbc00000|
| 223|0x00000005dbe00000, 0x00000005dbe00000, 0x00000005dc000000|  0%| F|  |TS  0|AC  0|TAMS 0x00000005dbe00000, 0x00000005dbe00000|
| 224|0x00000005dc000000, 0x00000005dc000000, 0x00000005dc200000|  0%| F|  |TS  0|AC  0|TAMS 0x00000005dc000000, 0x00000005dc000000|
| 225|0x00000005dc200000, 0x00000005dc200000, 0x00000005dc400000|  0%| F|  |TS  0|AC  0|TAMS 0x00000005dc200000, 0x00000005dc200000|
| 226|0x00000005dc400000, 0x00000005dc400000, 0x00000005dc600000|  0%| F|  |TS  0|AC  0|TAMS 0x00000005dc400000, 0x00000005dc400000|
| 227|0x00000005dc600000, 0x00000005dc600000, 0x00000005dc800000|  0%| F|  |TS  0|AC  0|TAMS 0x00000005dc600000, 0x00000005dc600000|
| 228|0x00000005dc800000, 0x00000005dc800000, 0x00000005dca00000|  0%| F|  |TS  0|AC  0|TAMS 0x00000005dc800000, 0x00000005dc800000|
| 229|0x00000005dca00000, 0x00000005dca00000, 0x00000005dcc00000|  0%| F|  |TS  0|AC  0|TAMS 0x00000005dca00000, 0x00000005dca00000|
| 230|0x00000005dcc00000, 0x00000005dcc00000, 0x00000005dce00000|  0%| F|  |TS  0|AC  0|TAMS 0x00000005dcc00000, 0x00000005dcc00000|
| 231|0x00000005dce00000, 0x00000005dce00000, 0x00000005dd000000|  0%| F|  |TS  0|AC  0|TAMS 0x00000005dce00000, 0x00000005dce00000|
| 232|0x00000005dd000000, 0x00000005dd000000, 0x00000005dd200000|  0%| F|  |TS  0|AC  0|TAMS 0x00000005dd000000, 0x00000005dd000000|
| 233|0x00000005dd200000, 0x00000005dd200000, 0x00000005dd400000|  0%| F|  |TS  0|AC  0|TAMS 0x00000005dd200000, 0x00000005dd200000|
| 234|0x00000005dd400000, 0x00000005dd400000, 0x00000005dd600000|  0%| F|  |TS  0|AC  0|TAMS 0x00000005dd400000, 0x00000005dd400000|
| 235|0x00000005dd600000, 0x00000005dd600000, 0x00000005dd800000|  0%| F|  |TS  0|AC  0|TAMS 0x00000005dd600000, 0x00000005dd600000|
| 236|0x00000005dd800000, 0x00000005dd800000, 0x00000005dda00000|  0%| F|  |TS  0|AC  0|TAMS 0x00000005dd800000, 0x00000005dd800000|
| 237|0x00000005dda00000, 0x00000005dda00000, 0x00000005ddc00000|  0%| F|  |TS  0|AC  0|TAMS 0x00000005dda00000, 0x00000005dda00000|
| 238|0x00000005ddc00000, 0x00000005ddc00000, 0x00000005dde00000|  0%| F|  |TS  0|AC  0|TAMS 0x00000005ddc00000, 0x00000005ddc00000|
| 239|0x00000005dde00000, 0x00000005dde00000, 0x00000005de000000|  0%| F|  |TS  0|AC  0|TAMS 0x00000005dde00000, 0x00000005dde00000|
| 240|0x00000005de000000, 0x00000005de0d9090, 0x00000005de200000| 42%| E|  |TS  0|AC  0|TAMS 0x00000005de000000, 0x00000005de000000|
| 241|0x00000005de200000, 0x00000005de400000, 0x00000005de400000|100%| E|CS|TS  0|AC  0|TAMS 0x00000005de200000, 0x00000005de200000|
| 242|0x00000005de400000, 0x00000005de600000, 0x00000005de600000|100%| E|CS|TS  0|AC  0|TAMS 0x00000005de400000, 0x00000005de400000|
| 243|0x00000005de600000, 0x00000005de800000, 0x00000005de800000|100%| E|CS|TS  0|AC  0|TAMS 0x00000005de600000, 0x00000005de600000|
| 244|0x00000005de800000, 0x00000005dea00000, 0x00000005dea00000|100%| E|CS|TS  0|AC  0|TAMS 0x00000005de800000, 0x00000005de800000|
| 245|0x00000005dea00000, 0x00000005dec00000, 0x00000005dec00000|100%| E|CS|TS  0|AC  0|TAMS 0x00000005dea00000, 0x00000005dea00000|
| 246|0x00000005dec00000, 0x00000005dee00000, 0x00000005dee00000|100%| E|CS|TS  0|AC  0|TAMS 0x00000005dec00000, 0x00000005dec00000|
| 247|0x00000005dee00000, 0x00000005df000000, 0x00000005df000000|100%| E|CS|TS  0|AC  0|TAMS 0x00000005dee00000, 0x00000005dee00000|
| 248|0x00000005df000000, 0x00000005df200000, 0x00000005df200000|100%| E|CS|TS  0|AC  0|TAMS 0x00000005df000000, 0x00000005df000000|
| 249|0x00000005df200000, 0x00000005df400000, 0x00000005df400000|100%| E|CS|TS  0|AC  0|TAMS 0x00000005df200000, 0x00000005df200000|
| 250|0x00000005df400000, 0x00000005df600000, 0x00000005df600000|100%| E|CS|TS  0|AC  0|TAMS 0x00000005df400000, 0x00000005df400000|
| 251|0x00000005df600000, 0x00000005df800000, 0x00000005df800000|100%| E|CS|TS  0|AC  0|TAMS 0x00000005df600000, 0x00000005df600000|
| 252|0x00000005df800000, 0x00000005dfa00000, 0x00000005dfa00000|100%| E|CS|TS  0|AC  0|TAMS 0x00000005df800000, 0x00000005df800000|
| 253|0x00000005dfa00000, 0x00000005dfa9a518, 0x00000005dfc00000| 30%| S|CS|TS  0|AC  0|TAMS 0x00000005dfa00000, 0x00000005dfa00000|
| 254|0x00000005dfc00000, 0x00000005dfe00000, 0x00000005dfe00000|100%| E|CS|TS  0|AC  0|TAMS 0x00000005dfc00000, 0x00000005dfc00000|
| 255|0x00000005dfe00000, 0x00000005e0000000, 0x00000005e0000000|100%| E|CS|TS  0|AC  0|TAMS 0x00000005dfe00000, 0x00000005dfe00000|

Card table byte_map: [0x000000012951f000,0x000000012a51f000] byte_map_base: 0x000000012671f000

Marking Bits (Prev, Next): (CMBitMap*) 0x00007fcbeb033a98, (CMBitMap*) 0x00007fcbeb033a60
 Prev Bits: [0x000000013351f000, 0x000000013b51f000)
 Next Bits: [0x000000012b51f000, 0x000000013351f000)

Polling page: 0x0000000102e54000

CodeHeap 'non-profiled nmethods': size=120032Kb used=1736Kb max_used=1736Kb free=118295Kb
 bounds [0x0000000120fe7000, 0x0000000121257000, 0x000000012851f000]
CodeHeap 'profiled nmethods': size=120028Kb used=8404Kb max_used=8404Kb free=111623Kb
 bounds [0x0000000119ab0000, 0x000000011a2f0000, 0x0000000120fe7000]
CodeHeap 'non-nmethods': size=5700Kb used=1312Kb max_used=1341Kb free=4387Kb
 bounds [0x000000011951f000, 0x000000011978f000, 0x0000000119ab0000]
 total_blobs=5608 nmethods=4125 adapters=692
 compilation: enabled

Compilation events (10 events):
Event: 27.144 Thread 0x00007fcbda025000 nmethod 4123 0x000000011a2e3590 code [0x000000011a2e3760, 0x000000011a2e3ad8]
Event: 27.199 Thread 0x00007fcbb9008800 nmethod 4120 0x0000000121193410 code [0x0000000121193860, 0x0000000121196758]
Event: 27.648 Thread 0x00007fcbda025000 4124       3       com.sun.javafx.sg.prism.NGNode::clearDirtyTree (84 bytes)
Event: 27.649 Thread 0x00007fcbda025000 nmethod 4124 0x000000011a2e3c90 code [0x000000011a2e3ec0, 0x000000011a2e4948]
Event: 27.896 Thread 0x00007fcbda01c000 4125       4       java.util.WeakHashMap$EntryIterator::next (5 bytes)
Event: 27.905 Thread 0x00007fcbda01c000 nmethod 4125 0x0000000121198290 code [0x0000000121198420, 0x0000000121198818]
Event: 28.135 Thread 0x00007fcbda025000 4126       3       java.util.ArrayList::sort (45 bytes)
Event: 28.137 Thread 0x00007fcbda025000 nmethod 4126 0x000000011a2e4b90 code [0x000000011a2e4d60, 0x000000011a2e5018]
Event: 28.230 Thread 0x00007fcbda01b000 4127       4       java.util.WeakHashMap::size (18 bytes)
Event: 28.245 Thread 0x00007fcbda01b000 nmethod 4127 0x0000000121198910 code [0x0000000121198ac0, 0x0000000121199208]

GC Heap History (4 events):
Event: 2.186 GC heap before
{Heap before GC invocations=0 (full 0):
 garbage-first heap   total 524288K, used 24576K [0x00000005c0000000, 0x00000007c0000000)
  region size 2048K, 12 young (24576K), 0 survivors (0K)
 Metaspace       used 19444K, capacity 20009K, committed 20224K, reserved 1067008K
  class space    used 2314K, capacity 2554K, committed 2560K, reserved 1048576K
}
Event: 2.211 GC heap after
{Heap after GC invocations=1 (full 0):
 garbage-first heap   total 524288K, used 5639K [0x00000005c0000000, 0x00000007c0000000)
  region size 2048K, 2 young (4096K), 2 survivors (4096K)
 Metaspace       used 19444K, capacity 20009K, committed 20224K, reserved 1067008K
  class space    used 2314K, capacity 2554K, committed 2560K, reserved 1048576K
}
Event: 2.317 GC heap before
{Heap before GC invocations=1 (full 0):
 garbage-first heap   total 524288K, used 7687K [0x00000005c0000000, 0x00000007c0000000)
  region size 2048K, 4 young (8192K), 2 survivors (4096K)
 Metaspace       used 20416K, capacity 21025K, committed 21248K, reserved 1067008K
  class space    used 2488K, capacity 2770K, committed 2816K, reserved 1048576K
}
Event: 2.331 GC heap after
{Heap after GC invocations=2 (full 0):
 garbage-first heap   total 524288K, used 6056K [0x00000005c0000000, 0x00000007c0000000)
  region size 2048K, 1 young (2048K), 1 survivors (2048K)
 Metaspace       used 20416K, capacity 21025K, committed 21248K, reserved 1067008K
  class space    used 2488K, capacity 2770K, committed 2816K, reserved 1048576K
}

Deoptimization events (10 events):
Event: 3.319 Thread 0x00007fcbe9a29800 Uncommon trap: reason=class_check action=maybe_recompile pc=0x000000012109ad50 method=java.util.HashMap.putVal(ILjava/lang/Object;Ljava/lang/Object;ZZ)Ljava/lang/Object; @ 253 c2
Event: 3.361 Thread 0x00007fcbe9a29800 Uncommon trap: reason=unstable_if action=reinterpret pc=0x0000000121091bc8 method=jdk.internal.org.objectweb.asm.Type.getArgumentsAndReturnSizes(Ljava/lang/String;)I @ 47 c2
Event: 7.233 Thread 0x00007fcbe9a29800 Uncommon trap: reason=unstable_if action=reinterpret pc=0x000000012107d768 method=java.util.concurrent.ConcurrentHashMap.putVal(Ljava/lang/Object;Ljava/lang/Object;Z)Ljava/lang/Object; @ 148 c2
Event: 8.225 Thread 0x00007fcbe9a29800 Uncommon trap: reason=class_check action=maybe_recompile pc=0x000000012109ad50 method=java.util.HashMap.putVal(ILjava/lang/Object;Ljava/lang/Object;ZZ)Ljava/lang/Object; @ 253 c2
Event: 8.265 Thread 0x00007fcbe9a29800 Uncommon trap: reason=class_check action=maybe_recompile pc=0x000000012113b128 method=javafx.scene.Node.updateLocalToParentTransform()V @ 11 c2
Event: 18.887 Thread 0x00007fcbe9a29800 Uncommon trap: reason=class_check action=maybe_recompile pc=0x000000012115f60c method=org.reactfx.util.NotificationAccumulatorBase.takeOne()Ljava/lang/Runnable; @ 98 c2
Event: 18.887 Thread 0x00007fcbe9a29800 Uncommon trap: reason=class_check action=maybe_recompile pc=0x000000012115f60c method=org.reactfx.util.NotificationAccumulatorBase.takeOne()Ljava/lang/Runnable; @ 98 c2
Event: 18.928 Thread 0x00007fcbe9a29800 Uncommon trap: reason=class_check action=maybe_recompile pc=0x000000012115f60c method=org.reactfx.util.NotificationAccumulatorBase.takeOne()Ljava/lang/Runnable; @ 98 c2
Event: 18.928 Thread 0x00007fcbe9a29800 Uncommon trap: reason=class_check action=maybe_recompile pc=0x000000012115f60c method=org.reactfx.util.NotificationAccumulatorBase.takeOne()Ljava/lang/Runnable; @ 98 c2
Event: 26.020 Thread 0x00007fcbe9a29800 Uncommon trap: reason=class_check action=maybe_recompile pc=0x000000012113b128 method=javafx.scene.Node.updateLocalToParentTransform()V @ 11 c2

Classes redefined (0 events):
No events

Internal exceptions (10 events):
Event: 7.202 Thread 0x00007fcbe9a29800 Exception <a 'java/lang/NoSuchMethodError'{0x00000005de8475a0}: java.lang.invoke.DirectMethodHandle$Holder.invokeStatic(Ljava/lang/Object;Ljava/lang/Object;Ljava/lang/Object;ILjava/lang/Object;Ljava/lang/Object;Ljava/lang/Object;Ljava/lang/Object;)Ljava/l
Event: 7.202 Thread 0x00007fcbe9a29800 Exception <a 'java/lang/NoSuchMethodError'{0x00000005de850460}: method resolution failed> (0x00000005de850460) thrown at [/scratch/mesos/slaves/9190d864-6621-4810-ba08-d8d8c75ba674-S34/frameworks/1735e8a2-a1db-478c-8104-60c8b0af87dd-0196/executors/f87b489
Event: 7.203 Thread 0x00007fcbe9a29800 Exception <a 'java/lang/NoSuchMethodError'{0x00000005de854858}: method resolution failed> (0x00000005de854858) thrown at [/scratch/mesos/slaves/9190d864-6621-4810-ba08-d8d8c75ba674-S34/frameworks/1735e8a2-a1db-478c-8104-60c8b0af87dd-0196/executors/f87b489
Event: 7.211 Thread 0x00007fcbe9a29800 Exception <a 'java/lang/NoSuchMethodError'{0x00000005de880030}: java.lang.Object.lambda$trim$0(Ljava/lang/Integer;Ljava/lang/Integer;)Lorg/reactfx/collection/MaterializedListModification;> (0x00000005de880030) thrown at [/scratch/mesos/slaves/9190d864-662
Event: 7.215 Thread 0x00007fcbe9a29800 Exception <a 'java/lang/NoSuchMethodError'{0x00000005de8eb580}: method resolution failed> (0x00000005de8eb580) thrown at [/scratch/mesos/slaves/9190d864-6621-4810-ba08-d8d8c75ba674-S34/frameworks/1735e8a2-a1db-478c-8104-60c8b0af87dd-0196/executors/f87b489
Event: 7.218 Thread 0x00007fcbe9a29800 Exception <a 'java/lang/NoSuchMethodError'{0x00000005de8f7270}: java.lang.Object.lambda$multiPlainChanges$0(Lorg/fxmisc/richtext/model/RichTextChange;)Z> (0x00000005de8f7270) thrown at [/scratch/mesos/slaves/9190d864-6621-4810-ba08-d8d8c75ba674-S34/framew
Event: 7.219 Thread 0x00007fcbe9a29800 Exception <a 'java/lang/NoSuchMethodError'{0x00000005de8fd350}: java.lang.Object.lambda$multiPlainChanges$1(I)[Lorg/fxmisc/richtext/model/PlainTextChange;> (0x00000005de8fd350) thrown at [/scratch/mesos/slaves/9190d864-6621-4810-ba08-d8d8c75ba674-S34/fram
Event: 7.271 Thread 0x00007fcbe9a29800 Exception <a 'java/lang/NoSuchMethodError'{0x00000005de963eb8}: method resolution failed> (0x00000005de963eb8) thrown at [/scratch/mesos/slaves/9190d864-6621-4810-ba08-d8d8c75ba674-S34/frameworks/1735e8a2-a1db-478c-8104-60c8b0af87dd-0196/executors/f87b489
Event: 7.327 Thread 0x00007fcb8a458800 Exception <a 'java/lang/NoSuchMethodError'{0x00000005de9db8f8}: method resolution failed> (0x00000005de9db8f8) thrown at [/scratch/mesos/slaves/9190d864-6621-4810-ba08-d8d8c75ba674-S34/frameworks/1735e8a2-a1db-478c-8104-60c8b0af87dd-0196/executors/f87b489
Event: 7.338 Thread 0x00007fcbe9a29800 Exception <a 'java/lang/NoSuchMethodError'{0x00000005de97b2e8}: java.lang.invoke.DirectMethodHandle$Holder.invokeVirtual(Ljava/lang/Object;Ljava/lang/Object;)I> (0x00000005de97b2e8) thrown at [/scratch/mesos/slaves/9190d864-6621-4810-ba08-d8d8c75ba674-S34

Events (10 events):
Event: 19.014 Executing VM operation: ICBufferFull done
Event: 19.109 Thread 0x00007fcbda0d6000 DEOPT PACKING pc=0x0000000119fa6652 sp=0x000000030c4c6020
Event: 19.109 Thread 0x00007fcbda0d6000 DEOPT UNPACKING pc=0x000000011954652b sp=0x000000030c4c54d0 mode 0
Event: 21.146 Thread 0x00007fcbda0d6000 DEOPT PACKING pc=0x000000011a14db10 sp=0x000000030c4c4800
Event: 21.147 Thread 0x00007fcbda0d6000 DEOPT UNPACKING pc=0x000000011954652b sp=0x000000030c4c3c08 mode 0
Event: 23.791 loading class java/util/WeakHashMap$1
Event: 23.792 loading class java/util/WeakHashMap$1 done
Event: 26.020 Thread 0x00007fcbe9a29800 Uncommon trap: trap_request=0xffffffde fr.pc=0x000000012113b128 relative=0x00000000000002a8
Event: 26.020 Thread 0x00007fcbe9a29800 DEOPT PACKING pc=0x000000012113b128 sp=0x0000000309f403e0
Event: 26.020 Thread 0x00007fcbe9a29800 DEOPT UNPACKING pc=0x000000011954671f sp=0x0000000309f40370 mode 2


Dynamic libraries:
0x00007ff81ca50000 	/System/Library/Frameworks/Cocoa.framework/Versions/A/Cocoa
0x00007ff80834e000 	/System/Library/Frameworks/AppKit.framework/Versions/C/AppKit
0x00007ff80b8ad000 	/System/Library/Frameworks/CoreData.framework/Versions/A/CoreData
0x00007ff806765000 	/System/Library/Frameworks/Foundation.framework/Versions/C/Foundation
0x00007ff810ac9000 	/usr/lib/libSystem.B.dylib
0x00007ff8091e0000 	/System/Library/PrivateFrameworks/UIFoundation.framework/Versions/A/UIFoundation
0x00007ff8169fc000 	/System/Library/PrivateFrameworks/RemoteViewServices.framework/Versions/A/RemoteViewServices
0x00007ff80ed9c000 	/System/Library/PrivateFrameworks/XCTTargetBootstrap.framework/Versions/A/XCTTargetBootstrap
0x00007ff812995000 	/System/Library/PrivateFrameworks/InternationalSupport.framework/Versions/A/InternationalSupport
0x00007ff812a1f000 	/System/Library/PrivateFrameworks/UserActivity.framework/Versions/A/UserActivity
0x00007ff811d7c000 	/usr/lib/libspindump.dylib
0x00007ff80946e000 	/System/Library/Frameworks/UniformTypeIdentifiers.framework/Versions/A/UniformTypeIdentifiers
0x00007ff80d4d5000 	/usr/lib/libapp_launch_measurement.dylib
0x00007ff80c289000 	/System/Library/PrivateFrameworks/CoreAnalytics.framework/Versions/A/CoreAnalytics
0x00007ff80d4d8000 	/System/Library/PrivateFrameworks/CoreAutoLayout.framework/Versions/A/CoreAutoLayout
0x00007ff80e6f8000 	/System/Library/Frameworks/Metal.framework/Versions/A/Metal
0x00007ff80f414000 	/usr/lib/liblangid.dylib
0x00007ff80eda0000 	/System/Library/PrivateFrameworks/CoreSVG.framework/Versions/A/CoreSVG
0x00007ff80a835000 	/System/Library/PrivateFrameworks/SkyLight.framework/Versions/A/SkyLight
0x00007ff80abcb000 	/System/Library/Frameworks/CoreGraphics.framework/Versions/A/CoreGraphics
0x00007ff81706b000 	/System/Library/Frameworks/Accelerate.framework/Versions/A/Accelerate
0x00007ff8117f7000 	/System/Library/PrivateFrameworks/IconServices.framework/Versions/A/IconServices
0x00007ff80e6dd000 	/System/Library/Frameworks/IOSurface.framework/Versions/A/IOSurface
0x00007ff80c2b7000 	/usr/lib/libDiagnosticMessagesClient.dylib
0x00007ff8109e3000 	/usr/lib/libz.1.dylib
0x00007ff81a6dc000 	/System/Library/Frameworks/ApplicationServices.framework/Versions/A/ApplicationServices
0x00007ff80ed88000 	/System/Library/PrivateFrameworks/DFRFoundation.framework/Versions/A/DFRFoundation
0x00007ff807c3f000 	/usr/lib/libicucore.A.dylib
0x00007ff8136ba000 	/System/Library/Frameworks/AudioToolbox.framework/Versions/A/AudioToolbox
0x00007ff8129a1000 	/System/Library/PrivateFrameworks/DataDetectorsCore.framework/Versions/A/DataDetectorsCore
0x00007ff90e293000 	/System/Library/PrivateFrameworks/TextInput.framework/Versions/A/TextInput
0x00007ff80a7b9000 	/usr/lib/libMobileGestalt.dylib
0x00007ff80ea90000 	/System/Library/Frameworks/Carbon.framework/Versions/A/Frameworks/HIToolbox.framework/Versions/A/HIToolbox
0x00007ff80cf02000 	/System/Library/Frameworks/QuartzCore.framework/Versions/A/QuartzCore
0x00007ff8078df000 	/System/Library/Frameworks/Security.framework/Versions/A/Security
0x00007ff816a34000 	/System/Library/Frameworks/Carbon.framework/Versions/A/Frameworks/SpeechRecognition.framework/Versions/A/SpeechRecognition
0x00007ff80d235000 	/System/Library/PrivateFrameworks/CoreUI.framework/Versions/A/CoreUI
0x00007ff8071b7000 	/System/Library/Frameworks/CoreAudio.framework/Versions/A/CoreAudio
0x00007ff80c3a5000 	/System/Library/Frameworks/DiskArbitration.framework/Versions/A/DiskArbitration
0x00007ff81215f000 	/System/Library/PrivateFrameworks/MultitouchSupport.framework/Versions/A/MultitouchSupport
0x00007ff80a7b8000 	/usr/lib/libenergytrace.dylib
0x00007ff80823a000 	/System/Library/Frameworks/IOKit.framework/Versions/A/IOKit
0x00007ff816e20000 	/System/Library/Frameworks/CoreServices.framework/Versions/A/CoreServices
0x00007ff80d46f000 	/System/Library/PrivateFrameworks/PerformanceAnalysis.framework/Versions/A/PerformanceAnalysis
0x00007ffa1dd7a000 	/System/Library/Frameworks/OpenGL.framework/Versions/A/OpenGL
0x00007ff810010000 	/System/Library/PrivateFrameworks/MobileKeyBag.framework/Versions/A/MobileKeyBag
0x00007ff8057fd000 	/usr/lib/libobjc.A.dylib
0x00007ff80b2fa000 	/System/Library/Frameworks/ColorSync.framework/Versions/A/ColorSync
0x00007ff8059b9000 	/System/Library/Frameworks/CoreFoundation.framework/Versions/A/CoreFoundation
0x00007ff80f01b000 	/System/Library/Frameworks/CoreImage.framework/Versions/A/CoreImage
0x00007ff806fcd000 	/System/Library/Frameworks/CoreText.framework/Versions/A/CoreText
0x00007ff80edcf000 	/System/Library/Frameworks/ImageIO.framework/Versions/A/ImageIO
0x00007ff810acf000 	/System/Library/PrivateFrameworks/SoftLinking.framework/Versions/A/SoftLinking
0x00007ff80d520000 	/usr/lib/libxml2.2.dylib
0x00007ff8058c6000 	/usr/lib/libc++.1.dylib
0x00007ff810d50000 	/usr/lib/libcompression.dylib
0x00007ff8128cb000 	/System/Library/PrivateFrameworks/TextureIO.framework/Versions/A/TextureIO
0x00007ff811470000 	/usr/lib/libate.dylib
0x00007ff810ac4000 	/usr/lib/system/libcache.dylib
0x00007ff810a80000 	/usr/lib/system/libcommonCrypto.dylib
0x00007ff810aa9000 	/usr/lib/system/libcompiler_rt.dylib
0x00007ff810a9f000 	/usr/lib/system/libcopyfile.dylib
0x00007ff8056f7000 	/usr/lib/system/libcorecrypto.dylib
0x00007ff8057b6000 	/usr/lib/system/libdispatch.dylib
0x00007ff805978000 	/usr/lib/system/libdyld.dylib
0x00007ff810abb000 	/usr/lib/system/libkeymgr.dylib
0x00007ff810a5e000 	/usr/lib/system/libmacho.dylib
0x00007ff8100e4000 	/usr/lib/system/libquarantine.dylib
0x00007ff810ab9000 	/usr/lib/system/libremovefile.dylib
0x00007ff80a805000 	/usr/lib/system/libsystem_asl.dylib
0x00007ff8056a5000 	/usr/lib/system/libsystem_blocks.dylib
0x00007ff80583d000 	/usr/lib/system/libsystem_c.dylib
0x00007ff810ab1000 	/usr/lib/system/libsystem_collections.dylib
0x00007ff80f405000 	/usr/lib/system/libsystem_configuration.dylib
0x00007ff80e6c0000 	/usr/lib/system/libsystem_containermanager.dylib
0x00007ff810795000 	/usr/lib/system/libsystem_coreservices.dylib
0x00007ff807ec8000 	/usr/lib/system/libsystem_darwin.dylib
0x00007ff810abc000 	/usr/lib/system/libsystem_dnssd.dylib
0x00007ff80583a000 	/usr/lib/system/libsystem_featureflags.dylib
0x00007ff80598e000 	/usr/lib/system/libsystem_info.dylib
0x00007ff8109f6000 	/usr/lib/system/libsystem_m.dylib
0x00007ff80578a000 	/usr/lib/system/libsystem_malloc.dylib
0x00007ff80a7a2000 	/usr/lib/system/libsystem_networkextension.dylib
0x00007ff8082f0000 	/usr/lib/system/libsystem_notify.dylib
0x00007ff816cf5000 	/usr/lib/system/libsystem_product_info_filter.dylib
0x00007ff80f409000 	/usr/lib/system/libsystem_sandbox.dylib
0x00007ff810ab6000 	/usr/lib/system/libsystem_secinit.dylib
0x00007ff805935000 	/usr/lib/system/libsystem_kernel.dylib
0x00007ff805984000 	/usr/lib/system/libsystem_platform.dylib
0x00007ff80596c000 	/usr/lib/system/libsystem_pthread.dylib
0x00007ff80c0d0000 	/usr/lib/system/libsystem_symptoms.dylib
0x00007ff8056de000 	/usr/lib/system/libsystem_trace.dylib
0x00007ff810a8c000 	/usr/lib/system/libunwind.dylib
0x00007ff8056a7000 	/usr/lib/system/libxpc.dylib
0x00007ff80591f000 	/usr/lib/libc++abi.dylib
0x00007ff810a97000 	/usr/lib/liboah.dylib
0x00007ff811229000 	/usr/lib/liblzma.5.dylib
0x00007ff806476000 	/System/Library/Frameworks/SystemConfiguration.framework/Versions/A/SystemConfiguration
0x00007ff810acb000 	/usr/lib/libfakelink.dylib
0x00007ff80a30b000 	/System/Library/Frameworks/CFNetwork.framework/Versions/A/CFNetwork
0x00007ff810c0a000 	/usr/lib/libarchive.2.dylib
0x00007ff80f410000 	/System/Library/PrivateFrameworks/AppleSystemInfo.framework/Versions/A/AppleSystemInfo
0x00007ff81010b000 	/usr/lib/libbsm.0.dylib
0x00007ff809941000 	/usr/lib/libnetwork.dylib
0x00007ff810a64000 	/usr/lib/system/libkxld.dylib
0x00007ff80fd39000 	/System/Library/PrivateFrameworks/IOMobileFramebuffer.framework/Versions/A/IOMobileFramebuffer
0x00007ffb1b9e6000 	/usr/lib/libCoreEntitlements.dylib
0x00007ff810777000 	/System/Library/PrivateFrameworks/AppleFSCompression.framework/Versions/A/AppleFSCompression
0x00007ff8100f3000 	/usr/lib/libcoretls.dylib
0x00007ff811243000 	/usr/lib/libcoretls_cfhelpers.dylib
0x00007ff810d4b000 	/usr/lib/libpam.2.dylib
0x00007ff80bcf6000 	/usr/lib/libsqlite3.dylib
0x00007ff8112b2000 	/usr/lib/libxar.1.dylib
0x00007ff810787000 	/usr/lib/libbz2.1.0.dylib
0x00007ff810ad0000 	/usr/lib/libpcap.A.dylib
0x00007ff80c0c7000 	/usr/lib/libdns_services.dylib
0x00007ff810d1d000 	/usr/lib/libapple_nghttp2.dylib
0x00007ff810b07000 	/usr/lib/libiconv.2.dylib
0x00007ff810a5d000 	/usr/lib/libcharset.1.dylib
0x00007ff80d4a3000 	/System/Library/Frameworks/CoreServices.framework/Versions/A/Frameworks/FSEvents.framework/Versions/A/FSEvents
0x00007ff807ed2000 	/System/Library/Frameworks/CoreServices.framework/Versions/A/Frameworks/CarbonCore.framework/Versions/A/CarbonCore
0x00007ff80c30a000 	/System/Library/Frameworks/CoreServices.framework/Versions/A/Frameworks/Metadata.framework/Versions/A/Metadata
0x00007ff81079a000 	/System/Library/Frameworks/CoreServices.framework/Versions/A/Frameworks/OSServices.framework/Versions/A/OSServices
0x00007ff810c91000 	/System/Library/Frameworks/CoreServices.framework/Versions/A/Frameworks/SearchKit.framework/Versions/A/SearchKit
0x00007ff80c059000 	/System/Library/Frameworks/CoreServices.framework/Versions/A/Frameworks/AE.framework/Versions/A/AE
0x00007ff805eba000 	/System/Library/Frameworks/CoreServices.framework/Versions/A/Frameworks/LaunchServices.framework/Versions/A/LaunchServices
0x00007ff8111da000 	/System/Library/Frameworks/CoreServices.framework/Versions/A/Frameworks/DictionaryServices.framework/Versions/A/DictionaryServices
0x00007ff80d4b0000 	/System/Library/Frameworks/CoreServices.framework/Versions/A/Frameworks/SharedFileList.framework/Versions/A/SharedFileList
0x00007ff8100e7000 	/usr/lib/libCheckFix.dylib
0x00007ff80a81c000 	/System/Library/PrivateFrameworks/TCC.framework/Versions/A/TCC
0x00007ff80f416000 	/System/Library/PrivateFrameworks/CoreNLP.framework/Versions/A/CoreNLP
0x00007ff80c2ba000 	/System/Library/PrivateFrameworks/MetadataUtilities.framework/Versions/A/MetadataUtilities
0x00007ff806526000 	/usr/lib/libmecabra.dylib
0x00007ff81011b000 	/usr/lib/libmecab.dylib
0x00007ff8064f1000 	/usr/lib/libCRFSuite.dylib
0x00007ff810178000 	/usr/lib/libgermantok.dylib
0x00007ff810cf8000 	/usr/lib/libThaiTokenizer.dylib
0x00007ff80c3ac000 	/System/Library/Frameworks/Accelerate.framework/Versions/A/Frameworks/vImage.framework/Versions/A/vImage
0x00007ff816df7000 	/System/Library/Frameworks/Accelerate.framework/Versions/A/Frameworks/vecLib.framework/Versions/A/vecLib
0x00007ff8112f3000 	/System/Library/Frameworks/Accelerate.framework/Versions/A/Frameworks/vecLib.framework/Versions/A/libvMisc.dylib
0x00007ff80fb2d000 	/System/Library/Frameworks/Accelerate.framework/Versions/A/Frameworks/vecLib.framework/Versions/A/libvDSP.dylib
0x00007ff806232000 	/System/Library/Frameworks/Accelerate.framework/Versions/A/Frameworks/vecLib.framework/Versions/A/libBLAS.dylib
0x00007ff810e2d000 	/System/Library/Frameworks/Accelerate.framework/Versions/A/Frameworks/vecLib.framework/Versions/A/libLAPACK.dylib
0x00007ff81017b000 	/System/Library/Frameworks/Accelerate.framework/Versions/A/Frameworks/vecLib.framework/Versions/A/libLinearAlgebra.dylib
0x00007ff810d36000 	/System/Library/Frameworks/Accelerate.framework/Versions/A/Frameworks/vecLib.framework/Versions/A/libSparseBLAS.dylib
0x00007ff810e27000 	/System/Library/Frameworks/Accelerate.framework/Versions/A/Frameworks/vecLib.framework/Versions/A/libQuadrature.dylib
0x00007ff80f500000 	/System/Library/Frameworks/Accelerate.framework/Versions/A/Frameworks/vecLib.framework/Versions/A/libBNNS.dylib
0x00007ff806407000 	/System/Library/Frameworks/Accelerate.framework/Versions/A/Frameworks/vecLib.framework/Versions/A/libSparse.dylib
0x00007ff80f4f9000 	/System/Library/PrivateFrameworks/LinguisticData.framework/Versions/A/LinguisticData
0x00007ff8063bc000 	/System/Library/PrivateFrameworks/Lexicon.framework/Versions/A/Lexicon
0x00007ff8112ec000 	/usr/lib/libChineseTokenizer.dylib
0x00007ff806b20000 	/System/Library/PrivateFrameworks/LanguageModeling.framework/Versions/A/LanguageModeling
0x00007ff810cfa000 	/System/Library/PrivateFrameworks/AppleSauce.framework/Versions/A/AppleSauce
0x00007ff80fd27000 	/System/Library/PrivateFrameworks/CoreEmoji.framework/Versions/A/CoreEmoji
0x00007ff810bf9000 	/usr/lib/libcmph.dylib
0x00007ff80d487000 	/System/Library/Frameworks/OpenDirectory.framework/Versions/A/Frameworks/CFOpenDirectory.framework/Versions/A/CFOpenDirectory
0x00007ff80d47b000 	/System/Library/Frameworks/OpenDirectory.framework/Versions/A/OpenDirectory
0x00007ff811245000 	/System/Library/PrivateFrameworks/APFS.framework/Versions/A/APFS
0x00007ff810048000 	/System/Library/Frameworks/SecurityFoundation.framework/Versions/A/SecurityFoundation
0x00007ff8112c0000 	/usr/lib/libutil.dylib
0x00007ff8081fd000 	/System/Library/PrivateFrameworks/CoreServicesStore.framework/Versions/A/CoreServicesStore
0x00007ff8112c4000 	/usr/lib/libxslt.1.dylib
0x00007ff8100d5000 	/System/Library/PrivateFrameworks/BackgroundTaskManagement.framework/Versions/A/BackgroundTaskManagement
0x00007ff8127ed000 	/System/Library/Frameworks/ImageIO.framework/Versions/A/Resources/libRadiance.dylib
0x00007ff8127f6000 	/System/Library/Frameworks/ImageIO.framework/Versions/A/Resources/libJPEG.dylib
0x00007ff812747000 	/System/Library/Frameworks/ImageIO.framework/Versions/A/Resources/libPng.dylib
0x00007ff812768000 	/System/Library/Frameworks/ImageIO.framework/Versions/A/Resources/libTIFF.dylib
0x00007ff812854000 	/System/Library/Frameworks/ImageIO.framework/Versions/A/Resources/libGIF.dylib
0x00007ff81207c000 	/System/Library/Frameworks/ImageIO.framework/Versions/A/Resources/libJP2.dylib
0x00007ff8117be000 	/usr/lib/libexpat.1.dylib
0x00007ff812031000 	/System/Library/PrivateFrameworks/AppleJPEG.framework/Versions/A/AppleJPEG
0x00007ff80e953000 	/System/Library/PrivateFrameworks/FontServices.framework/libFontParser.dylib
0x00007ff80c003000 	/System/Library/PrivateFrameworks/RunningBoardServices.framework/Versions/A/RunningBoardServices
0x00007ff81cfcc000 	/System/Library/PrivateFrameworks/IOSurfaceAccelerator.framework/Versions/A/IOSurfaceAccelerator
0x00007ff81215b000 	/System/Library/PrivateFrameworks/WatchdogClient.framework/Versions/A/WatchdogClient
0x00007ff806c0f000 	/System/Library/Frameworks/CoreDisplay.framework/Versions/A/CoreDisplay
0x00007ff80e852000 	/System/Library/Frameworks/CoreMedia.framework/Versions/A/CoreMedia
0x00007ff80e6ef000 	/System/Library/PrivateFrameworks/IOAccelerator.framework/Versions/A/IOAccelerator
0x00007ff80d603000 	/System/Library/Frameworks/CoreVideo.framework/Versions/A/CoreVideo
0x00007ff810d49000 	/System/Library/Frameworks/MetalPerformanceShaders.framework/Versions/A/MetalPerformanceShaders
0x00007ff812196000 	/System/Library/Frameworks/VideoToolbox.framework/Versions/A/VideoToolbox
0x00007ff80bf4b000 	/System/Library/PrivateFrameworks/BaseBoard.framework/Versions/A/BaseBoard
0x00007ff80bcdc000 	/System/Library/PrivateFrameworks/ProtocolBuffer.framework/Versions/A/ProtocolBuffer
0x00007ff8127e6000 	/System/Library/PrivateFrameworks/GPUWrangler.framework/Versions/A/GPUWrangler
0x00007ff8127c9000 	/System/Library/PrivateFrameworks/IOPresentment.framework/Versions/A/IOPresentment
0x00007ff8127f0000 	/System/Library/PrivateFrameworks/DSExternalDisplay.framework/Versions/A/DSExternalDisplay
0x00007ffa1dd6e000 	/System/Library/Frameworks/OpenGL.framework/Versions/A/Libraries/libCoreFSCache.dylib
0x00007ffb09c56000 	/System/Library/PrivateFrameworks/GPUCompiler.framework/Versions/31001/Libraries/libGPUCompilerUtils.dylib
0x00007ff812859000 	/System/Library/PrivateFrameworks/CMCaptureCore.framework/Versions/A/CMCaptureCore
0x00007ff811d6a000 	/System/Library/PrivateFrameworks/AppServerSupport.framework/Versions/A/AppServerSupport
0x00007ff813f40000 	/System/Library/PrivateFrameworks/perfdata.framework/Versions/A/perfdata
0x00007ff806d3b000 	/System/Library/PrivateFrameworks/AudioToolboxCore.framework/Versions/A/AudioToolboxCore
0x00007ff80e82f000 	/System/Library/PrivateFrameworks/caulk.framework/Versions/A/caulk
0x00007ff813864000 	/usr/lib/libAudioStatistics.dylib
0x00007ff90ab21000 	/System/Library/PrivateFrameworks/SystemPolicy.framework/Versions/A/SystemPolicy
0x00007ff813ab9000 	/usr/lib/libSMC.dylib
0x00007ff81c903000 	/System/Library/Frameworks/CoreMIDI.framework/Versions/A/CoreMIDI
0x00007ff812717000 	/usr/lib/libAudioToolboxUtility.dylib
0x00007ff906f33000 	/System/Library/PrivateFrameworks/OSAServicesClient.framework/Versions/A/OSAServicesClient
0x00007ff813f4d000 	/usr/lib/libperfcheck.dylib
0x00007ff90b5b3000 	/usr/lib/libmis.dylib
0x00007ffa1ddca000 	/System/Library/Frameworks/OpenGL.framework/Versions/A/Libraries/libGLU.dylib
0x00007ffa1dd8d000 	/System/Library/Frameworks/OpenGL.framework/Versions/A/Libraries/libGFXShared.dylib
0x00007ffa1df9b000 	/System/Library/Frameworks/OpenGL.framework/Versions/A/Libraries/libGL.dylib
0x00007ffa1dd96000 	/System/Library/Frameworks/OpenGL.framework/Versions/A/Libraries/libGLImage.dylib
0x00007ffa1dd8a000 	/System/Library/Frameworks/OpenGL.framework/Versions/A/Libraries/libCVMSPluginSupport.dylib
0x00007ffa1dd75000 	/System/Library/Frameworks/OpenGL.framework/Versions/A/Libraries/libCoreVMClient.dylib
0x00007ff80f394000 	/System/Library/Frameworks/MetalPerformanceShaders.framework/Versions/A/Frameworks/MPSCore.framework/Versions/A/MPSCore
0x00007ff8106e2000 	/System/Library/Frameworks/MetalPerformanceShaders.framework/Versions/A/Frameworks/MPSImage.framework/Versions/A/MPSImage
0x00007ff810191000 	/System/Library/Frameworks/MetalPerformanceShaders.framework/Versions/A/Frameworks/MPSNeuralNetwork.framework/Versions/A/MPSNeuralNetwork
0x00007ff810606000 	/System/Library/Frameworks/MetalPerformanceShaders.framework/Versions/A/Frameworks/MPSMatrix.framework/Versions/A/MPSMatrix
0x00007ff8103c2000 	/System/Library/Frameworks/MetalPerformanceShaders.framework/Versions/A/Frameworks/MPSRayIntersector.framework/Versions/A/MPSRayIntersector
0x00007ff81063f000 	/System/Library/Frameworks/MetalPerformanceShaders.framework/Versions/A/Frameworks/MPSNDArray.framework/Versions/A/MPSNDArray
0x00007ffa2298f000 	/System/Library/Frameworks/MetalPerformanceShaders.framework/Versions/A/Frameworks/MPSFunctions.framework/Versions/A/MPSFunctions
0x00007ff806115000 	/System/Library/PrivateFrameworks/MetalTools.framework/Versions/A/MetalTools
0x00007ff80f40e000 	/System/Library/PrivateFrameworks/AggregateDictionary.framework/Versions/A/AggregateDictionary
0x00007ff8115a0000 	/usr/lib/libIOReport.dylib
0x00007ffa1f3aa000 	/System/Library/Frameworks/OpenCL.framework/Versions/A/OpenCL
0x00007ff811904000 	/System/Library/PrivateFrameworks/FaceCore.framework/Versions/A/FaceCore
0x00007ff8118f5000 	/System/Library/PrivateFrameworks/GraphVisualizer.framework/Versions/A/GraphVisualizer
0x00007ffb09b61000 	/System/Library/PrivateFrameworks/FontServices.framework/Versions/A/FontServices
0x00007ff811d21000 	/System/Library/PrivateFrameworks/OTSVG.framework/Versions/A/OTSVG
0x00007ff80d1eb000 	/System/Library/Frameworks/ApplicationServices.framework/Versions/A/Frameworks/ATS.framework/Versions/A/Resources/libFontRegistry.dylib
0x00007ff811d72000 	/System/Library/PrivateFrameworks/FontServices.framework/libhvf.dylib
0x00007ffb09b62000 	/System/Library/PrivateFrameworks/FontServices.framework/libXTFontStaticRegistryData.dylib
0x00007ff81176e000 	/System/Library/PrivateFrameworks/AppleVA.framework/Versions/A/AppleVA
0x00007ff813888000 	/System/Library/Frameworks/ApplicationServices.framework/Versions/A/Frameworks/ATS.framework/Versions/A/ATS
0x00007ff80b3f6000 	/System/Library/Frameworks/ApplicationServices.framework/Versions/A/Frameworks/HIServices.framework/Versions/A/HIServices
0x00007ff812863000 	/System/Library/Frameworks/ApplicationServices.framework/Versions/A/Frameworks/PrintCore.framework/Versions/A/PrintCore
0x00007ff813c0c000 	/System/Library/Frameworks/ApplicationServices.framework/Versions/A/Frameworks/QD.framework/Versions/A/QD
0x00007ff813c04000 	/System/Library/Frameworks/ApplicationServices.framework/Versions/A/Frameworks/ColorSyncLegacy.framework/Versions/A/ColorSyncLegacy
0x00007ff813878000 	/System/Library/Frameworks/ApplicationServices.framework/Versions/A/Frameworks/SpeechSynthesis.framework/Versions/A/SpeechSynthesis
0x00007ff812824000 	/System/Library/Frameworks/ApplicationServices.framework/Versions/A/Frameworks/ATSUI.framework/Versions/A/ATSUI
0x00007ff813b99000 	/usr/lib/libcups.2.dylib
0x00007ff813f5c000 	/System/Library/Frameworks/Kerberos.framework/Versions/A/Kerberos
0x00007ff813f6b000 	/System/Library/Frameworks/GSS.framework/Versions/A/GSS
0x00007ff8138f4000 	/usr/lib/libresolv.9.dylib
0x00007ff811d81000 	/System/Library/PrivateFrameworks/Heimdal.framework/Versions/A/Heimdal
0x00007ff81aa59000 	/System/Library/Frameworks/Kerberos.framework/Versions/A/Libraries/libHeimdalProxy.dylib
0x00007ff80c0d8000 	/System/Library/Frameworks/Network.framework/Versions/A/Network
0x00007ff8117d8000 	/usr/lib/libheimdal-asn1.dylib
0x00007ff813fb7000 	/System/Library/PrivateFrameworks/CommonAuth.framework/Versions/A/CommonAuth
0x00007ff8137f5000 	/System/Library/PrivateFrameworks/AudioSession.framework/Versions/A/AudioSession
0x00007ff811868000 	/System/Library/PrivateFrameworks/MediaExperience.framework/Versions/A/MediaExperience
0x00007ff813689000 	/System/Library/PrivateFrameworks/AudioSession.framework/libSessionUtility.dylib
0x00007ff813c18000 	/System/Library/PrivateFrameworks/AudioResourceArbitration.framework/Versions/A/AudioResourceArbitration
0x00007ff817c0a000 	/System/Library/PrivateFrameworks/PowerLog.framework/Versions/A/PowerLog
0x00007ff8117e1000 	/System/Library/PrivateFrameworks/IconFoundation.framework/Versions/A/IconFoundation
0x00007ff816a24000 	/System/Library/PrivateFrameworks/SpeechRecognitionCore.framework/Versions/A/SpeechRecognitionCore
0x000000010c208000 	/Library/Java/JavaVirtualMachines/jdk-10.0.2.jdk/Contents/Home/lib/server/libjvm.dylib
0x00007ffb1c480000 	/usr/lib/libstdc++.6.dylib
0x000000010b4c4000 	/Library/Java/JavaVirtualMachines/jdk-10.0.2.jdk/Contents/Home/lib/libverify.dylib
0x000000010b565000 	/Library/Java/JavaVirtualMachines/jdk-10.0.2.jdk/Contents/Home/lib/libjava.dylib
0x000000010b5d9000 	/Library/Java/JavaVirtualMachines/jdk-10.0.2.jdk/Contents/Home/lib/libinstrument.dylib
0x000000010b539000 	/Library/Java/JavaVirtualMachines/jdk-10.0.2.jdk/Contents/Home/lib/libzip.dylib
0x000000010b54f000 	/Library/Java/JavaVirtualMachines/jdk-10.0.2.jdk/Contents/Home/lib/libjimage.dylib
0x000000010b4f9000 	/Library/Java/JavaVirtualMachines/jdk-10.0.2.jdk/Contents/Home/lib/libnio.dylib
0x000000010bd2d000 	/Library/Java/JavaVirtualMachines/jdk-10.0.2.jdk/Contents/Home/lib/libnet.dylib
0x000000010becf000 	/Library/Java/JavaVirtualMachines/jdk-10.0.2.jdk/Contents/Home/lib/libprism_es2.dylib
0x00007ff8081be000 	/System/Library/PrivateFrameworks/CoreServicesInternal.framework/Versions/A/CoreServicesInternal
0x00007ffa1dfa6000 	/System/Library/Frameworks/OpenGL.framework/Versions/A/Resources/GLEngine.bundle/GLEngine
0x00007ffa1de08000 	/System/Library/Frameworks/OpenGL.framework/Versions/A/Libraries/libGLProgrammability.dylib
0x000000013ffd8000 	/System/Library/Extensions/AppleMetalOpenGLRenderer.bundle/Contents/MacOS/AppleMetalOpenGLRenderer
0x00007ffa1e135000 	/System/Library/Frameworks/OpenGL.framework/Versions/A/Resources/GLRendererFloat.bundle/GLRendererFloat
0x00007ffa13d2a000 	/System/Library/Extensions/AGXMetalG13X.bundle/Contents/MacOS/AGXMetalG13X
0x00007ff90b5ce000 	/System/Library/PrivateFrameworks/GPURawCounter.framework/Versions/A/GPURawCounter
0x00007ff9060fe000 	/System/Library/PrivateFrameworks/IOGPU.framework/Versions/A/IOGPU
0x000000010c125000 	/Library/Java/JavaVirtualMachines/jdk-10.0.2.jdk/Contents/Home/lib/libglass.dylib
0x00007ff8181fb000 	/System/Library/Frameworks/FileProvider.framework/Versions/A/FileProvider
0x00007ff80beb7000 	/System/Library/Frameworks/Accounts.framework/Versions/A/Accounts
0x00007ff818373000 	/System/Library/PrivateFrameworks/GenerationalStorage.framework/Versions/A/GenerationalStorage
0x00007ff818e85000 	/System/Library/PrivateFrameworks/CoreSymbolication.framework/Versions/A/CoreSymbolication
0x00007ff817bff000 	/System/Library/PrivateFrameworks/SymptomDiagnosticReporter.framework/Versions/A/SymptomDiagnosticReporter
0x00007ff809482000 	/System/Library/PrivateFrameworks/DesktopServicesPriv.framework/Versions/A/DesktopServicesPriv
0x00007ff8082ff000 	/usr/lib/libsandbox.1.dylib
0x00007ff80d682000 	/System/Library/PrivateFrameworks/UserManagement.framework/Versions/A/UserManagement
0x00007ff818e4a000 	/System/Library/PrivateFrameworks/DebugSymbols.framework/Versions/A/DebugSymbols
0x00007ff813bf9000 	/System/Library/PrivateFrameworks/NetAuth.framework/Versions/A/NetAuth
0x00007ff814ae8000 	/System/Library/PrivateFrameworks/Sharing.framework/Versions/A/Sharing
0x00007ff80d655000 	/System/Library/PrivateFrameworks/login.framework/Versions/A/Frameworks/loginsupport.framework/Versions/A/loginsupport
0x00007ff819f8b000 	/System/Library/PrivateFrameworks/Apple80211.framework/Versions/A/Apple80211
0x00007ff8107c7000 	/System/Library/PrivateFrameworks/AuthKit.framework/Versions/A/AuthKit
0x00007ff80fe1d000 	/System/Library/PrivateFrameworks/CoreUtils.framework/Versions/A/CoreUtils
0x00007ff80fd44000 	/System/Library/Frameworks/CoreWLAN.framework/Versions/A/CoreWLAN
0x00007ff814c43000 	/System/Library/Frameworks/IOBluetooth.framework/Versions/A/IOBluetooth
0x00007ff819ff3000 	/System/Library/PrivateFrameworks/CoreWiFi.framework/Versions/A/CoreWiFi
0x00007ff818a1f000 	/System/Library/PrivateFrameworks/FrontBoardServices.framework/Versions/A/FrontBoardServices
0x00007ff818ab1000 	/System/Library/PrivateFrameworks/BoardServices.framework/Versions/A/BoardServices
0x00007ff810037000 	/System/Library/PrivateFrameworks/AssertionServices.framework/Versions/A/AssertionServices
0x00007ff81a177000 	/System/Library/PrivateFrameworks/BackBoardServices.framework/Versions/A/BackBoardServices
0x00007ff814046000 	/System/Library/PrivateFrameworks/CorePhoneNumbers.framework/Versions/A/CorePhoneNumbers
0x00007ff817d1c000 	/System/Library/PrivateFrameworks/DiskManagement.framework/Versions/A/DiskManagement
0x00007ff817c30000 	/System/Library/PrivateFrameworks/AppleIDAuthSupport.framework/Versions/A/AppleIDAuthSupport
0x00007ffa24948000 	/System/Library/PrivateFrameworks/AAAFoundation.framework/Versions/A/AAAFoundation
0x00007ff814027000 	/System/Library/PrivateFrameworks/KeychainCircle.framework/Versions/A/KeychainCircle
0x00007ff817ce8000 	/System/Library/PrivateFrameworks/MediaKit.framework/Versions/A/MediaKit
0x00007ff817c3c000 	/System/Library/Frameworks/DiscRecording.framework/Versions/A/DiscRecording
0x00007ff8116e6000 	/usr/lib/libCoreStorage.dylib
0x00007ff81a466000 	/usr/lib/libcsfde.dylib
0x00007ff814d10000 	/System/Library/PrivateFrameworks/ProtectedCloudStorage.framework/Versions/A/ProtectedCloudStorage
0x00007ff81a462000 	/System/Library/PrivateFrameworks/EFILogin.framework/Versions/A/EFILogin
0x00007ff818399000 	/System/Library/PrivateFrameworks/OctagonTrust.framework/Versions/A/OctagonTrust
0x00007ffb08e83000 	/System/Library/PrivateFrameworks/CoreUtilsExtras.framework/Versions/A/CoreUtilsExtras
0x00007ff817b72000 	/System/Library/Frameworks/CoreBluetooth.framework/Versions/A/CoreBluetooth
0x00007ff81aade000 	/System/Library/Frameworks/AudioUnit.framework/Versions/A/AudioUnit
0x00007ff8116de000 	/usr/lib/libMatch.1.dylib
0x00007ff90fa17000 	/System/Library/Frameworks/Accelerate.framework/Versions/A/Frameworks/vImage.framework/Versions/A/Libraries/libCGInterfaces.dylib
0x0000000141af6000 	/usr/lib/libobjc-trampolines.dylib
0x00007ff80d37b000 	/System/Library/PrivateFrameworks/ViewBridge.framework/Versions/A/ViewBridge
0x00007ffb1baf8000 	/usr/lib/libRosetta.dylib
0x000000014389f000 	/Library/Java/JavaVirtualMachines/jdk-10.0.2.jdk/Contents/Home/lib/libjavafx_font.dylib
0x000000014393e000 	/Library/Java/JavaVirtualMachines/jdk-10.0.2.jdk/Contents/Home/lib/libawt.dylib
0x0000000143a85000 	/Library/Java/JavaVirtualMachines/jdk-10.0.2.jdk/Contents/Home/lib/libmlib_image.dylib
0x00007ffa228f1000 	/System/Library/Frameworks/JavaNativeFoundation.framework/Versions/A/JavaNativeFoundation
0x00007ffa228fd000 	/System/Library/Frameworks/JavaRuntimeSupport.framework/Versions/A/JavaRuntimeSupport
0x00007ff90a66a000 	/System/Library/Frameworks/Carbon.framework/Versions/A/Carbon
0x00007ff81e31f000 	/System/Library/Frameworks/Carbon.framework/Versions/A/Frameworks/CommonPanels.framework/Versions/A/CommonPanels
0x00007ff81a45e000 	/System/Library/Frameworks/Carbon.framework/Versions/A/Frameworks/Help.framework/Versions/A/Help
0x00007ff81e323000 	/System/Library/Frameworks/Carbon.framework/Versions/A/Frameworks/ImageCapture.framework/Versions/A/ImageCapture
0x00007ff81e2f3000 	/System/Library/Frameworks/Carbon.framework/Versions/A/Frameworks/OpenScripting.framework/Versions/A/OpenScripting
0x00007ff81e31b000 	/System/Library/Frameworks/Carbon.framework/Versions/A/Frameworks/Ink.framework/Versions/A/Ink
0x00007ff90a666000 	/System/Library/Frameworks/Carbon.framework/Versions/A/Frameworks/Print.framework/Versions/A/Print
0x00007ff81e317000 	/System/Library/Frameworks/Carbon.framework/Versions/A/Frameworks/SecurityHI.framework/Versions/A/SecurityHI
0x0000000143c09000 	/Library/Java/JavaVirtualMachines/jdk-10.0.2.jdk/Contents/Home/lib/libawt_lwawt.dylib
0x00000001438d6000 	/Library/Java/JavaVirtualMachines/jdk-10.0.2.jdk/Contents/Home/lib/libosxapp.dylib
0x00007ff909aa3000 	/System/Library/Frameworks/ExceptionHandling.framework/Versions/A/ExceptionHandling
0x0000000143d86000 	/Library/Java/JavaVirtualMachines/jdk-10.0.2.jdk/Contents/Home/lib/libfontmanager.dylib
0x00007ff811e3b000 	/System/Library/PrivateFrameworks/login.framework/Versions/A/login
0x00007ff8170ef000 	/System/Library/PrivateFrameworks/SystemAdministration.framework/Versions/A/SystemAdministration
0x00007ff812a8b000 	/System/Library/Frameworks/MediaToolbox.framework/Versions/A/MediaToolbox
0x00007ff8169f0000 	/System/Library/Frameworks/DirectoryService.framework/Versions/A/DirectoryService
0x00007ff81a304000 	/System/Library/PrivateFrameworks/DiskImages.framework/Versions/A/DiskImages
0x00007ff8100df000 	/System/Library/Frameworks/ServiceManagement.framework/Versions/A/ServiceManagement
0x00007ff81a4de000 	/System/Library/PrivateFrameworks/LoginUIKit.framework/Versions/A/Frameworks/LoginUICore.framework/Versions/A/LoginUICore
0x00007ff811fe9000 	/usr/lib/libodfde.dylib
0x00007ff8181cb000 	/System/Library/PrivateFrameworks/CoreAVCHD.framework/Versions/A/CoreAVCHD
0x00007ff8170b3000 	/System/Library/Frameworks/MediaAccessibility.framework/Versions/A/MediaAccessibility
0x00007ff8181c7000 	/System/Library/PrivateFrameworks/Mangrove.framework/Versions/A/Mangrove
0x00007ff8170be000 	/System/Library/PrivateFrameworks/AlgosScoreFramework.framework/Versions/A/AlgosScoreFramework
0x00007ffb062c8000 	/System/Library/PrivateFrameworks/CMPhoto.framework/Versions/A/CMPhoto
0x00007ff818d20000 	/System/Library/PrivateFrameworks/AppleVPA.framework/Versions/A/AppleVPA
0x00007ff817e0c000 	/System/Library/PrivateFrameworks/CoreAUC.framework/Versions/A/CoreAUC
0x00007ff81a472000 	/usr/lib/libcurl.4.dylib
0x00007ff81a1cf000 	/usr/lib/libcrypto.44.dylib
0x00007ff81a2d7000 	/usr/lib/libssl.46.dylib
0x00007ff81a195000 	/System/Library/Frameworks/LDAP.framework/Versions/A/LDAP
0x00007ff81a1cd000 	/System/Library/PrivateFrameworks/TrustEvaluationAgent.framework/Versions/A/TrustEvaluationAgent
0x00007ff81390d000 	/usr/lib/libsasl2.2.dylib
0x00007ff8170e3000 	/System/Library/PrivateFrameworks/CoreDaemon.framework/Versions/B/CoreDaemon
0x00007ff8170de000 	/System/Library/PrivateFrameworks/AppleSRP.framework/Versions/A/AppleSRP


VM Arguments:
jvm_args: -javaagent:/Applications/IntelliJ IDEA.app/Contents/lib/idea_rt.jar=54596:/Applications/IntelliJ IDEA.app/Contents/bin -Dfile.encoding=UTF-8 
java_command: proj4TymkiwYuLoverude.Main
java_class_path (initial): /Users/tymkiwinky23/IdeaProjects/proj4TymkiwYuLoverude/out/production/proj4TymkiwYuLoverude:/Users/tymkiwinky23/IdeaProjects/proj4TymkiwYuLoverude/richtextfx-fat-0.10.7.jar
Launcher Type: SUN_STANDARD

Logging:
Log output configuration:
#0: stdout all=warning uptime,level,tags
#1: stderr all=off uptime,level,tags

Environment Variables:
PATH=/opt/homebrew/bin:/Library/Frameworks/Python.framework/Versions/3.10/bin:/usr/local/bin:/usr/bin:/bin:/usr/sbin:/sbin
SHELL=/bin/zsh

Signal Handlers:
SIGSEGV: [libjvm.dylib+0x79ac14], sa_mask[0]=11111111111111111111111111111111, sa_flags=SA_ONSTACK|SA_RESTART|SA_SIGINFO
SIGBUS: [libjvm.dylib+0x79ac14], sa_mask[0]=11111111111111111111111111111111, sa_flags=SA_RESTART|SA_SIGINFO
SIGFPE: [libjvm.dylib+0x79ac14], sa_mask[0]=11111111111111111111111111111111, sa_flags=SA_RESTART|SA_SIGINFO
SIGPIPE: [libjvm.dylib+0x635960], sa_mask[0]=11111111111111111111111111111111, sa_flags=SA_RESTART|SA_SIGINFO
SIGXFSZ: [libjvm.dylib+0x635960], sa_mask[0]=11111111111111111111111111111111, sa_flags=SA_RESTART|SA_SIGINFO
SIGILL: [libjvm.dylib+0x79ac14], sa_mask[0]=11111111111111111111111111111111, sa_flags=SA_RESTART|SA_SIGINFO
SIGUSR2: [libjvm.dylib+0x6361f0], sa_mask[0]=00100000000000000000000000000000, sa_flags=SA_RESTART|SA_SIGINFO
SIGHUP: [libjvm.dylib+0x6349db], sa_mask[0]=11111111111111111111111111111111, sa_flags=SA_RESTART|SA_SIGINFO
SIGINT: [libjvm.dylib+0x6349db], sa_mask[0]=11111111111111111111111111111111, sa_flags=SA_RESTART|SA_SIGINFO
SIGTERM: [libjvm.dylib+0x6349db], sa_mask[0]=11111111111111111111111111111111, sa_flags=SA_RESTART|SA_SIGINFO
SIGQUIT: [libjvm.dylib+0x6349db], sa_mask[0]=11111111111111111111111111111111, sa_flags=SA_RESTART|SA_SIGINFO


---------------  S Y S T E M  ---------------

OS:uname:Darwin 21.3.0 Darwin Kernel Version 21.3.0: Wed Jan  5 21:37:58 PST 2022; root:xnu-8019.80.24~20/RELEASE_ARM64_T6000 x86_64
rlimit: STACK 8176k, CORE 0k, NPROC 5333, NOFILE 10240, AS infinity, DATA infinity, FSIZE infinity
load average:5.36 4.98 3.68

CPU:total 8 (initial active 8) (1 cores per cpu, 1 threads per core) family 6 model 44 stepping 0, cmov, cx8, fxsr, mmx, sse, sse2, sse3, ssse3, sse4.1, sse4.2, popcnt, aes, clmul, tsc, tscinvbit, tscinv

Memory: 4k page, physical 33554432k(15040k free)

vm_info: Java HotSpot(TM) 64-Bit Server VM (10.0.2+13) for bsd-amd64 JRE (10.0.2+13), built on Jun 28 2018 00:49:51 by "mach5one" with gcc 4.2.1 Compatible Apple LLVM 6.1.0 (clang-602.0.49)

END.
