#
# A fatal error has been detected by the Java Runtime Environment:
#
#  Internal Error (safepoint.cpp:860), pid=17899, tid=82695
#  fatal error: Illegal threadstate encountered: 4
#
# JRE version: Java(TM) SE Runtime Environment (10.0.2+13) (build 10.0.2+13)
# Java VM: Java HotSpot(TM) 64-Bit Server VM (10.0.2+13, mixed mode, tiered, compressed oops, g1 gc, bsd-amd64)
# No core dump will be written. Core dumps have been disabled. To enable core dumping, try "ulimit -c unlimited" before starting Java again
#
# If you would like to submit a bug report, please visit:
#   http://bugreport.java.com/bugreport/crash.jsp
# The crash happened outside the Java Virtual Machine in native code.
# See problematic frame for where to report the bug.
#

---------------  S U M M A R Y ------------

Command Line: -javaagent:/Applications/IntelliJ IDEA.app/Contents/lib/idea_rt.jar=54864:/Applications/IntelliJ IDEA.app/Contents/bin -Dfile.encoding=UTF-8 proj4TymkiwYuLoverude.Main

Host: MacBookPro18,3 x86_64 2400 MHz, 8 cores, 32G, Darwin 21.3.0
Time: Sat Mar  5 09:50:26 2022 EST elapsed time: 23 seconds (0d 0h 0m 23s)

---------------  T H R E A D  ---------------

Current thread (0x00007f9f2686f000):  JavaThread "InvokeLaterDispatcher" daemon [_thread_in_native, id=82695, stack(0x0000000307963000,0x0000000307a63000)]

Stack: [0x0000000307963000,0x0000000307a63000],  sp=0x0000000307a61320,  free space=1016k
Native frames: (J=compiled Java code, A=aot compiled Java code, j=interpreted, Vv=VM code, C=native code)
V  [libjvm.dylib+0x799cb1]  _ZN7VMError14report_and_dieEiPKcS1_P13__va_list_tagP6ThreadPhPvS7_S1_im+0x4df
V  [libjvm.dylib+0x79a374]  _ZN7VMError14report_and_dieEP6ThreadPKciS3_S3_P13__va_list_tag+0x4a
V  [libjvm.dylib+0x28bd01]  _Z12report_fatalPKciS0_z+0xc0
V  [libjvm.dylib+0x6af2fe]  _ZN20SafepointSynchronize5blockEP10JavaThread+0x172
V  [libjvm.dylib+0x747deb]  _ZN10JavaThread44check_safepoint_and_suspend_for_native_transEPS_+0xd5
V  [libjvm.dylib+0x765bdf]  _ZN21ThreadStateTransition22transition_from_nativeEP10JavaThread15JavaThreadState+0x3f
V  [libjvm.dylib+0x41130d]  jni_DeleteGlobalRef+0x46
C  [libglass.dylib+0x49a1]  -[GlassRunnable dealloc]+0x31
C  [libobjc.A.dylib+0x291ee]  _ZN11objc_object17sidetable_releaseEbb+0xe8
C  [Foundation+0x80eab]  -[_NSThreadPerformInfo dealloc]+0x2a
C  [libobjc.A.dylib+0x291ee]  _ZN11objc_object17sidetable_releaseEbb+0xe8
C  [Foundation+0x4dcd7]  -[NSObject(NSThreadPerformAdditions) performSelectorOnMainThread:withObject:waitUntilDone:]+0x7c
J 4408  com.sun.glass.ui.mac.MacApplication._submitForLaterInvocation(Ljava/lang/Runnable;)V javafx.graphics@10.0.2 (0 bytes) @ 0x000000011ebf0bfc [0x000000011ebf0b40+0x00000000000000bc]
J 4175 c1 com.sun.glass.ui.mac.MacApplication.submitForLaterInvocation(Ljava/lang/Runnable;)V javafx.graphics@10.0.2 (6 bytes) @ 0x0000000117d1ffb4 [0x0000000117d1ff40+0x0000000000000074]
j  com.sun.glass.ui.InvokeLaterDispatcher.run()V+82 javafx.graphics@10.0.2
v  ~StubRoutines::call_stub
V  [libjvm.dylib+0x3d8c0e]  _ZN9JavaCalls11call_helperEP9JavaValueRK12methodHandleP17JavaCallArgumentsP6Thread+0x216
V  [libjvm.dylib+0x3d8222]  _ZN9JavaCalls12call_virtualEP9JavaValueP5KlassP6SymbolS5_P17JavaCallArgumentsP6Thread+0x12a
V  [libjvm.dylib+0x3d82e2]  _ZN9JavaCalls12call_virtualEP9JavaValue6HandleP5KlassP6SymbolS6_P6Thread+0x6a
V  [libjvm.dylib+0x454078]  _ZL12thread_entryP10JavaThreadP6Thread+0x77
V  [libjvm.dylib+0x74679c]  _ZN10JavaThread17thread_main_innerEv+0x86
V  [libjvm.dylib+0x633a5f]  _ZL19thread_native_entryP6Thread+0x12b
C  [libsystem_pthread.dylib+0x64f4]  _pthread_start+0x7d
C  [libsystem_pthread.dylib+0x200f]  thread_start+0xf
C  0x0000000000000000

Java frames: (J=compiled Java code, j=interpreted, Vv=VM code)
J 4408  com.sun.glass.ui.mac.MacApplication._submitForLaterInvocation(Ljava/lang/Runnable;)V javafx.graphics@10.0.2 (0 bytes) @ 0x000000011ebf0b8c [0x000000011ebf0b40+0x000000000000004c]
J 4175 c1 com.sun.glass.ui.mac.MacApplication.submitForLaterInvocation(Ljava/lang/Runnable;)V javafx.graphics@10.0.2 (6 bytes) @ 0x0000000117d1ffb4 [0x0000000117d1ff40+0x0000000000000074]
j  com.sun.glass.ui.InvokeLaterDispatcher.run()V+82 javafx.graphics@10.0.2
v  ~StubRoutines::call_stub

---------------  P R O C E S S  ---------------

Threads class SMR info:
_java_thread_list=0x0000600001bafd40, length=21, elements={
0x00007f9f2581a000, 0x00007f9f27185800, 0x00007f9f27188800, 0x00007f9f26811000,
0x00007f9f27189800, 0x00007f9f2718a000, 0x00007f9f2718b000, 0x00007f9f26812000,
0x00007f9f1600a000, 0x00007f9f25840800, 0x00007f9f260bc000, 0x00007f9f2713c000,
0x00007f9f168b3000, 0x00007f9f2686f000, 0x00007f9f260e5800, 0x00007f9f27240000,
0x00007f9f2686f800, 0x00007f9f161b7000, 0x00007f9f27343000, 0x00007f9ed59fb000,
0x00007f9f25daf000
}

Java Threads: ( => current thread )
  0x00007f9f2581a000 JavaThread "main" [_thread_blocked, id=7171, stack(0x0000000305462000,0x0000000305562000)]
  0x00007f9f27185800 JavaThread "Reference Handler" daemon [_thread_blocked, id=41731, stack(0x0000000306aa4000,0x0000000306ba4000)]
  0x00007f9f27188800 JavaThread "Finalizer" daemon [_thread_blocked, id=40963, stack(0x0000000306ba7000,0x0000000306ca7000)]
  0x00007f9f26811000 JavaThread "Signal Dispatcher" daemon [_thread_blocked, id=39171, stack(0x0000000306dbb000,0x0000000306ebb000)]
  0x00007f9f27189800 JavaThread "C2 CompilerThread0" daemon [_thread_blocked, id=38403, stack(0x0000000306ebe000,0x0000000306fbe000)]
  0x00007f9f2718a000 JavaThread "C2 CompilerThread1" daemon [_thread_blocked, id=38147, stack(0x0000000306fc1000,0x00000003070c1000)]
  0x00007f9f2718b000 JavaThread "C2 CompilerThread2" daemon [_thread_blocked, id=28931, stack(0x00000003070c4000,0x00000003071c4000)]
  0x00007f9f26812000 JavaThread "C1 CompilerThread3" daemon [_thread_blocked, id=37379, stack(0x00000003071c7000,0x00000003072c7000)]
  0x00007f9f1600a000 JavaThread "Sweeper thread" daemon [_thread_blocked, id=29443, stack(0x00000003072ca000,0x00000003073ca000)]
  0x00007f9f25840800 JavaThread "Common-Cleaner" daemon [_thread_blocked, id=36099, stack(0x00000003073cd000,0x00000003074cd000)]
  0x00007f9f260bc000 JavaThread "Monitor Ctrl-Break" daemon [_thread_in_native, id=35331, stack(0x00000003074d0000,0x00000003075d0000)]
  0x00007f9f2713c000 JavaThread "Service Thread" daemon [_thread_blocked, id=32003, stack(0x00000003075d3000,0x00000003076d3000)]
  0x00007f9f168b3000 JavaThread "QuantumRenderer-0" daemon [_thread_blocked, id=34051, stack(0x00000003077d9000,0x00000003078d9000)]
=>0x00007f9f2686f000 JavaThread "InvokeLaterDispatcher" daemon [_thread_in_native, id=82695, stack(0x0000000307963000,0x0000000307a63000)]
  0x00007f9f260e5800 JavaThread "JavaFX Application Thread" [_thread_in_native, id=259, stack(0x0000000304bdf000,0x00000003053df000)]
  0x00007f9f27240000 JavaThread "Thread-2" daemon [_thread_in_native, id=53771, stack(0x0000000307aef000,0x0000000307b6f000)]
  0x00007f9f2686f800 JavaThread "JavaFX-Launcher" [_thread_blocked, id=61699, stack(0x0000000307c7b000,0x0000000307d7b000)]
  0x00007f9f161b7000 JavaThread "Attach Listener" daemon [_thread_blocked, id=62467, stack(0x0000000307d7e000,0x0000000307e7e000)]
  0x00007f9f27343000 JavaThread "Java2D Disposer" daemon [_thread_blocked, id=64515, stack(0x0000000307e81000,0x0000000307f81000)]
  0x00007f9ed59fb000 JavaThread "Prism Font Disposer" daemon [_thread_blocked, id=88323, stack(0x0000000307f84000,0x0000000308084000)]
  0x00007f9f25daf000 JavaThread "Cleaner-0" daemon [_thread_blocked, id=165651, stack(0x0000000308087000,0x0000000308187000)]

Other Threads:
  0x00007f9f25832800 VMThread "VM Thread" [stack: 0x00000003069a1000,0x0000000306aa1000] [id=41987]
  0x00007f9f271c6000 WatcherThread [stack: 0x00000003076d6000,0x00000003077d6000] [id=34639]
  0x00007f9f25816800 GCTaskThread "GC Thread#0" [stack: 0x0000000305565000,0x0000000305665000] [id=20483]
  0x00007f9f25827000 GCTaskThread "GC Thread#1" [stack: 0x0000000305668000,0x0000000305768000] [id=19971]
  0x00007f9f25827800 GCTaskThread "GC Thread#2" [stack: 0x000000030576b000,0x000000030586b000] [id=19459]
  0x00007f9f25828800 GCTaskThread "GC Thread#3" [stack: 0x000000030586e000,0x000000030596e000] [id=19203]
  0x00007f9f25829000 GCTaskThread "GC Thread#4" [stack: 0x0000000305971000,0x0000000305a71000] [id=13059]
  0x00007f9f2582a000 GCTaskThread "GC Thread#5" [stack: 0x0000000305a74000,0x0000000305b74000] [id=18947]
  0x00007f9f2582a800 GCTaskThread "GC Thread#6" [stack: 0x0000000305b77000,0x0000000305c77000] [id=13827]
  0x00007f9f27009000 GCTaskThread "GC Thread#7" [stack: 0x0000000305c7a000,0x0000000305d7a000] [id=14339]
  0x00007f9f27029800 ConcurrentGCThread "G1 Main Marker" [stack: 0x0000000305d7d000,0x0000000305e7d000] [id=18691]
  0x00007f9f2702a800 ConcurrentGCThread "G1 Conc#0" [stack: 0x0000000305e80000,0x0000000305f80000] [id=15363]
  0x00007f9f2702b000 ConcurrentGCThread "G1 Conc#1" [stack: 0x0000000305f83000,0x0000000306083000] [id=15875]
  0x00007f9f2712c000 ConcurrentGCThread "G1 Refine#0" [stack: 0x0000000306086000,0x0000000306186000] [id=17923]
  0x00007f9f2712c800 ConcurrentGCThread "G1 Refine#1" [stack: 0x0000000306189000,0x0000000306289000] [id=16131]
  0x00007f9f2712d800 ConcurrentGCThread "G1 Refine#2" [stack: 0x000000030628c000,0x000000030638c000] [id=16387]
  0x00007f9f2712e000 ConcurrentGCThread "G1 Refine#3" [stack: 0x000000030638f000,0x000000030648f000] [id=16899]
  0x00007f9f2582b800 ConcurrentGCThread "G1 Refine#4" [stack: 0x0000000306492000,0x0000000306592000] [id=21763]
  0x00007f9f2712f000 ConcurrentGCThread "G1 Refine#5" [stack: 0x0000000306595000,0x0000000306695000] [id=22019]
  0x00007f9f2712f800 ConcurrentGCThread "G1 Refine#6" [stack: 0x0000000306698000,0x0000000306798000] [id=43011]
  0x00007f9f27130800 ConcurrentGCThread "G1 Refine#7" [stack: 0x000000030679b000,0x000000030689b000] [id=42755]
  0x00007f9f27131000 ConcurrentGCThread "G1 Young RemSet Sampling" [stack: 0x000000030689e000,0x000000030699e000] [id=42499]

Threads with active compile tasks:

VM state:not at safepoint (normal execution)

VM Mutex/Monitor currently owned by a thread:  ([mutex/lock_event])
[0x0000600003540c00] MethodData_lock - owner thread: 0x00007f9f260e5800

Heap address: 0x00000005c0000000, size: 8192 MB, Compressed Oops mode: Zero based, Oop shift amount: 3
Narrow klass base: 0x0000000000000000, Narrow klass shift: 3
Compressed class space size: 1073741824 Address: 0x00000007c0000000

Heap:
 garbage-first heap   total 524288K, used 38920K [0x00000005c0000000, 0x00000007c0000000)
  region size 2048K, 17 young (34816K), 1 survivors (2048K)
 Metaspace       used 30523K, capacity 31961K, committed 32304K, reserved 1077248K
  class space    used 3941K, capacity 4604K, committed 4656K, reserved 1048576K
Heap Regions: E=young(eden), S=young(survivor), O=old, HS=humongous(starts), HC=humongous(continues), CS=collection set, F=free, A=archive, TS=gc time stamp, AC=allocation context, TAMS=top-at-mark-start (previous, next)
|   0|0x00000005c0000000, 0x00000005c0200000, 0x00000005c0200000|100%| O|  |TS  0|AC  0|TAMS 0x00000005c0200000, 0x00000005c0200000|
|   1|0x00000005c0200000, 0x00000005c0400000, 0x00000005c0400000|100%| O|  |TS  0|AC  0|TAMS 0x00000005c0400000, 0x00000005c0400000|
|   2|0x00000005c0400000, 0x00000005c0562800, 0x00000005c0600000| 69%| O|  |TS  0|AC  0|TAMS 0x00000005c0562800, 0x00000005c0562800|
|   3|0x00000005c0600000, 0x00000005c0800000, 0x00000005c0800000|100%|HS|  |TS  0|AC  0|TAMS 0x00000005c0600000, 0x00000005c0600000|
|   4|0x00000005c0800000, 0x00000005c0800000, 0x00000005c0a00000|  0%| F|  |TS  0|AC  0|TAMS 0x00000005c0800000, 0x00000005c0800000|
|   5|0x00000005c0a00000, 0x00000005c0a00000, 0x00000005c0c00000|  0%| F|  |TS  0|AC  0|TAMS 0x00000005c0a00000, 0x00000005c0a00000|
|   6|0x00000005c0c00000, 0x00000005c0c00000, 0x00000005c0e00000|  0%| F|  |TS  0|AC  0|TAMS 0x00000005c0c00000, 0x00000005c0c00000|
|   7|0x00000005c0e00000, 0x00000005c0e00000, 0x00000005c1000000|  0%| F|  |TS  0|AC  0|TAMS 0x00000005c0e00000, 0x00000005c0e00000|
|   8|0x00000005c1000000, 0x00000005c1000000, 0x00000005c1200000|  0%| F|  |TS  0|AC  0|TAMS 0x00000005c1000000, 0x00000005c1000000|
|   9|0x00000005c1200000, 0x00000005c1200000, 0x00000005c1400000|  0%| F|  |TS  0|AC  0|TAMS 0x00000005c1200000, 0x00000005c1200000|
|  10|0x00000005c1400000, 0x00000005c1400000, 0x00000005c1600000|  0%| F|  |TS  0|AC  0|TAMS 0x00000005c1400000, 0x00000005c1400000|
|  11|0x00000005c1600000, 0x00000005c1600000, 0x00000005c1800000|  0%| F|  |TS  0|AC  0|TAMS 0x00000005c1600000, 0x00000005c1600000|
|  12|0x00000005c1800000, 0x00000005c1800000, 0x00000005c1a00000|  0%| F|  |TS  0|AC  0|TAMS 0x00000005c1800000, 0x00000005c1800000|
|  13|0x00000005c1a00000, 0x00000005c1a00000, 0x00000005c1c00000|  0%| F|  |TS  0|AC  0|TAMS 0x00000005c1a00000, 0x00000005c1a00000|
|  14|0x00000005c1c00000, 0x00000005c1c00000, 0x00000005c1e00000|  0%| F|  |TS  0|AC  0|TAMS 0x00000005c1c00000, 0x00000005c1c00000|
|  15|0x00000005c1e00000, 0x00000005c1e00000, 0x00000005c2000000|  0%| F|  |TS  0|AC  0|TAMS 0x00000005c1e00000, 0x00000005c1e00000|
|  16|0x00000005c2000000, 0x00000005c2000000, 0x00000005c2200000|  0%| F|  |TS  0|AC  0|TAMS 0x00000005c2000000, 0x00000005c2000000|
|  17|0x00000005c2200000, 0x00000005c2200000, 0x00000005c2400000|  0%| F|  |TS  0|AC  0|TAMS 0x00000005c2200000, 0x00000005c2200000|
|  18|0x00000005c2400000, 0x00000005c2400000, 0x00000005c2600000|  0%| F|  |TS  0|AC  0|TAMS 0x00000005c2400000, 0x00000005c2400000|
|  19|0x00000005c2600000, 0x00000005c2600000, 0x00000005c2800000|  0%| F|  |TS  0|AC  0|TAMS 0x00000005c2600000, 0x00000005c2600000|
|  20|0x00000005c2800000, 0x00000005c2800000, 0x00000005c2a00000|  0%| F|  |TS  0|AC  0|TAMS 0x00000005c2800000, 0x00000005c2800000|
|  21|0x00000005c2a00000, 0x00000005c2a00000, 0x00000005c2c00000|  0%| F|  |TS  0|AC  0|TAMS 0x00000005c2a00000, 0x00000005c2a00000|
|  22|0x00000005c2c00000, 0x00000005c2c00000, 0x00000005c2e00000|  0%| F|  |TS  0|AC  0|TAMS 0x00000005c2c00000, 0x00000005c2c00000|
|  23|0x00000005c2e00000, 0x00000005c2e00000, 0x00000005c3000000|  0%| F|  |TS  0|AC  0|TAMS 0x00000005c2e00000, 0x00000005c2e00000|
|  24|0x00000005c3000000, 0x00000005c3000000, 0x00000005c3200000|  0%| F|  |TS  0|AC  0|TAMS 0x00000005c3000000, 0x00000005c3000000|
|  25|0x00000005c3200000, 0x00000005c3200000, 0x00000005c3400000|  0%| F|  |TS  0|AC  0|TAMS 0x00000005c3200000, 0x00000005c3200000|
|  26|0x00000005c3400000, 0x00000005c3400000, 0x00000005c3600000|  0%| F|  |TS  0|AC  0|TAMS 0x00000005c3400000, 0x00000005c3400000|
|  27|0x00000005c3600000, 0x00000005c3600000, 0x00000005c3800000|  0%| F|  |TS  0|AC  0|TAMS 0x00000005c3600000, 0x00000005c3600000|
|  28|0x00000005c3800000, 0x00000005c3800000, 0x00000005c3a00000|  0%| F|  |TS  0|AC  0|TAMS 0x00000005c3800000, 0x00000005c3800000|
|  29|0x00000005c3a00000, 0x00000005c3a00000, 0x00000005c3c00000|  0%| F|  |TS  0|AC  0|TAMS 0x00000005c3a00000, 0x00000005c3a00000|
|  30|0x00000005c3c00000, 0x00000005c3c00000, 0x00000005c3e00000|  0%| F|  |TS  0|AC  0|TAMS 0x00000005c3c00000, 0x00000005c3c00000|
|  31|0x00000005c3e00000, 0x00000005c3e00000, 0x00000005c4000000|  0%| F|  |TS  0|AC  0|TAMS 0x00000005c3e00000, 0x00000005c3e00000|
|  32|0x00000005c4000000, 0x00000005c4000000, 0x00000005c4200000|  0%| F|  |TS  0|AC  0|TAMS 0x00000005c4000000, 0x00000005c4000000|
|  33|0x00000005c4200000, 0x00000005c4200000, 0x00000005c4400000|  0%| F|  |TS  0|AC  0|TAMS 0x00000005c4200000, 0x00000005c4200000|
|  34|0x00000005c4400000, 0x00000005c4400000, 0x00000005c4600000|  0%| F|  |TS  0|AC  0|TAMS 0x00000005c4400000, 0x00000005c4400000|
|  35|0x00000005c4600000, 0x00000005c4600000, 0x00000005c4800000|  0%| F|  |TS  0|AC  0|TAMS 0x00000005c4600000, 0x00000005c4600000|
|  36|0x00000005c4800000, 0x00000005c4800000, 0x00000005c4a00000|  0%| F|  |TS  0|AC  0|TAMS 0x00000005c4800000, 0x00000005c4800000|
|  37|0x00000005c4a00000, 0x00000005c4a00000, 0x00000005c4c00000|  0%| F|  |TS  0|AC  0|TAMS 0x00000005c4a00000, 0x00000005c4a00000|
|  38|0x00000005c4c00000, 0x00000005c4c00000, 0x00000005c4e00000|  0%| F|  |TS  0|AC  0|TAMS 0x00000005c4c00000, 0x00000005c4c00000|
|  39|0x00000005c4e00000, 0x00000005c4e00000, 0x00000005c5000000|  0%| F|  |TS  0|AC  0|TAMS 0x00000005c4e00000, 0x00000005c4e00000|
|  40|0x00000005c5000000, 0x00000005c5000000, 0x00000005c5200000|  0%| F|  |TS  0|AC  0|TAMS 0x00000005c5000000, 0x00000005c5000000|
|  41|0x00000005c5200000, 0x00000005c5200000, 0x00000005c5400000|  0%| F|  |TS  0|AC  0|TAMS 0x00000005c5200000, 0x00000005c5200000|
|  42|0x00000005c5400000, 0x00000005c5400000, 0x00000005c5600000|  0%| F|  |TS  0|AC  0|TAMS 0x00000005c5400000, 0x00000005c5400000|
|  43|0x00000005c5600000, 0x00000005c5600000, 0x00000005c5800000|  0%| F|  |TS  0|AC  0|TAMS 0x00000005c5600000, 0x00000005c5600000|
|  44|0x00000005c5800000, 0x00000005c5800000, 0x00000005c5a00000|  0%| F|  |TS  0|AC  0|TAMS 0x00000005c5800000, 0x00000005c5800000|
|  45|0x00000005c5a00000, 0x00000005c5a00000, 0x00000005c5c00000|  0%| F|  |TS  0|AC  0|TAMS 0x00000005c5a00000, 0x00000005c5a00000|
|  46|0x00000005c5c00000, 0x00000005c5c00000, 0x00000005c5e00000|  0%| F|  |TS  0|AC  0|TAMS 0x00000005c5c00000, 0x00000005c5c00000|
|  47|0x00000005c5e00000, 0x00000005c5e00000, 0x00000005c6000000|  0%| F|  |TS  0|AC  0|TAMS 0x00000005c5e00000, 0x00000005c5e00000|
|  48|0x00000005c6000000, 0x00000005c6000000, 0x00000005c6200000|  0%| F|  |TS  0|AC  0|TAMS 0x00000005c6000000, 0x00000005c6000000|
|  49|0x00000005c6200000, 0x00000005c6200000, 0x00000005c6400000|  0%| F|  |TS  0|AC  0|TAMS 0x00000005c6200000, 0x00000005c6200000|
|  50|0x00000005c6400000, 0x00000005c6400000, 0x00000005c6600000|  0%| F|  |TS  0|AC  0|TAMS 0x00000005c6400000, 0x00000005c6400000|
|  51|0x00000005c6600000, 0x00000005c6600000, 0x00000005c6800000|  0%| F|  |TS  0|AC  0|TAMS 0x00000005c6600000, 0x00000005c6600000|
|  52|0x00000005c6800000, 0x00000005c6800000, 0x00000005c6a00000|  0%| F|  |TS  0|AC  0|TAMS 0x00000005c6800000, 0x00000005c6800000|
|  53|0x00000005c6a00000, 0x00000005c6a00000, 0x00000005c6c00000|  0%| F|  |TS  0|AC  0|TAMS 0x00000005c6a00000, 0x00000005c6a00000|
|  54|0x00000005c6c00000, 0x00000005c6c00000, 0x00000005c6e00000|  0%| F|  |TS  0|AC  0|TAMS 0x00000005c6c00000, 0x00000005c6c00000|
|  55|0x00000005c6e00000, 0x00000005c6e00000, 0x00000005c7000000|  0%| F|  |TS  0|AC  0|TAMS 0x00000005c6e00000, 0x00000005c6e00000|
|  56|0x00000005c7000000, 0x00000005c7000000, 0x00000005c7200000|  0%| F|  |TS  0|AC  0|TAMS 0x00000005c7000000, 0x00000005c7000000|
|  57|0x00000005c7200000, 0x00000005c7200000, 0x00000005c7400000|  0%| F|  |TS  0|AC  0|TAMS 0x00000005c7200000, 0x00000005c7200000|
|  58|0x00000005c7400000, 0x00000005c7400000, 0x00000005c7600000|  0%| F|  |TS  0|AC  0|TAMS 0x00000005c7400000, 0x00000005c7400000|
|  59|0x00000005c7600000, 0x00000005c7600000, 0x00000005c7800000|  0%| F|  |TS  0|AC  0|TAMS 0x00000005c7600000, 0x00000005c7600000|
|  60|0x00000005c7800000, 0x00000005c7800000, 0x00000005c7a00000|  0%| F|  |TS  0|AC  0|TAMS 0x00000005c7800000, 0x00000005c7800000|
|  61|0x00000005c7a00000, 0x00000005c7a00000, 0x00000005c7c00000|  0%| F|  |TS  0|AC  0|TAMS 0x00000005c7a00000, 0x00000005c7a00000|
|  62|0x00000005c7c00000, 0x00000005c7c00000, 0x00000005c7e00000|  0%| F|  |TS  0|AC  0|TAMS 0x00000005c7c00000, 0x00000005c7c00000|
|  63|0x00000005c7e00000, 0x00000005c7e00000, 0x00000005c8000000|  0%| F|  |TS  0|AC  0|TAMS 0x00000005c7e00000, 0x00000005c7e00000|
|  64|0x00000005c8000000, 0x00000005c8000000, 0x00000005c8200000|  0%| F|  |TS  0|AC  0|TAMS 0x00000005c8000000, 0x00000005c8000000|
|  65|0x00000005c8200000, 0x00000005c8200000, 0x00000005c8400000|  0%| F|  |TS  0|AC  0|TAMS 0x00000005c8200000, 0x00000005c8200000|
|  66|0x00000005c8400000, 0x00000005c8400000, 0x00000005c8600000|  0%| F|  |TS  0|AC  0|TAMS 0x00000005c8400000, 0x00000005c8400000|
|  67|0x00000005c8600000, 0x00000005c8600000, 0x00000005c8800000|  0%| F|  |TS  0|AC  0|TAMS 0x00000005c8600000, 0x00000005c8600000|
|  68|0x00000005c8800000, 0x00000005c8800000, 0x00000005c8a00000|  0%| F|  |TS  0|AC  0|TAMS 0x00000005c8800000, 0x00000005c8800000|
|  69|0x00000005c8a00000, 0x00000005c8a00000, 0x00000005c8c00000|  0%| F|  |TS  0|AC  0|TAMS 0x00000005c8a00000, 0x00000005c8a00000|
|  70|0x00000005c8c00000, 0x00000005c8c00000, 0x00000005c8e00000|  0%| F|  |TS  0|AC  0|TAMS 0x00000005c8c00000, 0x00000005c8c00000|
|  71|0x00000005c8e00000, 0x00000005c8e00000, 0x00000005c9000000|  0%| F|  |TS  0|AC  0|TAMS 0x00000005c8e00000, 0x00000005c8e00000|
|  72|0x00000005c9000000, 0x00000005c9000000, 0x00000005c9200000|  0%| F|  |TS  0|AC  0|TAMS 0x00000005c9000000, 0x00000005c9000000|
|  73|0x00000005c9200000, 0x00000005c9200000, 0x00000005c9400000|  0%| F|  |TS  0|AC  0|TAMS 0x00000005c9200000, 0x00000005c9200000|
|  74|0x00000005c9400000, 0x00000005c9400000, 0x00000005c9600000|  0%| F|  |TS  0|AC  0|TAMS 0x00000005c9400000, 0x00000005c9400000|
|  75|0x00000005c9600000, 0x00000005c9600000, 0x00000005c9800000|  0%| F|  |TS  0|AC  0|TAMS 0x00000005c9600000, 0x00000005c9600000|
|  76|0x00000005c9800000, 0x00000005c9800000, 0x00000005c9a00000|  0%| F|  |TS  0|AC  0|TAMS 0x00000005c9800000, 0x00000005c9800000|
|  77|0x00000005c9a00000, 0x00000005c9a00000, 0x00000005c9c00000|  0%| F|  |TS  0|AC  0|TAMS 0x00000005c9a00000, 0x00000005c9a00000|
|  78|0x00000005c9c00000, 0x00000005c9c00000, 0x00000005c9e00000|  0%| F|  |TS  0|AC  0|TAMS 0x00000005c9c00000, 0x00000005c9c00000|
|  79|0x00000005c9e00000, 0x00000005c9e00000, 0x00000005ca000000|  0%| F|  |TS  0|AC  0|TAMS 0x00000005c9e00000, 0x00000005c9e00000|
|  80|0x00000005ca000000, 0x00000005ca000000, 0x00000005ca200000|  0%| F|  |TS  0|AC  0|TAMS 0x00000005ca000000, 0x00000005ca000000|
|  81|0x00000005ca200000, 0x00000005ca200000, 0x00000005ca400000|  0%| F|  |TS  0|AC  0|TAMS 0x00000005ca200000, 0x00000005ca200000|
|  82|0x00000005ca400000, 0x00000005ca400000, 0x00000005ca600000|  0%| F|  |TS  0|AC  0|TAMS 0x00000005ca400000, 0x00000005ca400000|
|  83|0x00000005ca600000, 0x00000005ca600000, 0x00000005ca800000|  0%| F|  |TS  0|AC  0|TAMS 0x00000005ca600000, 0x00000005ca600000|
|  84|0x00000005ca800000, 0x00000005ca800000, 0x00000005caa00000|  0%| F|  |TS  0|AC  0|TAMS 0x00000005ca800000, 0x00000005ca800000|
|  85|0x00000005caa00000, 0x00000005caa00000, 0x00000005cac00000|  0%| F|  |TS  0|AC  0|TAMS 0x00000005caa00000, 0x00000005caa00000|
|  86|0x00000005cac00000, 0x00000005cac00000, 0x00000005cae00000|  0%| F|  |TS  0|AC  0|TAMS 0x00000005cac00000, 0x00000005cac00000|
|  87|0x00000005cae00000, 0x00000005cae00000, 0x00000005cb000000|  0%| F|  |TS  0|AC  0|TAMS 0x00000005cae00000, 0x00000005cae00000|
|  88|0x00000005cb000000, 0x00000005cb000000, 0x00000005cb200000|  0%| F|  |TS  0|AC  0|TAMS 0x00000005cb000000, 0x00000005cb000000|
|  89|0x00000005cb200000, 0x00000005cb200000, 0x00000005cb400000|  0%| F|  |TS  0|AC  0|TAMS 0x00000005cb200000, 0x00000005cb200000|
|  90|0x00000005cb400000, 0x00000005cb400000, 0x00000005cb600000|  0%| F|  |TS  0|AC  0|TAMS 0x00000005cb400000, 0x00000005cb400000|
|  91|0x00000005cb600000, 0x00000005cb600000, 0x00000005cb800000|  0%| F|  |TS  0|AC  0|TAMS 0x00000005cb600000, 0x00000005cb600000|
|  92|0x00000005cb800000, 0x00000005cb800000, 0x00000005cba00000|  0%| F|  |TS  0|AC  0|TAMS 0x00000005cb800000, 0x00000005cb800000|
|  93|0x00000005cba00000, 0x00000005cba00000, 0x00000005cbc00000|  0%| F|  |TS  0|AC  0|TAMS 0x00000005cba00000, 0x00000005cba00000|
|  94|0x00000005cbc00000, 0x00000005cbc00000, 0x00000005cbe00000|  0%| F|  |TS  0|AC  0|TAMS 0x00000005cbc00000, 0x00000005cbc00000|
|  95|0x00000005cbe00000, 0x00000005cbe00000, 0x00000005cc000000|  0%| F|  |TS  0|AC  0|TAMS 0x00000005cbe00000, 0x00000005cbe00000|
|  96|0x00000005cc000000, 0x00000005cc000000, 0x00000005cc200000|  0%| F|  |TS  0|AC  0|TAMS 0x00000005cc000000, 0x00000005cc000000|
|  97|0x00000005cc200000, 0x00000005cc200000, 0x00000005cc400000|  0%| F|  |TS  0|AC  0|TAMS 0x00000005cc200000, 0x00000005cc200000|
|  98|0x00000005cc400000, 0x00000005cc400000, 0x00000005cc600000|  0%| F|  |TS  0|AC  0|TAMS 0x00000005cc400000, 0x00000005cc400000|
|  99|0x00000005cc600000, 0x00000005cc600000, 0x00000005cc800000|  0%| F|  |TS  0|AC  0|TAMS 0x00000005cc600000, 0x00000005cc600000|
| 100|0x00000005cc800000, 0x00000005cc800000, 0x00000005cca00000|  0%| F|  |TS  0|AC  0|TAMS 0x00000005cc800000, 0x00000005cc800000|
| 101|0x00000005cca00000, 0x00000005cca00000, 0x00000005ccc00000|  0%| F|  |TS  0|AC  0|TAMS 0x00000005cca00000, 0x00000005cca00000|
| 102|0x00000005ccc00000, 0x00000005ccc00000, 0x00000005cce00000|  0%| F|  |TS  0|AC  0|TAMS 0x00000005ccc00000, 0x00000005ccc00000|
| 103|0x00000005cce00000, 0x00000005cce00000, 0x00000005cd000000|  0%| F|  |TS  0|AC  0|TAMS 0x00000005cce00000, 0x00000005cce00000|
| 104|0x00000005cd000000, 0x00000005cd000000, 0x00000005cd200000|  0%| F|  |TS  0|AC  0|TAMS 0x00000005cd000000, 0x00000005cd000000|
| 105|0x00000005cd200000, 0x00000005cd200000, 0x00000005cd400000|  0%| F|  |TS  0|AC  0|TAMS 0x00000005cd200000, 0x00000005cd200000|
| 106|0x00000005cd400000, 0x00000005cd400000, 0x00000005cd600000|  0%| F|  |TS  0|AC  0|TAMS 0x00000005cd400000, 0x00000005cd400000|
| 107|0x00000005cd600000, 0x00000005cd600000, 0x00000005cd800000|  0%| F|  |TS  0|AC  0|TAMS 0x00000005cd600000, 0x00000005cd600000|
| 108|0x00000005cd800000, 0x00000005cd800000, 0x00000005cda00000|  0%| F|  |TS  0|AC  0|TAMS 0x00000005cd800000, 0x00000005cd800000|
| 109|0x00000005cda00000, 0x00000005cda00000, 0x00000005cdc00000|  0%| F|  |TS  0|AC  0|TAMS 0x00000005cda00000, 0x00000005cda00000|
| 110|0x00000005cdc00000, 0x00000005cdc00000, 0x00000005cde00000|  0%| F|  |TS  0|AC  0|TAMS 0x00000005cdc00000, 0x00000005cdc00000|
| 111|0x00000005cde00000, 0x00000005cde00000, 0x00000005ce000000|  0%| F|  |TS  0|AC  0|TAMS 0x00000005cde00000, 0x00000005cde00000|
| 112|0x00000005ce000000, 0x00000005ce000000, 0x00000005ce200000|  0%| F|  |TS  0|AC  0|TAMS 0x00000005ce000000, 0x00000005ce000000|
| 113|0x00000005ce200000, 0x00000005ce200000, 0x00000005ce400000|  0%| F|  |TS  0|AC  0|TAMS 0x00000005ce200000, 0x00000005ce200000|
| 114|0x00000005ce400000, 0x00000005ce400000, 0x00000005ce600000|  0%| F|  |TS  0|AC  0|TAMS 0x00000005ce400000, 0x00000005ce400000|
| 115|0x00000005ce600000, 0x00000005ce600000, 0x00000005ce800000|  0%| F|  |TS  0|AC  0|TAMS 0x00000005ce600000, 0x00000005ce600000|
| 116|0x00000005ce800000, 0x00000005ce800000, 0x00000005cea00000|  0%| F|  |TS  0|AC  0|TAMS 0x00000005ce800000, 0x00000005ce800000|
| 117|0x00000005cea00000, 0x00000005cea00000, 0x00000005cec00000|  0%| F|  |TS  0|AC  0|TAMS 0x00000005cea00000, 0x00000005cea00000|
| 118|0x00000005cec00000, 0x00000005cec00000, 0x00000005cee00000|  0%| F|  |TS  0|AC  0|TAMS 0x00000005cec00000, 0x00000005cec00000|
| 119|0x00000005cee00000, 0x00000005cee00000, 0x00000005cf000000|  0%| F|  |TS  0|AC  0|TAMS 0x00000005cee00000, 0x00000005cee00000|
| 120|0x00000005cf000000, 0x00000005cf000000, 0x00000005cf200000|  0%| F|  |TS  0|AC  0|TAMS 0x00000005cf000000, 0x00000005cf000000|
| 121|0x00000005cf200000, 0x00000005cf200000, 0x00000005cf400000|  0%| F|  |TS  0|AC  0|TAMS 0x00000005cf200000, 0x00000005cf200000|
| 122|0x00000005cf400000, 0x00000005cf400000, 0x00000005cf600000|  0%| F|  |TS  0|AC  0|TAMS 0x00000005cf400000, 0x00000005cf400000|
| 123|0x00000005cf600000, 0x00000005cf600000, 0x00000005cf800000|  0%| F|  |TS  0|AC  0|TAMS 0x00000005cf600000, 0x00000005cf600000|
| 124|0x00000005cf800000, 0x00000005cf800000, 0x00000005cfa00000|  0%| F|  |TS  0|AC  0|TAMS 0x00000005cf800000, 0x00000005cf800000|
| 125|0x00000005cfa00000, 0x00000005cfa00000, 0x00000005cfc00000|  0%| F|  |TS  0|AC  0|TAMS 0x00000005cfa00000, 0x00000005cfa00000|
| 126|0x00000005cfc00000, 0x00000005cfc00000, 0x00000005cfe00000|  0%| F|  |TS  0|AC  0|TAMS 0x00000005cfc00000, 0x00000005cfc00000|
| 127|0x00000005cfe00000, 0x00000005cfe00000, 0x00000005d0000000|  0%| F|  |TS  0|AC  0|TAMS 0x00000005cfe00000, 0x00000005cfe00000|
| 128|0x00000005d0000000, 0x00000005d0000000, 0x00000005d0200000|  0%| F|  |TS  0|AC  0|TAMS 0x00000005d0000000, 0x00000005d0000000|
| 129|0x00000005d0200000, 0x00000005d0200000, 0x00000005d0400000|  0%| F|  |TS  0|AC  0|TAMS 0x00000005d0200000, 0x00000005d0200000|
| 130|0x00000005d0400000, 0x00000005d0400000, 0x00000005d0600000|  0%| F|  |TS  0|AC  0|TAMS 0x00000005d0400000, 0x00000005d0400000|
| 131|0x00000005d0600000, 0x00000005d0600000, 0x00000005d0800000|  0%| F|  |TS  0|AC  0|TAMS 0x00000005d0600000, 0x00000005d0600000|
| 132|0x00000005d0800000, 0x00000005d0800000, 0x00000005d0a00000|  0%| F|  |TS  0|AC  0|TAMS 0x00000005d0800000, 0x00000005d0800000|
| 133|0x00000005d0a00000, 0x00000005d0a00000, 0x00000005d0c00000|  0%| F|  |TS  0|AC  0|TAMS 0x00000005d0a00000, 0x00000005d0a00000|
| 134|0x00000005d0c00000, 0x00000005d0c00000, 0x00000005d0e00000|  0%| F|  |TS  0|AC  0|TAMS 0x00000005d0c00000, 0x00000005d0c00000|
| 135|0x00000005d0e00000, 0x00000005d0e00000, 0x00000005d1000000|  0%| F|  |TS  0|AC  0|TAMS 0x00000005d0e00000, 0x00000005d0e00000|
| 136|0x00000005d1000000, 0x00000005d1000000, 0x00000005d1200000|  0%| F|  |TS  0|AC  0|TAMS 0x00000005d1000000, 0x00000005d1000000|
| 137|0x00000005d1200000, 0x00000005d1200000, 0x00000005d1400000|  0%| F|  |TS  0|AC  0|TAMS 0x00000005d1200000, 0x00000005d1200000|
| 138|0x00000005d1400000, 0x00000005d1400000, 0x00000005d1600000|  0%| F|  |TS  0|AC  0|TAMS 0x00000005d1400000, 0x00000005d1400000|
| 139|0x00000005d1600000, 0x00000005d1600000, 0x00000005d1800000|  0%| F|  |TS  0|AC  0|TAMS 0x00000005d1600000, 0x00000005d1600000|
| 140|0x00000005d1800000, 0x00000005d1800000, 0x00000005d1a00000|  0%| F|  |TS  0|AC  0|TAMS 0x00000005d1800000, 0x00000005d1800000|
| 141|0x00000005d1a00000, 0x00000005d1a00000, 0x00000005d1c00000|  0%| F|  |TS  0|AC  0|TAMS 0x00000005d1a00000, 0x00000005d1a00000|
| 142|0x00000005d1c00000, 0x00000005d1c00000, 0x00000005d1e00000|  0%| F|  |TS  0|AC  0|TAMS 0x00000005d1c00000, 0x00000005d1c00000|
| 143|0x00000005d1e00000, 0x00000005d1e00000, 0x00000005d2000000|  0%| F|  |TS  0|AC  0|TAMS 0x00000005d1e00000, 0x00000005d1e00000|
| 144|0x00000005d2000000, 0x00000005d2000000, 0x00000005d2200000|  0%| F|  |TS  0|AC  0|TAMS 0x00000005d2000000, 0x00000005d2000000|
| 145|0x00000005d2200000, 0x00000005d2200000, 0x00000005d2400000|  0%| F|  |TS  0|AC  0|TAMS 0x00000005d2200000, 0x00000005d2200000|
| 146|0x00000005d2400000, 0x00000005d2400000, 0x00000005d2600000|  0%| F|  |TS  0|AC  0|TAMS 0x00000005d2400000, 0x00000005d2400000|
| 147|0x00000005d2600000, 0x00000005d2600000, 0x00000005d2800000|  0%| F|  |TS  0|AC  0|TAMS 0x00000005d2600000, 0x00000005d2600000|
| 148|0x00000005d2800000, 0x00000005d2800000, 0x00000005d2a00000|  0%| F|  |TS  0|AC  0|TAMS 0x00000005d2800000, 0x00000005d2800000|
| 149|0x00000005d2a00000, 0x00000005d2a00000, 0x00000005d2c00000|  0%| F|  |TS  0|AC  0|TAMS 0x00000005d2a00000, 0x00000005d2a00000|
| 150|0x00000005d2c00000, 0x00000005d2c00000, 0x00000005d2e00000|  0%| F|  |TS  0|AC  0|TAMS 0x00000005d2c00000, 0x00000005d2c00000|
| 151|0x00000005d2e00000, 0x00000005d2e00000, 0x00000005d3000000|  0%| F|  |TS  0|AC  0|TAMS 0x00000005d2e00000, 0x00000005d2e00000|
| 152|0x00000005d3000000, 0x00000005d3000000, 0x00000005d3200000|  0%| F|  |TS  0|AC  0|TAMS 0x00000005d3000000, 0x00000005d3000000|
| 153|0x00000005d3200000, 0x00000005d3200000, 0x00000005d3400000|  0%| F|  |TS  0|AC  0|TAMS 0x00000005d3200000, 0x00000005d3200000|
| 154|0x00000005d3400000, 0x00000005d3400000, 0x00000005d3600000|  0%| F|  |TS  0|AC  0|TAMS 0x00000005d3400000, 0x00000005d3400000|
| 155|0x00000005d3600000, 0x00000005d3600000, 0x00000005d3800000|  0%| F|  |TS  0|AC  0|TAMS 0x00000005d3600000, 0x00000005d3600000|
| 156|0x00000005d3800000, 0x00000005d3800000, 0x00000005d3a00000|  0%| F|  |TS  0|AC  0|TAMS 0x00000005d3800000, 0x00000005d3800000|
| 157|0x00000005d3a00000, 0x00000005d3a00000, 0x00000005d3c00000|  0%| F|  |TS  0|AC  0|TAMS 0x00000005d3a00000, 0x00000005d3a00000|
| 158|0x00000005d3c00000, 0x00000005d3c00000, 0x00000005d3e00000|  0%| F|  |TS  0|AC  0|TAMS 0x00000005d3c00000, 0x00000005d3c00000|
| 159|0x00000005d3e00000, 0x00000005d3e00000, 0x00000005d4000000|  0%| F|  |TS  0|AC  0|TAMS 0x00000005d3e00000, 0x00000005d3e00000|
| 160|0x00000005d4000000, 0x00000005d4000000, 0x00000005d4200000|  0%| F|  |TS  0|AC  0|TAMS 0x00000005d4000000, 0x00000005d4000000|
| 161|0x00000005d4200000, 0x00000005d4200000, 0x00000005d4400000|  0%| F|  |TS  0|AC  0|TAMS 0x00000005d4200000, 0x00000005d4200000|
| 162|0x00000005d4400000, 0x00000005d4400000, 0x00000005d4600000|  0%| F|  |TS  0|AC  0|TAMS 0x00000005d4400000, 0x00000005d4400000|
| 163|0x00000005d4600000, 0x00000005d4600000, 0x00000005d4800000|  0%| F|  |TS  0|AC  0|TAMS 0x00000005d4600000, 0x00000005d4600000|
| 164|0x00000005d4800000, 0x00000005d4800000, 0x00000005d4a00000|  0%| F|  |TS  0|AC  0|TAMS 0x00000005d4800000, 0x00000005d4800000|
| 165|0x00000005d4a00000, 0x00000005d4a00000, 0x00000005d4c00000|  0%| F|  |TS  0|AC  0|TAMS 0x00000005d4a00000, 0x00000005d4a00000|
| 166|0x00000005d4c00000, 0x00000005d4c00000, 0x00000005d4e00000|  0%| F|  |TS  0|AC  0|TAMS 0x00000005d4c00000, 0x00000005d4c00000|
| 167|0x00000005d4e00000, 0x00000005d4e00000, 0x00000005d5000000|  0%| F|  |TS  0|AC  0|TAMS 0x00000005d4e00000, 0x00000005d4e00000|
| 168|0x00000005d5000000, 0x00000005d5000000, 0x00000005d5200000|  0%| F|  |TS  0|AC  0|TAMS 0x00000005d5000000, 0x00000005d5000000|
| 169|0x00000005d5200000, 0x00000005d5200000, 0x00000005d5400000|  0%| F|  |TS  0|AC  0|TAMS 0x00000005d5200000, 0x00000005d5200000|
| 170|0x00000005d5400000, 0x00000005d5400000, 0x00000005d5600000|  0%| F|  |TS  0|AC  0|TAMS 0x00000005d5400000, 0x00000005d5400000|
| 171|0x00000005d5600000, 0x00000005d5600000, 0x00000005d5800000|  0%| F|  |TS  0|AC  0|TAMS 0x00000005d5600000, 0x00000005d5600000|
| 172|0x00000005d5800000, 0x00000005d5800000, 0x00000005d5a00000|  0%| F|  |TS  0|AC  0|TAMS 0x00000005d5800000, 0x00000005d5800000|
| 173|0x00000005d5a00000, 0x00000005d5a00000, 0x00000005d5c00000|  0%| F|  |TS  0|AC  0|TAMS 0x00000005d5a00000, 0x00000005d5a00000|
| 174|0x00000005d5c00000, 0x00000005d5c00000, 0x00000005d5e00000|  0%| F|  |TS  0|AC  0|TAMS 0x00000005d5c00000, 0x00000005d5c00000|
| 175|0x00000005d5e00000, 0x00000005d5e00000, 0x00000005d6000000|  0%| F|  |TS  0|AC  0|TAMS 0x00000005d5e00000, 0x00000005d5e00000|
| 176|0x00000005d6000000, 0x00000005d6000000, 0x00000005d6200000|  0%| F|  |TS  0|AC  0|TAMS 0x00000005d6000000, 0x00000005d6000000|
| 177|0x00000005d6200000, 0x00000005d6200000, 0x00000005d6400000|  0%| F|  |TS  0|AC  0|TAMS 0x00000005d6200000, 0x00000005d6200000|
| 178|0x00000005d6400000, 0x00000005d6400000, 0x00000005d6600000|  0%| F|  |TS  0|AC  0|TAMS 0x00000005d6400000, 0x00000005d6400000|
| 179|0x00000005d6600000, 0x00000005d6600000, 0x00000005d6800000|  0%| F|  |TS  0|AC  0|TAMS 0x00000005d6600000, 0x00000005d6600000|
| 180|0x00000005d6800000, 0x00000005d6800000, 0x00000005d6a00000|  0%| F|  |TS  0|AC  0|TAMS 0x00000005d6800000, 0x00000005d6800000|
| 181|0x00000005d6a00000, 0x00000005d6a00000, 0x00000005d6c00000|  0%| F|  |TS  0|AC  0|TAMS 0x00000005d6a00000, 0x00000005d6a00000|
| 182|0x00000005d6c00000, 0x00000005d6c00000, 0x00000005d6e00000|  0%| F|  |TS  0|AC  0|TAMS 0x00000005d6c00000, 0x00000005d6c00000|
| 183|0x00000005d6e00000, 0x00000005d6e00000, 0x00000005d7000000|  0%| F|  |TS  0|AC  0|TAMS 0x00000005d6e00000, 0x00000005d6e00000|
| 184|0x00000005d7000000, 0x00000005d7000000, 0x00000005d7200000|  0%| F|  |TS  0|AC  0|TAMS 0x00000005d7000000, 0x00000005d7000000|
| 185|0x00000005d7200000, 0x00000005d7200000, 0x00000005d7400000|  0%| F|  |TS  0|AC  0|TAMS 0x00000005d7200000, 0x00000005d7200000|
| 186|0x00000005d7400000, 0x00000005d7400000, 0x00000005d7600000|  0%| F|  |TS  0|AC  0|TAMS 0x00000005d7400000, 0x00000005d7400000|
| 187|0x00000005d7600000, 0x00000005d7600000, 0x00000005d7800000|  0%| F|  |TS  0|AC  0|TAMS 0x00000005d7600000, 0x00000005d7600000|
| 188|0x00000005d7800000, 0x00000005d7800000, 0x00000005d7a00000|  0%| F|  |TS  0|AC  0|TAMS 0x00000005d7800000, 0x00000005d7800000|
| 189|0x00000005d7a00000, 0x00000005d7a00000, 0x00000005d7c00000|  0%| F|  |TS  0|AC  0|TAMS 0x00000005d7a00000, 0x00000005d7a00000|
| 190|0x00000005d7c00000, 0x00000005d7c00000, 0x00000005d7e00000|  0%| F|  |TS  0|AC  0|TAMS 0x00000005d7c00000, 0x00000005d7c00000|
| 191|0x00000005d7e00000, 0x00000005d7e00000, 0x00000005d8000000|  0%| F|  |TS  0|AC  0|TAMS 0x00000005d7e00000, 0x00000005d7e00000|
| 192|0x00000005d8000000, 0x00000005d8000000, 0x00000005d8200000|  0%| F|  |TS  0|AC  0|TAMS 0x00000005d8000000, 0x00000005d8000000|
| 193|0x00000005d8200000, 0x00000005d8200000, 0x00000005d8400000|  0%| F|  |TS  0|AC  0|TAMS 0x00000005d8200000, 0x00000005d8200000|
| 194|0x00000005d8400000, 0x00000005d8400000, 0x00000005d8600000|  0%| F|  |TS  0|AC  0|TAMS 0x00000005d8400000, 0x00000005d8400000|
| 195|0x00000005d8600000, 0x00000005d8600000, 0x00000005d8800000|  0%| F|  |TS  0|AC  0|TAMS 0x00000005d8600000, 0x00000005d8600000|
| 196|0x00000005d8800000, 0x00000005d8800000, 0x00000005d8a00000|  0%| F|  |TS  0|AC  0|TAMS 0x00000005d8800000, 0x00000005d8800000|
| 197|0x00000005d8a00000, 0x00000005d8a00000, 0x00000005d8c00000|  0%| F|  |TS  0|AC  0|TAMS 0x00000005d8a00000, 0x00000005d8a00000|
| 198|0x00000005d8c00000, 0x00000005d8c00000, 0x00000005d8e00000|  0%| F|  |TS  0|AC  0|TAMS 0x00000005d8c00000, 0x00000005d8c00000|
| 199|0x00000005d8e00000, 0x00000005d8e00000, 0x00000005d9000000|  0%| F|  |TS  0|AC  0|TAMS 0x00000005d8e00000, 0x00000005d8e00000|
| 200|0x00000005d9000000, 0x00000005d9000000, 0x00000005d9200000|  0%| F|  |TS  0|AC  0|TAMS 0x00000005d9000000, 0x00000005d9000000|
| 201|0x00000005d9200000, 0x00000005d9200000, 0x00000005d9400000|  0%| F|  |TS  0|AC  0|TAMS 0x00000005d9200000, 0x00000005d9200000|
| 202|0x00000005d9400000, 0x00000005d9400000, 0x00000005d9600000|  0%| F|  |TS  0|AC  0|TAMS 0x00000005d9400000, 0x00000005d9400000|
| 203|0x00000005d9600000, 0x00000005d9600000, 0x00000005d9800000|  0%| F|  |TS  0|AC  0|TAMS 0x00000005d9600000, 0x00000005d9600000|
| 204|0x00000005d9800000, 0x00000005d9800000, 0x00000005d9a00000|  0%| F|  |TS  0|AC  0|TAMS 0x00000005d9800000, 0x00000005d9800000|
| 205|0x00000005d9a00000, 0x00000005d9a00000, 0x00000005d9c00000|  0%| F|  |TS  0|AC  0|TAMS 0x00000005d9a00000, 0x00000005d9a00000|
| 206|0x00000005d9c00000, 0x00000005d9c00000, 0x00000005d9e00000|  0%| F|  |TS  0|AC  0|TAMS 0x00000005d9c00000, 0x00000005d9c00000|
| 207|0x00000005d9e00000, 0x00000005d9e00000, 0x00000005da000000|  0%| F|  |TS  0|AC  0|TAMS 0x00000005d9e00000, 0x00000005d9e00000|
| 208|0x00000005da000000, 0x00000005da000000, 0x00000005da200000|  0%| F|  |TS  0|AC  0|TAMS 0x00000005da000000, 0x00000005da000000|
| 209|0x00000005da200000, 0x00000005da200000, 0x00000005da400000|  0%| F|  |TS  0|AC  0|TAMS 0x00000005da200000, 0x00000005da200000|
| 210|0x00000005da400000, 0x00000005da400000, 0x00000005da600000|  0%| F|  |TS  0|AC  0|TAMS 0x00000005da400000, 0x00000005da400000|
| 211|0x00000005da600000, 0x00000005da600000, 0x00000005da800000|  0%| F|  |TS  0|AC  0|TAMS 0x00000005da600000, 0x00000005da600000|
| 212|0x00000005da800000, 0x00000005da800000, 0x00000005daa00000|  0%| F|  |TS  0|AC  0|TAMS 0x00000005da800000, 0x00000005da800000|
| 213|0x00000005daa00000, 0x00000005daa00000, 0x00000005dac00000|  0%| F|  |TS  0|AC  0|TAMS 0x00000005daa00000, 0x00000005daa00000|
| 214|0x00000005dac00000, 0x00000005dac00000, 0x00000005dae00000|  0%| F|  |TS  0|AC  0|TAMS 0x00000005dac00000, 0x00000005dac00000|
| 215|0x00000005dae00000, 0x00000005dae00000, 0x00000005db000000|  0%| F|  |TS  0|AC  0|TAMS 0x00000005dae00000, 0x00000005dae00000|
| 216|0x00000005db000000, 0x00000005db000000, 0x00000005db200000|  0%| F|  |TS  0|AC  0|TAMS 0x00000005db000000, 0x00000005db000000|
| 217|0x00000005db200000, 0x00000005db200000, 0x00000005db400000|  0%| F|  |TS  0|AC  0|TAMS 0x00000005db200000, 0x00000005db200000|
| 218|0x00000005db400000, 0x00000005db400000, 0x00000005db600000|  0%| F|  |TS  0|AC  0|TAMS 0x00000005db400000, 0x00000005db400000|
| 219|0x00000005db600000, 0x00000005db600000, 0x00000005db800000|  0%| F|  |TS  0|AC  0|TAMS 0x00000005db600000, 0x00000005db600000|
| 220|0x00000005db800000, 0x00000005db800000, 0x00000005dba00000|  0%| F|  |TS  0|AC  0|TAMS 0x00000005db800000, 0x00000005db800000|
| 221|0x00000005dba00000, 0x00000005dba00000, 0x00000005dbc00000|  0%| F|  |TS  0|AC  0|TAMS 0x00000005dba00000, 0x00000005dba00000|
| 222|0x00000005dbc00000, 0x00000005dbc00000, 0x00000005dbe00000|  0%| F|  |TS  0|AC  0|TAMS 0x00000005dbc00000, 0x00000005dbc00000|
| 223|0x00000005dbe00000, 0x00000005dbe00000, 0x00000005dc000000|  0%| F|  |TS  0|AC  0|TAMS 0x00000005dbe00000, 0x00000005dbe00000|
| 224|0x00000005dc000000, 0x00000005dc000000, 0x00000005dc200000|  0%| F|  |TS  0|AC  0|TAMS 0x00000005dc000000, 0x00000005dc000000|
| 225|0x00000005dc200000, 0x00000005dc200000, 0x00000005dc400000|  0%| F|  |TS  0|AC  0|TAMS 0x00000005dc200000, 0x00000005dc200000|
| 226|0x00000005dc400000, 0x00000005dc400000, 0x00000005dc600000|  0%| F|  |TS  0|AC  0|TAMS 0x00000005dc400000, 0x00000005dc400000|
| 227|0x00000005dc600000, 0x00000005dc600000, 0x00000005dc800000|  0%| F|  |TS  0|AC  0|TAMS 0x00000005dc600000, 0x00000005dc600000|
| 228|0x00000005dc800000, 0x00000005dc800000, 0x00000005dca00000|  0%| F|  |TS  0|AC  0|TAMS 0x00000005dc800000, 0x00000005dc800000|
| 229|0x00000005dca00000, 0x00000005dca00000, 0x00000005dcc00000|  0%| F|  |TS  0|AC  0|TAMS 0x00000005dca00000, 0x00000005dca00000|
| 230|0x00000005dcc00000, 0x00000005dcc00000, 0x00000005dce00000|  0%| F|  |TS  0|AC  0|TAMS 0x00000005dcc00000, 0x00000005dcc00000|
| 231|0x00000005dce00000, 0x00000005dce00000, 0x00000005dd000000|  0%| F|  |TS  0|AC  0|TAMS 0x00000005dce00000, 0x00000005dce00000|
| 232|0x00000005dd000000, 0x00000005dd000000, 0x00000005dd200000|  0%| F|  |TS  0|AC  0|TAMS 0x00000005dd000000, 0x00000005dd000000|
| 233|0x00000005dd200000, 0x00000005dd200000, 0x00000005dd400000|  0%| F|  |TS  0|AC  0|TAMS 0x00000005dd200000, 0x00000005dd200000|
| 234|0x00000005dd400000, 0x00000005dd400000, 0x00000005dd600000|  0%| F|  |TS  0|AC  0|TAMS 0x00000005dd400000, 0x00000005dd400000|
| 235|0x00000005dd600000, 0x00000005dd600000, 0x00000005dd800000|  0%| F|  |TS  0|AC  0|TAMS 0x00000005dd600000, 0x00000005dd600000|
| 236|0x00000005dd800000, 0x00000005dd800000, 0x00000005dda00000|  0%| F|  |TS  0|AC  0|TAMS 0x00000005dd800000, 0x00000005dd800000|
| 237|0x00000005dda00000, 0x00000005dda00000, 0x00000005ddc00000|  0%| F|  |TS  0|AC  0|TAMS 0x00000005dda00000, 0x00000005dda00000|
| 238|0x00000005ddc00000, 0x00000005ddc00000, 0x00000005dde00000|  0%| F|  |TS  0|AC  0|TAMS 0x00000005ddc00000, 0x00000005ddc00000|
| 239|0x00000005dde00000, 0x00000005dde88a08, 0x00000005de000000| 26%| E|  |TS  0|AC  0|TAMS 0x00000005dde00000, 0x00000005dde00000|
| 240|0x00000005de000000, 0x00000005de200000, 0x00000005de200000|100%| E|CS|TS  0|AC  0|TAMS 0x00000005de000000, 0x00000005de000000|
| 241|0x00000005de200000, 0x00000005de400000, 0x00000005de400000|100%| E|CS|TS  0|AC  0|TAMS 0x00000005de200000, 0x00000005de200000|
| 242|0x00000005de400000, 0x00000005de600000, 0x00000005de600000|100%| E|CS|TS  0|AC  0|TAMS 0x00000005de400000, 0x00000005de400000|
| 243|0x00000005de600000, 0x00000005de800000, 0x00000005de800000|100%| E|CS|TS  0|AC  0|TAMS 0x00000005de600000, 0x00000005de600000|
| 244|0x00000005de800000, 0x00000005dea00000, 0x00000005dea00000|100%| E|CS|TS  0|AC  0|TAMS 0x00000005de800000, 0x00000005de800000|
| 245|0x00000005dea00000, 0x00000005dec00000, 0x00000005dec00000|100%| E|CS|TS  0|AC  0|TAMS 0x00000005dea00000, 0x00000005dea00000|
| 246|0x00000005dec00000, 0x00000005dee00000, 0x00000005dee00000|100%| E|CS|TS  0|AC  0|TAMS 0x00000005dec00000, 0x00000005dec00000|
| 247|0x00000005dee00000, 0x00000005df000000, 0x00000005df000000|100%| E|CS|TS  0|AC  0|TAMS 0x00000005dee00000, 0x00000005dee00000|
| 248|0x00000005df000000, 0x00000005df200000, 0x00000005df200000|100%| E|CS|TS  0|AC  0|TAMS 0x00000005df000000, 0x00000005df000000|
| 249|0x00000005df200000, 0x00000005df400000, 0x00000005df400000|100%| E|CS|TS  0|AC  0|TAMS 0x00000005df200000, 0x00000005df200000|
| 250|0x00000005df400000, 0x00000005df600000, 0x00000005df600000|100%| E|CS|TS  0|AC  0|TAMS 0x00000005df400000, 0x00000005df400000|
| 251|0x00000005df600000, 0x00000005df800000, 0x00000005df800000|100%| E|CS|TS  0|AC  0|TAMS 0x00000005df600000, 0x00000005df600000|
| 252|0x00000005df800000, 0x00000005df89fab0, 0x00000005dfa00000| 31%| S|CS|TS  0|AC  0|TAMS 0x00000005df800000, 0x00000005df800000|
| 253|0x00000005dfa00000, 0x00000005dfc00000, 0x00000005dfc00000|100%| E|CS|TS  0|AC  0|TAMS 0x00000005dfa00000, 0x00000005dfa00000|
| 254|0x00000005dfc00000, 0x00000005dfe00000, 0x00000005dfe00000|100%| E|CS|TS  0|AC  0|TAMS 0x00000005dfc00000, 0x00000005dfc00000|
| 255|0x00000005dfe00000, 0x00000005e0000000, 0x00000005e0000000|100%| E|CS|TS  0|AC  0|TAMS 0x00000005dfe00000, 0x00000005dfe00000|

Card table byte_map: [0x0000000126f58000,0x0000000127f58000] byte_map_base: 0x0000000124158000

Marking Bits (Prev, Next): (CMBitMap*) 0x00007f9f27028e98, (CMBitMap*) 0x00007f9f27028e60
 Prev Bits: [0x0000000130f58000, 0x0000000138f58000)
 Next Bits: [0x0000000128f58000, 0x0000000130f58000)

Polling page: 0x000000010088e000

CodeHeap 'non-profiled nmethods': size=120032Kb used=1982Kb max_used=1982Kb free=118049Kb
 bounds [0x000000011ea20000, 0x000000011ec90000, 0x0000000125f58000]
CodeHeap 'profiled nmethods': size=120028Kb used=9987Kb max_used=9987Kb free=110041Kb
 bounds [0x00000001174e9000, 0x0000000117eb9000, 0x000000011ea20000]
CodeHeap 'non-nmethods': size=5700Kb used=1316Kb max_used=1343Kb free=4383Kb
 bounds [0x0000000116f58000, 0x00000001171c8000, 0x00000001174e9000]
 total_blobs=6364 nmethods=4811 adapters=694
 compilation: enabled

Compilation events (10 events):
Event: 22.853 Thread 0x00007f9f26812000 4800       2       java.util.WeakHashMap$EntryIterator::<init> (11 bytes)
Event: 22.853 Thread 0x00007f9f27189800 4799       4       java.util.WeakHashMap$EntryIterator::<init> (6 bytes)
Event: 22.854 Thread 0x00007f9f26812000 nmethod 4800 0x0000000117ea1890 code [0x0000000117ea1a40, 0x0000000117ea1c08]
Event: 22.856 Thread 0x00007f9f27189800 nmethod 4799 0x000000011ec0f610 code [0x000000011ec0f7a0, 0x000000011ec0f928]
Event: 22.919 Thread 0x00007f9f26812000 4801       3       javafx.scene.Parent::updateCachedBounds (502 bytes)
Event: 22.925 Thread 0x00007f9f26812000 nmethod 4801 0x0000000117ea1c90 code [0x0000000117ea2000, 0x0000000117ea3f68]
Event: 23.668 Thread 0x00007f9f26812000 4802       3       javafx.scene.Node$1::doComputeIntersects (7 bytes)
Event: 23.668 Thread 0x00007f9f26812000 nmethod 4802 0x0000000117ea4890 code [0x0000000117ea4a60, 0x0000000117ea4c68]
Event: 23.668 Thread 0x00007f9f26812000 4803       3       javafx.scene.Node::access$600 (7 bytes)
Event: 23.668 Thread 0x00007f9f26812000 nmethod 4803 0x0000000117ea4d90 code [0x0000000117ea4f40, 0x0000000117ea50a8]

GC Heap History (4 events):
Event: 1.491 GC heap before
{Heap before GC invocations=0 (full 0):
 garbage-first heap   total 524288K, used 24576K [0x00000005c0000000, 0x00000007c0000000)
  region size 2048K, 12 young (24576K), 0 survivors (0K)
 Metaspace       used 18431K, capacity 18984K, committed 19328K, reserved 1067008K
  class space    used 2067K, capacity 2317K, committed 2432K, reserved 1048576K
}
Event: 1.514 GC heap after
{Heap after GC invocations=1 (full 0):
 garbage-first heap   total 524288K, used 5783K [0x00000005c0000000, 0x00000007c0000000)
  region size 2048K, 2 young (4096K), 2 survivors (4096K)
 Metaspace       used 18431K, capacity 18984K, committed 19328K, reserved 1067008K
  class space    used 2067K, capacity 2317K, committed 2432K, reserved 1048576K
}
Event: 1.702 GC heap before
{Heap before GC invocations=1 (full 0):
 garbage-first heap   total 524288K, used 9879K [0x00000005c0000000, 0x00000007c0000000)
  region size 2048K, 5 young (10240K), 2 survivors (4096K)
 Metaspace       used 20400K, capacity 21139K, committed 21296K, reserved 1067008K
  class space    used 2506K, capacity 2831K, committed 2864K, reserved 1048576K
}
Event: 1.715 GC heap after
{Heap after GC invocations=2 (full 0):
 garbage-first heap   total 524288K, used 6152K [0x00000005c0000000, 0x00000007c0000000)
  region size 2048K, 1 young (2048K), 1 survivors (2048K)
 Metaspace       used 20400K, capacity 21139K, committed 21296K, reserved 1067008K
  class space    used 2506K, capacity 2831K, committed 2864K, reserved 1048576K
}

Deoptimization events (10 events):
Event: 2.539 Thread 0x00007f9f260e5800 Uncommon trap: reason=array_check action=maybe_recompile pc=0x000000011eb0d594 method=javafx.css.SimpleSelector.applies(Ljavafx/css/Styleable;[Ljava/util/Set;I)Z @ 37 c2
Event: 2.539 Thread 0x00007f9f260e5800 Uncommon trap: reason=array_check action=maybe_recompile pc=0x000000011eb0d594 method=javafx.css.SimpleSelector.applies(Ljavafx/css/Styleable;[Ljava/util/Set;I)Z @ 37 c2
Event: 2.540 Thread 0x00007f9f260e5800 Uncommon trap: reason=array_check action=maybe_recompile pc=0x000000011eb0d594 method=javafx.css.SimpleSelector.applies(Ljavafx/css/Styleable;[Ljava/util/Set;I)Z @ 37 c2
Event: 2.577 Thread 0x00007f9f260e5800 Uncommon trap: reason=unstable_if action=reinterpret pc=0x000000011eb121f4 method=javafx.scene.CssStyleHelper.getStyle(Ljavafx/css/Styleable;Ljava/lang/String;Lcom/sun/javafx/css/StyleMap;Ljava/util/Set;)Lcom/sun/javafx/css/CascadingStyle; @ 1 c2
Event: 2.609 Thread 0x00007f9f260e5800 Uncommon trap: reason=array_check action=maybe_recompile pc=0x000000011eb18c9c method=javafx.css.SimpleSelector.applies(Ljavafx/css/Styleable;[Ljava/util/Set;I)Z @ 37 c2
Event: 2.688 Thread 0x00007f9f260e5800 Uncommon trap: reason=unstable_if action=reinterpret pc=0x000000011eacc2bc method=jdk.internal.org.objectweb.asm.Type.getArgumentsAndReturnSizes(Ljava/lang/String;)I @ 47 c2
Event: 2.688 Thread 0x00007f9f260e5800 Uncommon trap: reason=unstable_if action=reinterpret pc=0x000000011eae84dc method=jdk.internal.org.objectweb.asm.Type.getArgumentsAndReturnSizes(Ljava/lang/String;)I @ 47 c2
Event: 2.736 Thread 0x00007f9f168b3000 Uncommon trap: reason=unstable_if action=reinterpret pc=0x000000011ea9bb9c method=java.util.Arrays.equals([Ljava/lang/Object;[Ljava/lang/Object;)Z @ 23 c2
Event: 10.415 Thread 0x00007f9f260e5800 Uncommon trap: reason=unstable_if action=reinterpret pc=0x000000011ebe06f8 method=javafx.scene.Node.updateBounds()V @ 27 c2
Event: 18.480 Thread 0x00007f9f260e5800 Uncommon trap: reason=unstable_if action=reinterpret pc=0x000000011ebd2098 method=java.lang.Math.round(F)I @ 23 c2

Classes redefined (0 events):
No events

Internal exceptions (10 events):
Event: 5.591 Thread 0x00007f9f260e5800 Exception <a 'java/lang/NoSuchMethodError'{0x00000005debe7408}: method resolution failed> (0x00000005debe7408) thrown at [/scratch/mesos/slaves/9190d864-6621-4810-ba08-d8d8c75ba674-S34/frameworks/1735e8a2-a1db-478c-8104-60c8b0af87dd-0196/executors/f87b489
Event: 6.100 Thread 0x00007f9f260e5800 Exception <a 'java/lang/NoSuchMethodError'{0x00000005de807a10}: java.lang.invoke.DirectMethodHandle$Holder.invokeVirtual(Ljava/lang/Object;Ljava/lang/Object;)I> (0x00000005de807a10) thrown at [/scratch/mesos/slaves/9190d864-6621-4810-ba08-d8d8c75ba674-S34
Event: 9.882 Thread 0x00007f9f260e5800 Exception <a 'java/lang/NoSuchMethodError'{0x00000005de306020}: java.lang.invoke.DirectMethodHandle$Holder.invokeInterface(Ljava/lang/Object;Ljava/lang/Object;Ljava/lang/Object;Ljava/lang/Object;)Ljava/lang/Object;> (0x00000005de306020) thrown at [/scratc
Event: 19.927 Thread 0x00007f9f260e5800 Exception <a 'java/lang/NoSuchMethodError'{0x00000005de15d748}: method resolution failed> (0x00000005de15d748) thrown at [/scratch/mesos/slaves/9190d864-6621-4810-ba08-d8d8c75ba674-S34/frameworks/1735e8a2-a1db-478c-8104-60c8b0af87dd-0196/executors/f87b489
Event: 19.929 Thread 0x00007f9f260e5800 Exception <a 'java/lang/NoSuchMethodError'{0x00000005de164a38}: java.lang.invoke.DirectMethodHandle$Holder.invokeStatic(Ljava/lang/Object;Ljava/lang/Object;IIIIILjava/lang/Object;)Ljava/lang/Object;> (0x00000005de164a38) thrown at [/scratch/mesos/slaves/9
Event: 19.929 Thread 0x00007f9f260e5800 Exception <a 'java/lang/NoSuchMethodError'{0x00000005de1682d0}: method resolution failed> (0x00000005de1682d0) thrown at [/scratch/mesos/slaves/9190d864-6621-4810-ba08-d8d8c75ba674-S34/frameworks/1735e8a2-a1db-478c-8104-60c8b0af87dd-0196/executors/f87b489
Event: 19.930 Thread 0x00007f9f260e5800 Exception <a 'java/lang/NoSuchMethodError'{0x00000005de16ebb8}: method resolution failed> (0x00000005de16ebb8) thrown at [/scratch/mesos/slaves/9190d864-6621-4810-ba08-d8d8c75ba674-S34/frameworks/1735e8a2-a1db-478c-8104-60c8b0af87dd-0196/executors/f87b489
Event: 19.931 Thread 0x00007f9f260e5800 Exception <a 'java/lang/NoSuchMethodError'{0x00000005de176280}: java.lang.invoke.DirectMethodHandle$Holder.invokeStatic(Ljava/lang/Object;Ljava/lang/Object;Ljava/lang/Object;IIIII)Ljava/lang/Object;> (0x00000005de176280) thrown at [/scratch/mesos/slaves/9
Event: 19.931 Thread 0x00007f9f260e5800 Exception <a 'java/lang/NoSuchMethodError'{0x00000005de179a20}: method resolution failed> (0x00000005de179a20) thrown at [/scratch/mesos/slaves/9190d864-6621-4810-ba08-d8d8c75ba674-S34/frameworks/1735e8a2-a1db-478c-8104-60c8b0af87dd-0196/executors/f87b489
Event: 21.451 Thread 0x00007f9f260e5800 Exception <a 'java/lang/NoSuchMethodError'{0x00000005de1c7ab8}: method resolution failed> (0x00000005de1c7ab8) thrown at [/scratch/mesos/slaves/9190d864-6621-4810-ba08-d8d8c75ba674-S34/frameworks/1735e8a2-a1db-478c-8104-60c8b0af87dd-0196/executors/f87b489

Events (10 events):
Event: 21.453 loading class java/util/stream/FindOps
Event: 21.453 loading class java/util/stream/FindOps done
Event: 21.453 loading class java/util/stream/FindOps$FindSink$OfRef
Event: 21.453 loading class java/util/stream/FindOps$FindSink
Event: 21.453 loading class java/util/stream/FindOps$FindSink done
Event: 21.453 loading class java/util/stream/FindOps$FindSink$OfRef done
Event: 21.453 loading class java/util/stream/FindOps$FindOp
Event: 21.453 loading class java/util/stream/FindOps$FindOp done
Event: 22.853 loading class java/util/WeakHashMap$1
Event: 22.853 loading class java/util/WeakHashMap$1 done


Dynamic libraries:
0x00007ff81ca50000 	/System/Library/Frameworks/Cocoa.framework/Versions/A/Cocoa
0x00007ff80834e000 	/System/Library/Frameworks/AppKit.framework/Versions/C/AppKit
0x00007ff80b8ad000 	/System/Library/Frameworks/CoreData.framework/Versions/A/CoreData
0x00007ff806765000 	/System/Library/Frameworks/Foundation.framework/Versions/C/Foundation
0x00007ff810ac9000 	/usr/lib/libSystem.B.dylib
0x00007ff8091e0000 	/System/Library/PrivateFrameworks/UIFoundation.framework/Versions/A/UIFoundation
0x00007ff8169fc000 	/System/Library/PrivateFrameworks/RemoteViewServices.framework/Versions/A/RemoteViewServices
0x00007ff80ed9c000 	/System/Library/PrivateFrameworks/XCTTargetBootstrap.framework/Versions/A/XCTTargetBootstrap
0x00007ff812995000 	/System/Library/PrivateFrameworks/InternationalSupport.framework/Versions/A/InternationalSupport
0x00007ff812a1f000 	/System/Library/PrivateFrameworks/UserActivity.framework/Versions/A/UserActivity
0x00007ff811d7c000 	/usr/lib/libspindump.dylib
0x00007ff80946e000 	/System/Library/Frameworks/UniformTypeIdentifiers.framework/Versions/A/UniformTypeIdentifiers
0x00007ff80d4d5000 	/usr/lib/libapp_launch_measurement.dylib
0x00007ff80c289000 	/System/Library/PrivateFrameworks/CoreAnalytics.framework/Versions/A/CoreAnalytics
0x00007ff80d4d8000 	/System/Library/PrivateFrameworks/CoreAutoLayout.framework/Versions/A/CoreAutoLayout
0x00007ff80e6f8000 	/System/Library/Frameworks/Metal.framework/Versions/A/Metal
0x00007ff80f414000 	/usr/lib/liblangid.dylib
0x00007ff80eda0000 	/System/Library/PrivateFrameworks/CoreSVG.framework/Versions/A/CoreSVG
0x00007ff80a835000 	/System/Library/PrivateFrameworks/SkyLight.framework/Versions/A/SkyLight
0x00007ff80abcb000 	/System/Library/Frameworks/CoreGraphics.framework/Versions/A/CoreGraphics
0x00007ff81706b000 	/System/Library/Frameworks/Accelerate.framework/Versions/A/Accelerate
0x00007ff8117f7000 	/System/Library/PrivateFrameworks/IconServices.framework/Versions/A/IconServices
0x00007ff80e6dd000 	/System/Library/Frameworks/IOSurface.framework/Versions/A/IOSurface
0x00007ff80c2b7000 	/usr/lib/libDiagnosticMessagesClient.dylib
0x00007ff8109e3000 	/usr/lib/libz.1.dylib
0x00007ff81a6dc000 	/System/Library/Frameworks/ApplicationServices.framework/Versions/A/ApplicationServices
0x00007ff80ed88000 	/System/Library/PrivateFrameworks/DFRFoundation.framework/Versions/A/DFRFoundation
0x00007ff807c3f000 	/usr/lib/libicucore.A.dylib
0x00007ff8136ba000 	/System/Library/Frameworks/AudioToolbox.framework/Versions/A/AudioToolbox
0x00007ff8129a1000 	/System/Library/PrivateFrameworks/DataDetectorsCore.framework/Versions/A/DataDetectorsCore
0x00007ff90e293000 	/System/Library/PrivateFrameworks/TextInput.framework/Versions/A/TextInput
0x00007ff80a7b9000 	/usr/lib/libMobileGestalt.dylib
0x00007ff80ea90000 	/System/Library/Frameworks/Carbon.framework/Versions/A/Frameworks/HIToolbox.framework/Versions/A/HIToolbox
0x00007ff80cf02000 	/System/Library/Frameworks/QuartzCore.framework/Versions/A/QuartzCore
0x00007ff8078df000 	/System/Library/Frameworks/Security.framework/Versions/A/Security
0x00007ff816a34000 	/System/Library/Frameworks/Carbon.framework/Versions/A/Frameworks/SpeechRecognition.framework/Versions/A/SpeechRecognition
0x00007ff80d235000 	/System/Library/PrivateFrameworks/CoreUI.framework/Versions/A/CoreUI
0x00007ff8071b7000 	/System/Library/Frameworks/CoreAudio.framework/Versions/A/CoreAudio
0x00007ff80c3a5000 	/System/Library/Frameworks/DiskArbitration.framework/Versions/A/DiskArbitration
0x00007ff81215f000 	/System/Library/PrivateFrameworks/MultitouchSupport.framework/Versions/A/MultitouchSupport
0x00007ff80a7b8000 	/usr/lib/libenergytrace.dylib
0x00007ff80823a000 	/System/Library/Frameworks/IOKit.framework/Versions/A/IOKit
0x00007ff816e20000 	/System/Library/Frameworks/CoreServices.framework/Versions/A/CoreServices
0x00007ff80d46f000 	/System/Library/PrivateFrameworks/PerformanceAnalysis.framework/Versions/A/PerformanceAnalysis
0x00007ffa1dd7a000 	/System/Library/Frameworks/OpenGL.framework/Versions/A/OpenGL
0x00007ff810010000 	/System/Library/PrivateFrameworks/MobileKeyBag.framework/Versions/A/MobileKeyBag
0x00007ff8057fd000 	/usr/lib/libobjc.A.dylib
0x00007ff80b2fa000 	/System/Library/Frameworks/ColorSync.framework/Versions/A/ColorSync
0x00007ff8059b9000 	/System/Library/Frameworks/CoreFoundation.framework/Versions/A/CoreFoundation
0x00007ff80f01b000 	/System/Library/Frameworks/CoreImage.framework/Versions/A/CoreImage
0x00007ff806fcd000 	/System/Library/Frameworks/CoreText.framework/Versions/A/CoreText
0x00007ff80edcf000 	/System/Library/Frameworks/ImageIO.framework/Versions/A/ImageIO
0x00007ff810acf000 	/System/Library/PrivateFrameworks/SoftLinking.framework/Versions/A/SoftLinking
0x00007ff80d520000 	/usr/lib/libxml2.2.dylib
0x00007ff8058c6000 	/usr/lib/libc++.1.dylib
0x00007ff810d50000 	/usr/lib/libcompression.dylib
0x00007ff8128cb000 	/System/Library/PrivateFrameworks/TextureIO.framework/Versions/A/TextureIO
0x00007ff811470000 	/usr/lib/libate.dylib
0x00007ff810ac4000 	/usr/lib/system/libcache.dylib
0x00007ff810a80000 	/usr/lib/system/libcommonCrypto.dylib
0x00007ff810aa9000 	/usr/lib/system/libcompiler_rt.dylib
0x00007ff810a9f000 	/usr/lib/system/libcopyfile.dylib
0x00007ff8056f7000 	/usr/lib/system/libcorecrypto.dylib
0x00007ff8057b6000 	/usr/lib/system/libdispatch.dylib
0x00007ff805978000 	/usr/lib/system/libdyld.dylib
0x00007ff810abb000 	/usr/lib/system/libkeymgr.dylib
0x00007ff810a5e000 	/usr/lib/system/libmacho.dylib
0x00007ff8100e4000 	/usr/lib/system/libquarantine.dylib
0x00007ff810ab9000 	/usr/lib/system/libremovefile.dylib
0x00007ff80a805000 	/usr/lib/system/libsystem_asl.dylib
0x00007ff8056a5000 	/usr/lib/system/libsystem_blocks.dylib
0x00007ff80583d000 	/usr/lib/system/libsystem_c.dylib
0x00007ff810ab1000 	/usr/lib/system/libsystem_collections.dylib
0x00007ff80f405000 	/usr/lib/system/libsystem_configuration.dylib
0x00007ff80e6c0000 	/usr/lib/system/libsystem_containermanager.dylib
0x00007ff810795000 	/usr/lib/system/libsystem_coreservices.dylib
0x00007ff807ec8000 	/usr/lib/system/libsystem_darwin.dylib
0x00007ff810abc000 	/usr/lib/system/libsystem_dnssd.dylib
0x00007ff80583a000 	/usr/lib/system/libsystem_featureflags.dylib
0x00007ff80598e000 	/usr/lib/system/libsystem_info.dylib
0x00007ff8109f6000 	/usr/lib/system/libsystem_m.dylib
0x00007ff80578a000 	/usr/lib/system/libsystem_malloc.dylib
0x00007ff80a7a2000 	/usr/lib/system/libsystem_networkextension.dylib
0x00007ff8082f0000 	/usr/lib/system/libsystem_notify.dylib
0x00007ff816cf5000 	/usr/lib/system/libsystem_product_info_filter.dylib
0x00007ff80f409000 	/usr/lib/system/libsystem_sandbox.dylib
0x00007ff810ab6000 	/usr/lib/system/libsystem_secinit.dylib
0x00007ff805935000 	/usr/lib/system/libsystem_kernel.dylib
0x00007ff805984000 	/usr/lib/system/libsystem_platform.dylib
0x00007ff80596c000 	/usr/lib/system/libsystem_pthread.dylib
0x00007ff80c0d0000 	/usr/lib/system/libsystem_symptoms.dylib
0x00007ff8056de000 	/usr/lib/system/libsystem_trace.dylib
0x00007ff810a8c000 	/usr/lib/system/libunwind.dylib
0x00007ff8056a7000 	/usr/lib/system/libxpc.dylib
0x00007ff80591f000 	/usr/lib/libc++abi.dylib
0x00007ff810a97000 	/usr/lib/liboah.dylib
0x00007ff811229000 	/usr/lib/liblzma.5.dylib
0x00007ff806476000 	/System/Library/Frameworks/SystemConfiguration.framework/Versions/A/SystemConfiguration
0x00007ff810acb000 	/usr/lib/libfakelink.dylib
0x00007ff80a30b000 	/System/Library/Frameworks/CFNetwork.framework/Versions/A/CFNetwork
0x00007ff810c0a000 	/usr/lib/libarchive.2.dylib
0x00007ff80f410000 	/System/Library/PrivateFrameworks/AppleSystemInfo.framework/Versions/A/AppleSystemInfo
0x00007ff81010b000 	/usr/lib/libbsm.0.dylib
0x00007ff809941000 	/usr/lib/libnetwork.dylib
0x00007ff810a64000 	/usr/lib/system/libkxld.dylib
0x00007ff80fd39000 	/System/Library/PrivateFrameworks/IOMobileFramebuffer.framework/Versions/A/IOMobileFramebuffer
0x00007ffb1b9e6000 	/usr/lib/libCoreEntitlements.dylib
0x00007ff810777000 	/System/Library/PrivateFrameworks/AppleFSCompression.framework/Versions/A/AppleFSCompression
0x00007ff8100f3000 	/usr/lib/libcoretls.dylib
0x00007ff811243000 	/usr/lib/libcoretls_cfhelpers.dylib
0x00007ff810d4b000 	/usr/lib/libpam.2.dylib
0x00007ff80bcf6000 	/usr/lib/libsqlite3.dylib
0x00007ff8112b2000 	/usr/lib/libxar.1.dylib
0x00007ff810787000 	/usr/lib/libbz2.1.0.dylib
0x00007ff810ad0000 	/usr/lib/libpcap.A.dylib
0x00007ff80c0c7000 	/usr/lib/libdns_services.dylib
0x00007ff810d1d000 	/usr/lib/libapple_nghttp2.dylib
0x00007ff810b07000 	/usr/lib/libiconv.2.dylib
0x00007ff810a5d000 	/usr/lib/libcharset.1.dylib
0x00007ff80d4a3000 	/System/Library/Frameworks/CoreServices.framework/Versions/A/Frameworks/FSEvents.framework/Versions/A/FSEvents
0x00007ff807ed2000 	/System/Library/Frameworks/CoreServices.framework/Versions/A/Frameworks/CarbonCore.framework/Versions/A/CarbonCore
0x00007ff80c30a000 	/System/Library/Frameworks/CoreServices.framework/Versions/A/Frameworks/Metadata.framework/Versions/A/Metadata
0x00007ff81079a000 	/System/Library/Frameworks/CoreServices.framework/Versions/A/Frameworks/OSServices.framework/Versions/A/OSServices
0x00007ff810c91000 	/System/Library/Frameworks/CoreServices.framework/Versions/A/Frameworks/SearchKit.framework/Versions/A/SearchKit
0x00007ff80c059000 	/System/Library/Frameworks/CoreServices.framework/Versions/A/Frameworks/AE.framework/Versions/A/AE
0x00007ff805eba000 	/System/Library/Frameworks/CoreServices.framework/Versions/A/Frameworks/LaunchServices.framework/Versions/A/LaunchServices
0x00007ff8111da000 	/System/Library/Frameworks/CoreServices.framework/Versions/A/Frameworks/DictionaryServices.framework/Versions/A/DictionaryServices
0x00007ff80d4b0000 	/System/Library/Frameworks/CoreServices.framework/Versions/A/Frameworks/SharedFileList.framework/Versions/A/SharedFileList
0x00007ff8100e7000 	/usr/lib/libCheckFix.dylib
0x00007ff80a81c000 	/System/Library/PrivateFrameworks/TCC.framework/Versions/A/TCC
0x00007ff80f416000 	/System/Library/PrivateFrameworks/CoreNLP.framework/Versions/A/CoreNLP
0x00007ff80c2ba000 	/System/Library/PrivateFrameworks/MetadataUtilities.framework/Versions/A/MetadataUtilities
0x00007ff806526000 	/usr/lib/libmecabra.dylib
0x00007ff81011b000 	/usr/lib/libmecab.dylib
0x00007ff8064f1000 	/usr/lib/libCRFSuite.dylib
0x00007ff810178000 	/usr/lib/libgermantok.dylib
0x00007ff810cf8000 	/usr/lib/libThaiTokenizer.dylib
0x00007ff80c3ac000 	/System/Library/Frameworks/Accelerate.framework/Versions/A/Frameworks/vImage.framework/Versions/A/vImage
0x00007ff816df7000 	/System/Library/Frameworks/Accelerate.framework/Versions/A/Frameworks/vecLib.framework/Versions/A/vecLib
0x00007ff8112f3000 	/System/Library/Frameworks/Accelerate.framework/Versions/A/Frameworks/vecLib.framework/Versions/A/libvMisc.dylib
0x00007ff80fb2d000 	/System/Library/Frameworks/Accelerate.framework/Versions/A/Frameworks/vecLib.framework/Versions/A/libvDSP.dylib
0x00007ff806232000 	/System/Library/Frameworks/Accelerate.framework/Versions/A/Frameworks/vecLib.framework/Versions/A/libBLAS.dylib
0x00007ff810e2d000 	/System/Library/Frameworks/Accelerate.framework/Versions/A/Frameworks/vecLib.framework/Versions/A/libLAPACK.dylib
0x00007ff81017b000 	/System/Library/Frameworks/Accelerate.framework/Versions/A/Frameworks/vecLib.framework/Versions/A/libLinearAlgebra.dylib
0x00007ff810d36000 	/System/Library/Frameworks/Accelerate.framework/Versions/A/Frameworks/vecLib.framework/Versions/A/libSparseBLAS.dylib
0x00007ff810e27000 	/System/Library/Frameworks/Accelerate.framework/Versions/A/Frameworks/vecLib.framework/Versions/A/libQuadrature.dylib
0x00007ff80f500000 	/System/Library/Frameworks/Accelerate.framework/Versions/A/Frameworks/vecLib.framework/Versions/A/libBNNS.dylib
0x00007ff806407000 	/System/Library/Frameworks/Accelerate.framework/Versions/A/Frameworks/vecLib.framework/Versions/A/libSparse.dylib
0x00007ff80f4f9000 	/System/Library/PrivateFrameworks/LinguisticData.framework/Versions/A/LinguisticData
0x00007ff8063bc000 	/System/Library/PrivateFrameworks/Lexicon.framework/Versions/A/Lexicon
0x00007ff8112ec000 	/usr/lib/libChineseTokenizer.dylib
0x00007ff806b20000 	/System/Library/PrivateFrameworks/LanguageModeling.framework/Versions/A/LanguageModeling
0x00007ff810cfa000 	/System/Library/PrivateFrameworks/AppleSauce.framework/Versions/A/AppleSauce
0x00007ff80fd27000 	/System/Library/PrivateFrameworks/CoreEmoji.framework/Versions/A/CoreEmoji
0x00007ff810bf9000 	/usr/lib/libcmph.dylib
0x00007ff80d487000 	/System/Library/Frameworks/OpenDirectory.framework/Versions/A/Frameworks/CFOpenDirectory.framework/Versions/A/CFOpenDirectory
0x00007ff80d47b000 	/System/Library/Frameworks/OpenDirectory.framework/Versions/A/OpenDirectory
0x00007ff811245000 	/System/Library/PrivateFrameworks/APFS.framework/Versions/A/APFS
0x00007ff810048000 	/System/Library/Frameworks/SecurityFoundation.framework/Versions/A/SecurityFoundation
0x00007ff8112c0000 	/usr/lib/libutil.dylib
0x00007ff8081fd000 	/System/Library/PrivateFrameworks/CoreServicesStore.framework/Versions/A/CoreServicesStore
0x00007ff8112c4000 	/usr/lib/libxslt.1.dylib
0x00007ff8100d5000 	/System/Library/PrivateFrameworks/BackgroundTaskManagement.framework/Versions/A/BackgroundTaskManagement
0x00007ff8127ed000 	/System/Library/Frameworks/ImageIO.framework/Versions/A/Resources/libRadiance.dylib
0x00007ff8127f6000 	/System/Library/Frameworks/ImageIO.framework/Versions/A/Resources/libJPEG.dylib
0x00007ff812747000 	/System/Library/Frameworks/ImageIO.framework/Versions/A/Resources/libPng.dylib
0x00007ff812768000 	/System/Library/Frameworks/ImageIO.framework/Versions/A/Resources/libTIFF.dylib
0x00007ff812854000 	/System/Library/Frameworks/ImageIO.framework/Versions/A/Resources/libGIF.dylib
0x00007ff81207c000 	/System/Library/Frameworks/ImageIO.framework/Versions/A/Resources/libJP2.dylib
0x00007ff8117be000 	/usr/lib/libexpat.1.dylib
0x00007ff812031000 	/System/Library/PrivateFrameworks/AppleJPEG.framework/Versions/A/AppleJPEG
0x00007ff80e953000 	/System/Library/PrivateFrameworks/FontServices.framework/libFontParser.dylib
0x00007ff80c003000 	/System/Library/PrivateFrameworks/RunningBoardServices.framework/Versions/A/RunningBoardServices
0x00007ff81cfcc000 	/System/Library/PrivateFrameworks/IOSurfaceAccelerator.framework/Versions/A/IOSurfaceAccelerator
0x00007ff81215b000 	/System/Library/PrivateFrameworks/WatchdogClient.framework/Versions/A/WatchdogClient
0x00007ff806c0f000 	/System/Library/Frameworks/CoreDisplay.framework/Versions/A/CoreDisplay
0x00007ff80e852000 	/System/Library/Frameworks/CoreMedia.framework/Versions/A/CoreMedia
0x00007ff80e6ef000 	/System/Library/PrivateFrameworks/IOAccelerator.framework/Versions/A/IOAccelerator
0x00007ff80d603000 	/System/Library/Frameworks/CoreVideo.framework/Versions/A/CoreVideo
0x00007ff810d49000 	/System/Library/Frameworks/MetalPerformanceShaders.framework/Versions/A/MetalPerformanceShaders
0x00007ff812196000 	/System/Library/Frameworks/VideoToolbox.framework/Versions/A/VideoToolbox
0x00007ff80bf4b000 	/System/Library/PrivateFrameworks/BaseBoard.framework/Versions/A/BaseBoard
0x00007ff80bcdc000 	/System/Library/PrivateFrameworks/ProtocolBuffer.framework/Versions/A/ProtocolBuffer
0x00007ff8127e6000 	/System/Library/PrivateFrameworks/GPUWrangler.framework/Versions/A/GPUWrangler
0x00007ff8127c9000 	/System/Library/PrivateFrameworks/IOPresentment.framework/Versions/A/IOPresentment
0x00007ff8127f0000 	/System/Library/PrivateFrameworks/DSExternalDisplay.framework/Versions/A/DSExternalDisplay
0x00007ffa1dd6e000 	/System/Library/Frameworks/OpenGL.framework/Versions/A/Libraries/libCoreFSCache.dylib
0x00007ffb09c56000 	/System/Library/PrivateFrameworks/GPUCompiler.framework/Versions/31001/Libraries/libGPUCompilerUtils.dylib
0x00007ff812859000 	/System/Library/PrivateFrameworks/CMCaptureCore.framework/Versions/A/CMCaptureCore
0x00007ff811d6a000 	/System/Library/PrivateFrameworks/AppServerSupport.framework/Versions/A/AppServerSupport
0x00007ff813f40000 	/System/Library/PrivateFrameworks/perfdata.framework/Versions/A/perfdata
0x00007ff806d3b000 	/System/Library/PrivateFrameworks/AudioToolboxCore.framework/Versions/A/AudioToolboxCore
0x00007ff80e82f000 	/System/Library/PrivateFrameworks/caulk.framework/Versions/A/caulk
0x00007ff813864000 	/usr/lib/libAudioStatistics.dylib
0x00007ff90ab21000 	/System/Library/PrivateFrameworks/SystemPolicy.framework/Versions/A/SystemPolicy
0x00007ff813ab9000 	/usr/lib/libSMC.dylib
0x00007ff81c903000 	/System/Library/Frameworks/CoreMIDI.framework/Versions/A/CoreMIDI
0x00007ff812717000 	/usr/lib/libAudioToolboxUtility.dylib
0x00007ff906f33000 	/System/Library/PrivateFrameworks/OSAServicesClient.framework/Versions/A/OSAServicesClient
0x00007ff813f4d000 	/usr/lib/libperfcheck.dylib
0x00007ff90b5b3000 	/usr/lib/libmis.dylib
0x00007ffa1ddca000 	/System/Library/Frameworks/OpenGL.framework/Versions/A/Libraries/libGLU.dylib
0x00007ffa1dd8d000 	/System/Library/Frameworks/OpenGL.framework/Versions/A/Libraries/libGFXShared.dylib
0x00007ffa1df9b000 	/System/Library/Frameworks/OpenGL.framework/Versions/A/Libraries/libGL.dylib
0x00007ffa1dd96000 	/System/Library/Frameworks/OpenGL.framework/Versions/A/Libraries/libGLImage.dylib
0x00007ffa1dd8a000 	/System/Library/Frameworks/OpenGL.framework/Versions/A/Libraries/libCVMSPluginSupport.dylib
0x00007ffa1dd75000 	/System/Library/Frameworks/OpenGL.framework/Versions/A/Libraries/libCoreVMClient.dylib
0x00007ff80f394000 	/System/Library/Frameworks/MetalPerformanceShaders.framework/Versions/A/Frameworks/MPSCore.framework/Versions/A/MPSCore
0x00007ff8106e2000 	/System/Library/Frameworks/MetalPerformanceShaders.framework/Versions/A/Frameworks/MPSImage.framework/Versions/A/MPSImage
0x00007ff810191000 	/System/Library/Frameworks/MetalPerformanceShaders.framework/Versions/A/Frameworks/MPSNeuralNetwork.framework/Versions/A/MPSNeuralNetwork
0x00007ff810606000 	/System/Library/Frameworks/MetalPerformanceShaders.framework/Versions/A/Frameworks/MPSMatrix.framework/Versions/A/MPSMatrix
0x00007ff8103c2000 	/System/Library/Frameworks/MetalPerformanceShaders.framework/Versions/A/Frameworks/MPSRayIntersector.framework/Versions/A/MPSRayIntersector
0x00007ff81063f000 	/System/Library/Frameworks/MetalPerformanceShaders.framework/Versions/A/Frameworks/MPSNDArray.framework/Versions/A/MPSNDArray
0x00007ffa2298f000 	/System/Library/Frameworks/MetalPerformanceShaders.framework/Versions/A/Frameworks/MPSFunctions.framework/Versions/A/MPSFunctions
0x00007ff806115000 	/System/Library/PrivateFrameworks/MetalTools.framework/Versions/A/MetalTools
0x00007ff80f40e000 	/System/Library/PrivateFrameworks/AggregateDictionary.framework/Versions/A/AggregateDictionary
0x00007ff8115a0000 	/usr/lib/libIOReport.dylib
0x00007ffa1f3aa000 	/System/Library/Frameworks/OpenCL.framework/Versions/A/OpenCL
0x00007ff811904000 	/System/Library/PrivateFrameworks/FaceCore.framework/Versions/A/FaceCore
0x00007ff8118f5000 	/System/Library/PrivateFrameworks/GraphVisualizer.framework/Versions/A/GraphVisualizer
0x00007ffb09b61000 	/System/Library/PrivateFrameworks/FontServices.framework/Versions/A/FontServices
0x00007ff811d21000 	/System/Library/PrivateFrameworks/OTSVG.framework/Versions/A/OTSVG
0x00007ff80d1eb000 	/System/Library/Frameworks/ApplicationServices.framework/Versions/A/Frameworks/ATS.framework/Versions/A/Resources/libFontRegistry.dylib
0x00007ff811d72000 	/System/Library/PrivateFrameworks/FontServices.framework/libhvf.dylib
0x00007ffb09b62000 	/System/Library/PrivateFrameworks/FontServices.framework/libXTFontStaticRegistryData.dylib
0x00007ff81176e000 	/System/Library/PrivateFrameworks/AppleVA.framework/Versions/A/AppleVA
0x00007ff813888000 	/System/Library/Frameworks/ApplicationServices.framework/Versions/A/Frameworks/ATS.framework/Versions/A/ATS
0x00007ff80b3f6000 	/System/Library/Frameworks/ApplicationServices.framework/Versions/A/Frameworks/HIServices.framework/Versions/A/HIServices
0x00007ff812863000 	/System/Library/Frameworks/ApplicationServices.framework/Versions/A/Frameworks/PrintCore.framework/Versions/A/PrintCore
0x00007ff813c0c000 	/System/Library/Frameworks/ApplicationServices.framework/Versions/A/Frameworks/QD.framework/Versions/A/QD
0x00007ff813c04000 	/System/Library/Frameworks/ApplicationServices.framework/Versions/A/Frameworks/ColorSyncLegacy.framework/Versions/A/ColorSyncLegacy
0x00007ff813878000 	/System/Library/Frameworks/ApplicationServices.framework/Versions/A/Frameworks/SpeechSynthesis.framework/Versions/A/SpeechSynthesis
0x00007ff812824000 	/System/Library/Frameworks/ApplicationServices.framework/Versions/A/Frameworks/ATSUI.framework/Versions/A/ATSUI
0x00007ff813b99000 	/usr/lib/libcups.2.dylib
0x00007ff813f5c000 	/System/Library/Frameworks/Kerberos.framework/Versions/A/Kerberos
0x00007ff813f6b000 	/System/Library/Frameworks/GSS.framework/Versions/A/GSS
0x00007ff8138f4000 	/usr/lib/libresolv.9.dylib
0x00007ff811d81000 	/System/Library/PrivateFrameworks/Heimdal.framework/Versions/A/Heimdal
0x00007ff81aa59000 	/System/Library/Frameworks/Kerberos.framework/Versions/A/Libraries/libHeimdalProxy.dylib
0x00007ff80c0d8000 	/System/Library/Frameworks/Network.framework/Versions/A/Network
0x00007ff8117d8000 	/usr/lib/libheimdal-asn1.dylib
0x00007ff813fb7000 	/System/Library/PrivateFrameworks/CommonAuth.framework/Versions/A/CommonAuth
0x00007ff8137f5000 	/System/Library/PrivateFrameworks/AudioSession.framework/Versions/A/AudioSession
0x00007ff811868000 	/System/Library/PrivateFrameworks/MediaExperience.framework/Versions/A/MediaExperience
0x00007ff813689000 	/System/Library/PrivateFrameworks/AudioSession.framework/libSessionUtility.dylib
0x00007ff813c18000 	/System/Library/PrivateFrameworks/AudioResourceArbitration.framework/Versions/A/AudioResourceArbitration
0x00007ff817c0a000 	/System/Library/PrivateFrameworks/PowerLog.framework/Versions/A/PowerLog
0x00007ff8117e1000 	/System/Library/PrivateFrameworks/IconFoundation.framework/Versions/A/IconFoundation
0x00007ff816a24000 	/System/Library/PrivateFrameworks/SpeechRecognitionCore.framework/Versions/A/SpeechRecognitionCore
0x0000000109c41000 	/Library/Java/JavaVirtualMachines/jdk-10.0.2.jdk/Contents/Home/lib/server/libjvm.dylib
0x00007ffb1c480000 	/usr/lib/libstdc++.6.dylib
0x0000000108efd000 	/Library/Java/JavaVirtualMachines/jdk-10.0.2.jdk/Contents/Home/lib/libverify.dylib
0x0000000108f9e000 	/Library/Java/JavaVirtualMachines/jdk-10.0.2.jdk/Contents/Home/lib/libjava.dylib
0x0000000109012000 	/Library/Java/JavaVirtualMachines/jdk-10.0.2.jdk/Contents/Home/lib/libinstrument.dylib
0x0000000108f72000 	/Library/Java/JavaVirtualMachines/jdk-10.0.2.jdk/Contents/Home/lib/libzip.dylib
0x0000000108f88000 	/Library/Java/JavaVirtualMachines/jdk-10.0.2.jdk/Contents/Home/lib/libjimage.dylib
0x0000000108f31000 	/Library/Java/JavaVirtualMachines/jdk-10.0.2.jdk/Contents/Home/lib/libnio.dylib
0x000000010975d000 	/Library/Java/JavaVirtualMachines/jdk-10.0.2.jdk/Contents/Home/lib/libnet.dylib
0x0000000109913000 	/Library/Java/JavaVirtualMachines/jdk-10.0.2.jdk/Contents/Home/lib/libprism_es2.dylib
0x00007ff8081be000 	/System/Library/PrivateFrameworks/CoreServicesInternal.framework/Versions/A/CoreServicesInternal
0x00007ffa1dfa6000 	/System/Library/Frameworks/OpenGL.framework/Versions/A/Resources/GLEngine.bundle/GLEngine
0x00007ffa1de08000 	/System/Library/Frameworks/OpenGL.framework/Versions/A/Libraries/libGLProgrammability.dylib
0x000000013da11000 	/System/Library/Extensions/AppleMetalOpenGLRenderer.bundle/Contents/MacOS/AppleMetalOpenGLRenderer
0x00007ffa1e135000 	/System/Library/Frameworks/OpenGL.framework/Versions/A/Resources/GLRendererFloat.bundle/GLRendererFloat
0x00007ffa13d2a000 	/System/Library/Extensions/AGXMetalG13X.bundle/Contents/MacOS/AGXMetalG13X
0x00007ff90b5ce000 	/System/Library/PrivateFrameworks/GPURawCounter.framework/Versions/A/GPURawCounter
0x00007ff9060fe000 	/System/Library/PrivateFrameworks/IOGPU.framework/Versions/A/IOGPU
0x0000000109b55000 	/Library/Java/JavaVirtualMachines/jdk-10.0.2.jdk/Contents/Home/lib/libglass.dylib
0x00007ff8181fb000 	/System/Library/Frameworks/FileProvider.framework/Versions/A/FileProvider
0x00007ff80beb7000 	/System/Library/Frameworks/Accounts.framework/Versions/A/Accounts
0x00007ff818373000 	/System/Library/PrivateFrameworks/GenerationalStorage.framework/Versions/A/GenerationalStorage
0x00007ff818e85000 	/System/Library/PrivateFrameworks/CoreSymbolication.framework/Versions/A/CoreSymbolication
0x00007ff817bff000 	/System/Library/PrivateFrameworks/SymptomDiagnosticReporter.framework/Versions/A/SymptomDiagnosticReporter
0x00007ff809482000 	/System/Library/PrivateFrameworks/DesktopServicesPriv.framework/Versions/A/DesktopServicesPriv
0x00007ff8082ff000 	/usr/lib/libsandbox.1.dylib
0x00007ff80d682000 	/System/Library/PrivateFrameworks/UserManagement.framework/Versions/A/UserManagement
0x00007ff818e4a000 	/System/Library/PrivateFrameworks/DebugSymbols.framework/Versions/A/DebugSymbols
0x00007ff813bf9000 	/System/Library/PrivateFrameworks/NetAuth.framework/Versions/A/NetAuth
0x00007ff814ae8000 	/System/Library/PrivateFrameworks/Sharing.framework/Versions/A/Sharing
0x00007ff80d655000 	/System/Library/PrivateFrameworks/login.framework/Versions/A/Frameworks/loginsupport.framework/Versions/A/loginsupport
0x00007ff819f8b000 	/System/Library/PrivateFrameworks/Apple80211.framework/Versions/A/Apple80211
0x00007ff8107c7000 	/System/Library/PrivateFrameworks/AuthKit.framework/Versions/A/AuthKit
0x00007ff80fe1d000 	/System/Library/PrivateFrameworks/CoreUtils.framework/Versions/A/CoreUtils
0x00007ff80fd44000 	/System/Library/Frameworks/CoreWLAN.framework/Versions/A/CoreWLAN
0x00007ff814c43000 	/System/Library/Frameworks/IOBluetooth.framework/Versions/A/IOBluetooth
0x00007ff819ff3000 	/System/Library/PrivateFrameworks/CoreWiFi.framework/Versions/A/CoreWiFi
0x00007ff818a1f000 	/System/Library/PrivateFrameworks/FrontBoardServices.framework/Versions/A/FrontBoardServices
0x00007ff818ab1000 	/System/Library/PrivateFrameworks/BoardServices.framework/Versions/A/BoardServices
0x00007ff810037000 	/System/Library/PrivateFrameworks/AssertionServices.framework/Versions/A/AssertionServices
0x00007ff81a177000 	/System/Library/PrivateFrameworks/BackBoardServices.framework/Versions/A/BackBoardServices
0x00007ff814046000 	/System/Library/PrivateFrameworks/CorePhoneNumbers.framework/Versions/A/CorePhoneNumbers
0x00007ff817d1c000 	/System/Library/PrivateFrameworks/DiskManagement.framework/Versions/A/DiskManagement
0x00007ff817c30000 	/System/Library/PrivateFrameworks/AppleIDAuthSupport.framework/Versions/A/AppleIDAuthSupport
0x00007ffa24948000 	/System/Library/PrivateFrameworks/AAAFoundation.framework/Versions/A/AAAFoundation
0x00007ff814027000 	/System/Library/PrivateFrameworks/KeychainCircle.framework/Versions/A/KeychainCircle
0x00007ff817ce8000 	/System/Library/PrivateFrameworks/MediaKit.framework/Versions/A/MediaKit
0x00007ff817c3c000 	/System/Library/Frameworks/DiscRecording.framework/Versions/A/DiscRecording
0x00007ff8116e6000 	/usr/lib/libCoreStorage.dylib
0x00007ff81a466000 	/usr/lib/libcsfde.dylib
0x00007ff814d10000 	/System/Library/PrivateFrameworks/ProtectedCloudStorage.framework/Versions/A/ProtectedCloudStorage
0x00007ff81a462000 	/System/Library/PrivateFrameworks/EFILogin.framework/Versions/A/EFILogin
0x00007ff818399000 	/System/Library/PrivateFrameworks/OctagonTrust.framework/Versions/A/OctagonTrust
0x00007ffb08e83000 	/System/Library/PrivateFrameworks/CoreUtilsExtras.framework/Versions/A/CoreUtilsExtras
0x00007ff817b72000 	/System/Library/Frameworks/CoreBluetooth.framework/Versions/A/CoreBluetooth
0x00007ff81aade000 	/System/Library/Frameworks/AudioUnit.framework/Versions/A/AudioUnit
0x00007ff8116de000 	/usr/lib/libMatch.1.dylib
0x00007ff90fa17000 	/System/Library/Frameworks/Accelerate.framework/Versions/A/Frameworks/vImage.framework/Versions/A/Libraries/libCGInterfaces.dylib
0x000000013f52f000 	/usr/lib/libobjc-trampolines.dylib
0x00007ff80d37b000 	/System/Library/PrivateFrameworks/ViewBridge.framework/Versions/A/ViewBridge
0x00000001412ff000 	/Library/Java/JavaVirtualMachines/jdk-10.0.2.jdk/Contents/Home/lib/libjavafx_font.dylib
0x000000014139d000 	/Library/Java/JavaVirtualMachines/jdk-10.0.2.jdk/Contents/Home/lib/libawt.dylib
0x00000001414e4000 	/Library/Java/JavaVirtualMachines/jdk-10.0.2.jdk/Contents/Home/lib/libmlib_image.dylib
0x00007ffa228f1000 	/System/Library/Frameworks/JavaNativeFoundation.framework/Versions/A/JavaNativeFoundation
0x00007ffa228fd000 	/System/Library/Frameworks/JavaRuntimeSupport.framework/Versions/A/JavaRuntimeSupport
0x00007ff90a66a000 	/System/Library/Frameworks/Carbon.framework/Versions/A/Carbon
0x00007ff81e31f000 	/System/Library/Frameworks/Carbon.framework/Versions/A/Frameworks/CommonPanels.framework/Versions/A/CommonPanels
0x00007ff81a45e000 	/System/Library/Frameworks/Carbon.framework/Versions/A/Frameworks/Help.framework/Versions/A/Help
0x00007ff81e323000 	/System/Library/Frameworks/Carbon.framework/Versions/A/Frameworks/ImageCapture.framework/Versions/A/ImageCapture
0x00007ff81e2f3000 	/System/Library/Frameworks/Carbon.framework/Versions/A/Frameworks/OpenScripting.framework/Versions/A/OpenScripting
0x00007ff81e31b000 	/System/Library/Frameworks/Carbon.framework/Versions/A/Frameworks/Ink.framework/Versions/A/Ink
0x00007ff90a666000 	/System/Library/Frameworks/Carbon.framework/Versions/A/Frameworks/Print.framework/Versions/A/Print
0x00007ff81e317000 	/System/Library/Frameworks/Carbon.framework/Versions/A/Frameworks/SecurityHI.framework/Versions/A/SecurityHI
0x0000000141668000 	/Library/Java/JavaVirtualMachines/jdk-10.0.2.jdk/Contents/Home/lib/libawt_lwawt.dylib
0x0000000141335000 	/Library/Java/JavaVirtualMachines/jdk-10.0.2.jdk/Contents/Home/lib/libosxapp.dylib
0x00007ff909aa3000 	/System/Library/Frameworks/ExceptionHandling.framework/Versions/A/ExceptionHandling
0x00000001417e5000 	/Library/Java/JavaVirtualMachines/jdk-10.0.2.jdk/Contents/Home/lib/libfontmanager.dylib
0x00007ff811e3b000 	/System/Library/PrivateFrameworks/login.framework/Versions/A/login
0x00007ffb1baf8000 	/usr/lib/libRosetta.dylib
0x00007ff8170ef000 	/System/Library/PrivateFrameworks/SystemAdministration.framework/Versions/A/SystemAdministration
0x00007ff812a8b000 	/System/Library/Frameworks/MediaToolbox.framework/Versions/A/MediaToolbox
0x00007ff8169f0000 	/System/Library/Frameworks/DirectoryService.framework/Versions/A/DirectoryService
0x00007ff81a304000 	/System/Library/PrivateFrameworks/DiskImages.framework/Versions/A/DiskImages
0x00007ff8100df000 	/System/Library/Frameworks/ServiceManagement.framework/Versions/A/ServiceManagement
0x00007ff81a4de000 	/System/Library/PrivateFrameworks/LoginUIKit.framework/Versions/A/Frameworks/LoginUICore.framework/Versions/A/LoginUICore
0x00007ff811fe9000 	/usr/lib/libodfde.dylib
0x00007ff8181cb000 	/System/Library/PrivateFrameworks/CoreAVCHD.framework/Versions/A/CoreAVCHD
0x00007ff8170b3000 	/System/Library/Frameworks/MediaAccessibility.framework/Versions/A/MediaAccessibility
0x00007ff8181c7000 	/System/Library/PrivateFrameworks/Mangrove.framework/Versions/A/Mangrove
0x00007ff8170be000 	/System/Library/PrivateFrameworks/AlgosScoreFramework.framework/Versions/A/AlgosScoreFramework
0x00007ffb062c8000 	/System/Library/PrivateFrameworks/CMPhoto.framework/Versions/A/CMPhoto
0x00007ff818d20000 	/System/Library/PrivateFrameworks/AppleVPA.framework/Versions/A/AppleVPA
0x00007ff817e0c000 	/System/Library/PrivateFrameworks/CoreAUC.framework/Versions/A/CoreAUC
0x00007ff81a472000 	/usr/lib/libcurl.4.dylib
0x00007ff81a1cf000 	/usr/lib/libcrypto.44.dylib
0x00007ff81a2d7000 	/usr/lib/libssl.46.dylib
0x00007ff81a195000 	/System/Library/Frameworks/LDAP.framework/Versions/A/LDAP
0x00007ff81a1cd000 	/System/Library/PrivateFrameworks/TrustEvaluationAgent.framework/Versions/A/TrustEvaluationAgent
0x00007ff81390d000 	/usr/lib/libsasl2.2.dylib
0x00007ff8170e3000 	/System/Library/PrivateFrameworks/CoreDaemon.framework/Versions/B/CoreDaemon
0x00007ff8170de000 	/System/Library/PrivateFrameworks/AppleSRP.framework/Versions/A/AppleSRP


VM Arguments:
jvm_args: -javaagent:/Applications/IntelliJ IDEA.app/Contents/lib/idea_rt.jar=54864:/Applications/IntelliJ IDEA.app/Contents/bin -Dfile.encoding=UTF-8 
java_command: proj4TymkiwYuLoverude.Main
java_class_path (initial): /Users/tymkiwinky23/IdeaProjects/proj4TymkiwYuLoverude/out/production/proj4TymkiwYuLoverude:/Users/tymkiwinky23/IdeaProjects/proj4TymkiwYuLoverude/richtextfx-fat-0.10.7.jar
Launcher Type: SUN_STANDARD

Logging:
Log output configuration:
#0: stdout all=warning uptime,level,tags
#1: stderr all=off uptime,level,tags

Environment Variables:
PATH=/opt/homebrew/bin:/Library/Frameworks/Python.framework/Versions/3.10/bin:/usr/local/bin:/usr/bin:/bin:/usr/sbin:/sbin
SHELL=/bin/zsh

Signal Handlers:
SIGSEGV: [libjvm.dylib+0x79ac14], sa_mask[0]=11111111111111111111111111111111, sa_flags=SA_ONSTACK|SA_RESTART|SA_SIGINFO
SIGBUS: [libjvm.dylib+0x79ac14], sa_mask[0]=11111111111111111111111111111111, sa_flags=SA_RESTART|SA_SIGINFO
SIGFPE: [libjvm.dylib+0x79ac14], sa_mask[0]=11111111111111111111111111111111, sa_flags=SA_RESTART|SA_SIGINFO
SIGPIPE: [libjvm.dylib+0x635960], sa_mask[0]=11111111111111111111111111111111, sa_flags=SA_RESTART|SA_SIGINFO
SIGXFSZ: [libjvm.dylib+0x635960], sa_mask[0]=11111111111111111111111111111111, sa_flags=SA_RESTART|SA_SIGINFO
SIGILL: [libjvm.dylib+0x79ac14], sa_mask[0]=11111111111111111111111111111111, sa_flags=SA_RESTART|SA_SIGINFO
SIGUSR2: [libjvm.dylib+0x6361f0], sa_mask[0]=00100000000000000000000000000000, sa_flags=SA_RESTART|SA_SIGINFO
SIGHUP: [libjvm.dylib+0x6349db], sa_mask[0]=11111111111111111111111111111111, sa_flags=SA_RESTART|SA_SIGINFO
SIGINT: [libjvm.dylib+0x6349db], sa_mask[0]=11111111111111111111111111111111, sa_flags=SA_RESTART|SA_SIGINFO
SIGTERM: [libjvm.dylib+0x6349db], sa_mask[0]=11111111111111111111111111111111, sa_flags=SA_RESTART|SA_SIGINFO
SIGQUIT: [libjvm.dylib+0x6349db], sa_mask[0]=11111111111111111111111111111111, sa_flags=SA_RESTART|SA_SIGINFO


---------------  S Y S T E M  ---------------

OS:uname:Darwin 21.3.0 Darwin Kernel Version 21.3.0: Wed Jan  5 21:37:58 PST 2022; root:xnu-8019.80.24~20/RELEASE_ARM64_T6000 x86_64
rlimit: STACK 8176k, CORE 0k, NPROC 5333, NOFILE 10240, AS infinity, DATA infinity, FSIZE infinity
load average:4.30 3.84 3.57

CPU:total 8 (initial active 8) (1 cores per cpu, 1 threads per core) family 6 model 44 stepping 0, cmov, cx8, fxsr, mmx, sse, sse2, sse3, ssse3, sse4.1, sse4.2, popcnt, aes, clmul, tsc, tscinvbit, tscinv

Memory: 4k page, physical 33554432k(24524k free)

vm_info: Java HotSpot(TM) 64-Bit Server VM (10.0.2+13) for bsd-amd64 JRE (10.0.2+13), built on Jun 28 2018 00:49:51 by "mach5one" with gcc 4.2.1 Compatible Apple LLVM 6.1.0 (clang-602.0.49)

END.
